#
# A fatal error has been detected by the Java Runtime Environment:
#
#  EXCEPTION_ACCESS_VIOLATION (0xc0000005) at pc=0x000001e1d37318cf, pid=9444, tid=14480
#
# JRE version: OpenJDK Runtime Environment Temurin-23.0.1+11 (23.0.1+11) (build 23.0.1+11)
# Java VM: OpenJDK 64-Bit Server VM Temurin-23.0.1+11 (23.0.1+11, mixed mode, emulated-client, sharing, tiered, compressed oops, compressed class ptrs, g1 gc, windows-amd64)
# Problematic frame:
# v  ~MethodHandlesAdapterBlob 0x000001e1d37318cf
#
# No core dump will be written. Minidumps are not enabled by default on client versions of Windows
#
# If you would like to submit a bug report, please visit:
#   https://github.com/adoptium/adoptium-support/issues
#

---------------  S U M M A R Y ------------

Command Line: -XX:+ShowCodeDetailsInExceptionMessages -agentlib:jdwp=transport=dt_socket,suspend=y,address=localhost:55265 -Dcom.sun.management.jmxremote -Dcom.sun.management.jmxremote.port=55264 -Dcom.sun.management.jmxremote.authenticate=false -Dcom.sun.management.jmxremote.ssl=false -Djava.rmi.server.hostname=localhost -Dspring.jmx.enabled=true -Dmanagement.endpoints.jmx.exposure.include=* -Dspring.application.admin.enabled=true -XX:TieredStopAtLevel=1 -Dspring.boot.project.name=Electronic-Store -javaagent:C:\Users\Saurabh Karn\eclipse\jee-2024-092\eclipse\configuration\org.eclipse.osgi\446\0\.cp\lib\javaagent-shaded.jar -Dfile.encoding=UTF-8 -Dstdout.encoding=UTF-8 -Dstderr.encoding=UTF-8 com.lcwd.electronic.store.ElectronicStoreApplication --spring.output.ansi.enabled=always

Host: 11th Gen Intel(R) Core(TM) i3-1115G4 @ 3.00GHz, 4 cores, 7G,  Windows 11 , 64 bit Build 26100 (10.0.26100.3037)
Time: Fri Jan 31 14:15:06 2025 India Standard Time elapsed time: 11452.680003 seconds (0d 3h 10m 52s)

---------------  T H R E A D  ---------------

Current thread (0x000001e1c881c8f0):  JavaThread "restartedMain"        [_thread_in_Java, id=14480, stack(0x0000001255b00000,0x0000001255c00000) (1024K)]

Stack: [0x0000001255b00000,0x0000001255c00000],  sp=0x0000001255bfc628,  free space=1009k
Native frames: (J=compiled Java code, j=interpreted, Vv=VM code, C=native code)
C  0x000001e1d37318cf  (no source info available)

The last pc belongs to _linkToSpecial (printed below).

siginfo: EXCEPTION_ACCESS_VIOLATION (0xc0000005), reading address 0xfffffffffffffff7


Registers:
RAX=0x000001e1d3708f26, RBX=0x000000008bc89938, RCX=0xfffffffffffffff7, RDX=0x0000000000000002
RSP=0x0000001255bfc628, RBP=0x0000001255bfc678, RSI=0x000001e1c93460e8, RDI=0x000001e1c86eff70
R8 =0x0000000000000004, R9 =0x0000000000000004, R10=0x00007fff4720bae0, R11=0x000001e1801e5080
R12=0x0000000000000000, R13=0x0000001255bfc628, R14=0x0000001255bfc698, R15=0x000001e1c881c8f0
RIP=0x000001e1d37318cf, EFLAGS=0x0000000000010246


Register to memory mapping:

RAX=0x000001e1d3708f26 is at code_begin+3174 in an Interpreter codelet
return entry points  [0x000001e1d37082c0, 0x000001e1d370a1c8]  7944 bytes
RBX=0x000000008bc89938 is an oop: com.lcwd.electronic.store.serviceImpl.CategoryServiceImpl 
{0x000000008bc89938} - klass: 'com/lcwd/electronic/store/serviceImpl/CategoryServiceImpl'
 - ---- fields (total size 4 words):
 - 'log' 'LLogger;' @12  null (0x00000000)
 - 'categoryRepository' 'Lcom/lcwd/electronic/store/repositories/CategoryRepository;' @16  null (0x00000000)
 - 'mapper' 'Lorg/modelmapper/ModelMapper;' @20  null (0x00000000)
 - 'uplpoadImagepath' 'Ljava/lang/String;' @24  null (0x00000000)
RCX=0xfffffffffffffff7 is an unknown value
RDX=0x0000000000000002 is an unknown value
RSP=0x0000001255bfc628 is pointing into the stack for thread: 0x000001e1c881c8f0
RBP=0x0000001255bfc678 is pointing into the stack for thread: 0x000001e1c881c8f0
RSI=0x000001e1c93460e8 points into unknown readable memory: 0x8800080003d4a478 | 78 a4 d4 03 00 08 00 88
RDI=0x000001e1c86eff70 points into unknown readable memory: 0x0000001800000070 | 70 00 00 00 18 00 00 00
R8 =0x0000000000000004 is an unknown value
R9 =0x0000000000000004 is an unknown value
R10=0x00007fff4720bae0 jvm.dll
R11={method} {0x000001e1801e5088} 'newInvokeSpecial' '(Ljava/lang/Object;)Ljava/lang/Object;' in 'java/lang/invoke/DirectMethodHandle$Holder'
R12=0x0 is null
R13=0x0000001255bfc628 is pointing into the stack for thread: 0x000001e1c881c8f0
R14=0x0000001255bfc698 is pointing into the stack for thread: 0x000001e1c881c8f0
R15=0x000001e1c881c8f0 is a thread

Top of Stack: (sp=0x0000001255bfc628)
0x0000001255bfc628:   000001e1d3708f26 fffffffffffffff7
0x0000001255bfc638:   000001e1807f12f7 0000000000000004
0x0000001255bfc648:   000001e1801e1370 0000001255bfbc90
0x0000001255bfc658:   000000008580acf8 000001e1801e5080
0x0000001255bfc668:   fffffffffffffff6 0000001255bfc6a0
0x0000001255bfc678:   0000001255bfe9d0 000001e1d3a95b63
0x0000001255bfc688:   000000008bc89890 000000008bc89938
0x0000001255bfc698:   000000008bc898f0 0000001255bfe9d0
0x0000001255bfc6a8:   000001e1d3a933d4 00000000856bf628
0x0000001255bfc6b8:   0000000086d22c18 0000001255bfe9d0
0x0000001255bfc6c8:   000001e1d3eb17fc 0000000086d25248
0x0000001255bfc6d8:   00000000856bf5d0 0000000000000000
0x0000001255bfc6e8:   0000000086c3a500 0000001255bfbc90
0x0000001255bfc6f8:   000001e1d3b91804 0000000000000a7d
0x0000001255bfc708:   0000001255bfb300 0000001255bfb330
0x0000001255bfc718:   0000000086d451d0 0000000084f9d640
0x0000001255bfc728:   0000000086d22ef0 000000008bc89528
0x0000001255bfc738:   000000008bc89528 0000000086d22ef0
0x0000001255bfc748:   0000000000000000 000000008bc89920
0x0000001255bfc758:   000000008bc896c8 0000001255bfe9d0
0x0000001255bfc768:   000001e1d3eb123c 0000000000000000
0x0000001255bfc778:   0000000000000000 0000001255bfe9d0
0x0000001255bfc788:   000001e1d3a05cdc 000000008bc898f0
0x0000001255bfc798:   0000000000000000 0000000000000000
0x0000001255bfc7a8:   000000008bc82900 000001e1c881c8f0
0x0000001255bfc7b8:   0000000000000000 000000008bc89670
0x0000001255bfc7c8:   0000000000000000 000000008bc89528
0x0000001255bfc7d8:   000000008bc89920 000000008bc89670
0x0000001255bfc7e8:   0000000000000000 000000bbc881c800
0x0000001255bfc7f8:   000001e1d3a9524c 0000001255bfe9d0
0x0000001255bfc808:   000001e1d3a938ca 0000000000000000
0x0000001255bfc818:   000001e1d39218f9 0000000086d25b80 

Instructions: (pc=0x000001e1d37318cf)
0x000001e1d37317cf:   90 66 66 66 0f 1f 84 00 00 00 00 00 66 66 66 90
0x000001e1d37317df:   90 48 8b 53 08 0f b7 52 2e 48 8b 0c d4 8b 59 14
0x000001e1d37317ef:   8b 5b 28 8b 5b 24 48 8b 5b 10 48 85 db 0f 84 10
0x000001e1d37317ff:   00 00 00 41 80 bf e0 05 00 00 00 74 03 ff 63 38
0x000001e1d373180f:   ff 63 50 e9 c9 16 00 00 66 0f 1f 84 00 00 00 00
0x000001e1d373181f:   00 48 8b 53 08 0f b7 52 2e 48 8b 0c d4 58 5b 50
0x000001e1d373182f:   44 8b 51 08 49 bb 00 00 00 80 e1 01 00 00 4d 03
0x000001e1d373183f:   d3 4c 8b 5b 10 4b 8b 9c da d0 01 00 00 48 85 db
0x000001e1d373184f:   0f 84 10 00 00 00 41 80 bf e0 05 00 00 00 74 03
0x000001e1d373185f:   ff 63 38 ff 63 50 e9 76 16 00 00 66 66 66 0f 1f
0x000001e1d373186f:   84 00 00 00 00 00 66 66 66 90 0f 1f 80 00 00 00
0x000001e1d373187f:   00 58 5b 50 8b 5b 24 48 8b 5b 10 48 85 db 0f 84
0x000001e1d373188f:   10 00 00 00 41 80 bf e0 05 00 00 00 74 03 ff 63
0x000001e1d373189f:   38 ff 63 50 e9 38 16 00 00 66 66 66 0f 1f 84 00
0x000001e1d37318af:   00 00 00 00 66 66 66 90 66 0f 1f 84 00 00 00 00
0x000001e1d37318bf:   00 48 8b 53 08 0f b7 52 2e 48 8b 0c d4 58 5b 50
0x000001e1d37318cf:   48 3b 01 8b 5b 24 48 8b 5b 10 48 85 db 0f 84 10
0x000001e1d37318df:   00 00 00 41 80 bf e0 05 00 00 00 74 03 ff 63 38
0x000001e1d37318ef:   ff 63 50 e9 e9 15 00 00 66 0f 1f 84 00 00 00 00
0x000001e1d37318ff:   00 48 8b 53 08 0f b7 52 2e 48 8b 0c d4 58 5b 50
0x000001e1d373190f:   44 8b 51 08 49 bb 00 00 00 80 e1 01 00 00 4d 03
0x000001e1d373191f:   d3 8b 43 18 48 8b 40 10 48 8b 5b 10 45 8b 9a ac
0x000001e1d373192f:   00 00 00 4f 8d 9c da d0 01 00 00 4d 8d 14 da 49
0x000001e1d373193f:   8b 1b 48 3b c3 74 15 48 85 db 0f 84 32 00 00 00
0x000001e1d373194f:   49 83 c3 10 49 8b 1b 48 3b c3 75 eb 45 8b 5b 08
0x000001e1d373195f:   4b 8b 1c 1a 48 85 db 0f 84 10 00 00 00 41 80 bf
0x000001e1d373196f:   e0 05 00 00 00 74 03 ff 63 38 ff 63 50 e9 5f 15
0x000001e1d373197f:   00 00 e9 5a 12 00 00 f4 00 00 00 00 00 00 00 00
0x000001e1d373198f:   00 00 00 00 00 00 00 00 00 00 00 00 00 00 00 00
0x000001e1d373199f:   00 00 00 00 00 00 00 00 00 00 00 00 00 00 00 00
0x000001e1d37319af:   00 00 00 00 00 00 00 00 00 00 00 00 00 00 00 00
0x000001e1d37319bf:   00 00 00 00 00 00 00 00 00 00 00 00 00 00 00 00 


Stack slot to memory mapping:

stack at sp + 0 slots: 0x000001e1d3708f26 is at code_begin+3174 in an Interpreter codelet
return entry points  [0x000001e1d37082c0, 0x000001e1d370a1c8]  7944 bytes
stack at sp + 1 slots: 0xfffffffffffffff7 is an unknown value
stack at sp + 2 slots: 0x000001e1807f12f7 is pointing into metadata
stack at sp + 3 slots: 0x0000000000000004 is an unknown value
stack at sp + 4 slots: 0x000001e1801e1370 is pointing into metadata
stack at sp + 5 slots: 0x0000001255bfbc90 is pointing into the stack for thread: 0x000001e1c881c8f0
stack at sp + 6 slots: 0x000000008580acf8 is an oop: java.lang.Class 
{0x000000008580acf8} - klass: 'java/lang/Class'
 - ---- fields (total size 14 words):
 - private volatile transient 'classRedefinedCount' 'I' @12  0 (0x00000000)
 - injected 'klass' 'J' @16  2068028723560 (0x000001e1801e1168)
 - injected 'array_klass' 'J' @24  0 (0x0000000000000000)
 - injected 'oop_size' 'I' @32  14 (0x0000000e)
 - injected 'static_oop_field_count' 'I' @36  0 (0x00000000)
 - private volatile transient 'cachedConstructor' 'Ljava/lang/reflect/Constructor;' @40  null (0x00000000)
 - private transient 'name' 'Ljava/lang/String;' @44  null (0x00000000)
 - private transient 'module' 'Ljava/lang/Module;' @48  a 'java/lang/Module'{0x0000000085815160} (0x85815160)
 - private final 'classLoader' 'Ljava/lang/ClassLoader;' @52  null (0x00000000)
 - private transient 'classData' 'Ljava/lang/Object;' @56  null (0x00000000)
 - private transient 'packageName' 'Ljava/lang/String;' @60  null (0x00000000)
 - private final 'componentType' 'Ljava/lang/Class;' @64  null (0x00000000)
 - private volatile transient 'reflectionData' 'Ljava/lang/ref/SoftReference;' @68  null (0x00000000)
 - private volatile transient 'genericInfo' 'Lsun/reflect/generics/repository/ClassRepository;' @72  null (0x00000000)
 - private volatile transient 'enumConstants' '[Ljava/lang/Object;' @76  null (0x00000000)
 - private volatile transient 'enumConstantDirectory' 'Ljava/util/Map;' @80  null (0x00000000)
 - private volatile transient 'annotationData' 'Ljava/lang/Class$AnnotationData;' @84  null (0x00000000)
 - private volatile transient 'annotationType' 'Lsun/reflect/annotation/AnnotationType;' @88  null (0x00000000)
 - transient 'classValueMap' 'Ljava/lang/ClassValue$ClassValueMap;' @92  null (0x00000000)
 - injected 'protection_domain' 'Ljava/lang/Object;' @96  null (0x00000000)
 - injected 'signers_name' 'Ljava/lang/Object;' @100  null (0x00000000)
 - injected 'source_file' 'Ljava/lang/Object;' @104  null (0x00000000)
 - signature: Ljava/lang/invoke/DirectMethodHandle$Holder;
 - ---- static fields (0):
stack at sp + 7 slots: {method} {0x000001e1801e5088} 'newInvokeSpecial' '(Ljava/lang/Object;)Ljava/lang/Object;' in 'java/lang/invoke/DirectMethodHandle$Holder'

Lock stack of current Java thread (top to bottom):

MethodHandle::interpreter_entry::_linkToSpecial [0x000001e1d37318a8, 0x000001e1d37318f7] (79 bytes)
[MachCode]
  0x000001e1d37318a8: 6666 660f | 1f84 0000 | 0000 0066 | 6666 9066 | 0f1f 8400 | 0000 0000 | 488b 5308 | 0fb7 522e 
  0x000001e1d37318c8: 488b 0cd4 | 585b 5048 | 3b01 8b5b | 2448 8b5b | 1048 85db | 0f84 1000 | 0000 4180 | bfe0 0500 
  0x000001e1d37318e8: 0000 7403 | ff63 38ff | 6350 e9e9 | 
[/MachCode]

---------------  P R O C E S S  ---------------

Threads class SMR info:
_java_thread_list=0x000001e1c8964d30, length=27, elements={
0x000001e1db607200, 0x000001e1db609c70, 0x000001e1db60a950, 0x000001e1db60c3c0,
0x000001e1db60ce20, 0x000001e1db60e5c0, 0x000001e1c5010dc0, 0x000001e1c50ca460,
0x000001e1c517c8d0, 0x000001e1c5197030, 0x000001e1c51996d0, 0x000001e1c5903a40,
0x000001e1c5b4b650, 0x000001e1c5b4d4b0, 0x000001e1c5b68db0, 0x000001e1c5bb71e0,
0x000001e1c728cd20, 0x000001e1c728c000, 0x000001e1c8523f00, 0x000001e1c728da40,
0x000001e1c728a5c0, 0x000001e1c881f6e0, 0x000001e1c881c8f0, 0x000001e1c881cf80,
0x000001e1c881b540, 0x000001e1c881bbd0, 0x000001e1c881aeb0
}

Java Threads: ( => current thread )
  0x000001e1db607200 JavaThread "Reference Handler"          daemon [_thread_blocked, id=12072, stack(0x0000001254700000,0x0000001254800000) (1024K)]
  0x000001e1db609c70 JavaThread "Finalizer"                  daemon [_thread_blocked, id=13036, stack(0x0000001254800000,0x0000001254900000) (1024K)]
  0x000001e1db60a950 JavaThread "Signal Dispatcher"          daemon [_thread_blocked, id=4416, stack(0x0000001254900000,0x0000001254a00000) (1024K)]
  0x000001e1db60c3c0 JavaThread "Attach Listener"            daemon [_thread_blocked, id=10848, stack(0x0000001254a00000,0x0000001254b00000) (1024K)]
  0x000001e1db60ce20 JavaThread "Service Thread"             daemon [_thread_blocked, id=17828, stack(0x0000001254b00000,0x0000001254c00000) (1024K)]
  0x000001e1db60e5c0 JavaThread "Monitor Deflation Thread"   daemon [_thread_blocked, id=17584, stack(0x0000001254c00000,0x0000001254d00000) (1024K)]
  0x000001e1c5010dc0 JavaThread "C1 CompilerThread0"         daemon [_thread_blocked, id=2008, stack(0x0000001254d00000,0x0000001254e00000) (1024K)]
  0x000001e1c50ca460 JavaThread "Common-Cleaner"             daemon [_thread_blocked, id=2624, stack(0x0000001254e00000,0x0000001254f00000) (1024K)]
  0x000001e1c517c8d0 JavaThread "JDWP Transport Listener: dt_socket" daemon [_thread_blocked, id=20400, stack(0x0000001255000000,0x0000001255100000) (1024K)]
  0x000001e1c5197030 JavaThread "JDWP Event Helper Thread"   daemon [_thread_blocked, id=1812, stack(0x0000001255100000,0x0000001255200000) (1024K)]
  0x000001e1c51996d0 JavaThread "JDWP Command Reader"        daemon [_thread_in_native, id=13452, stack(0x0000001255200000,0x0000001255300000) (1024K)]
  0x000001e1c5903a40 JavaThread "Notification Thread"        daemon [_thread_blocked, id=1480, stack(0x0000001255300000,0x0000001255400000) (1024K)]
  0x000001e1c5b4b650 JavaThread "RMI TCP Accept-0"           daemon [_thread_in_native, id=11532, stack(0x0000001255800000,0x0000001255900000) (1024K)]
  0x000001e1c5b4d4b0 JavaThread "RMI TCP Accept-55264"       daemon [_thread_in_native, id=18024, stack(0x0000001255900000,0x0000001255a00000) (1024K)]
  0x000001e1c5b68db0 JavaThread "RMI TCP Accept-0"           daemon [_thread_in_native, id=18400, stack(0x0000001255a00000,0x0000001255b00000) (1024K)]
  0x000001e1c5bb71e0 JavaThread "RMI Scheduler(0)"           daemon [_thread_blocked, id=12796, stack(0x0000001255e00000,0x0000001255f00000) (1024K)]
  0x000001e1c728cd20 JavaThread "mysql-cj-abandoned-connection-cleanup" daemon [_thread_blocked, id=4436, stack(0x0000001256400000,0x0000001256500000) (1024K)]
  0x000001e1c728c000 JavaThread "Live Reload Server"         daemon [_thread_in_native, id=18492, stack(0x0000001256a00000,0x0000001256b00000) (1024K)]
  0x000001e1c8523f00 JavaThread "DestroyJavaVM"                     [_thread_blocked, id=12828, stack(0x0000001253f00000,0x0000001254000000) (1024K)]
  0x000001e1c728da40 JavaThread "RMI TCP Connection(idle)"   daemon [_thread_blocked, id=2608, stack(0x0000001253c00000,0x0000001253d00000) (1024K)]
  0x000001e1c728a5c0 JavaThread "JMX server connection timeout 133" daemon [_thread_blocked, id=13924, stack(0x0000001254f00000,0x0000001255000000) (1024K)]
  0x000001e1c881f6e0 JavaThread "Thread-95"                         [_thread_blocked, id=19720, stack(0x0000001253d00000,0x0000001253e00000) (1024K)]
=>0x000001e1c881c8f0 JavaThread "restartedMain"                     [_thread_in_Java, id=14480, stack(0x0000001255b00000,0x0000001255c00000) (1024K)]
  0x000001e1c881cf80 JavaThread "Catalina-utility-1"                [_thread_blocked, id=19480, stack(0x0000001255700000,0x0000001255800000) (1024K)]
  0x000001e1c881b540 JavaThread "Catalina-utility-2"                [_thread_blocked, id=7128, stack(0x0000001255c00000,0x0000001255d00000) (1024K)]
  0x000001e1c881bbd0 JavaThread "container-0"                       [_thread_blocked, id=17920, stack(0x0000001255d00000,0x0000001255e00000) (1024K)]
  0x000001e1c881aeb0 JavaThread "HikariPool-25 housekeeper"  daemon [_thread_blocked, id=18792, stack(0x0000001255f00000,0x0000001256000000) (1024K)]
Total: 27

Other Threads:
  0x000001e1db5eed00 VMThread "VM Thread"                           [id=6856, stack(0x0000001254600000,0x0000001254700000) (1024K)] _threads_hazard_ptr=0x000001e1c8964d30
  0x000001e1db5d8590 WatcherThread "VM Periodic Task Thread"        [id=13604, stack(0x0000001254500000,0x0000001254600000) (1024K)]
  0x000001e1cf6807b0 WorkerThread "GC Thread#0"                     [id=18576, stack(0x0000001254000000,0x0000001254100000) (1024K)]
  0x000001e1c5a04ad0 WorkerThread "GC Thread#1"                     [id=5040, stack(0x0000001255400000,0x0000001255500000) (1024K)]
  0x000001e1c5a22cb0 WorkerThread "GC Thread#2"                     [id=14596, stack(0x0000001255500000,0x0000001255600000) (1024K)]
  0x000001e1c5a23060 WorkerThread "GC Thread#3"                     [id=10752, stack(0x0000001255600000,0x0000001255700000) (1024K)]
  0x000001e1cf6aedd0 ConcurrentGCThread "G1 Main Marker"            [id=16912, stack(0x0000001254100000,0x0000001254200000) (1024K)]
  0x000001e1cf6aff90 WorkerThread "G1 Conc#0"                       [id=5720, stack(0x0000001254200000,0x0000001254300000) (1024K)]
  0x000001e1cf6de690 ConcurrentGCThread "G1 Refine#0"               [id=8484, stack(0x0000001254300000,0x0000001254400000) (1024K)]
  0x000001e1db4a90d0 ConcurrentGCThread "G1 Service"                [id=14244, stack(0x0000001254400000,0x0000001254500000) (1024K)]
Total: 10

Threads with active compile tasks:
Total: 0

VM state: synchronizing (normal execution)

VM Mutex/Monitor currently owned by a thread:  ([mutex/lock_event])
[0x00007fff471fbd70] Threads_lock - owner thread: 0x000001e1db5eed00

Heap address: 0x0000000084a00000, size: 1974 MB, Compressed Oops mode: 32-bit

CDS archive(s) mapped at: [0x000001e180000000-0x000001e180d70000-0x000001e180d70000), size 14090240, SharedBaseAddress: 0x000001e180000000, ArchiveRelocationMode: 1.
Compressed class space mapped at: 0x000001e181000000-0x000001e1c1000000, reserved size: 1073741824
Narrow klass base: 0x000001e180000000, Narrow klass shift: 0, Narrow klass range: 0x41000000

GC Precious Log:
 CardTable entry size: 512
 Card Set container configuration: InlinePtr #cards 5 size 8 Array Of Cards #cards 10 size 36 Howl #buckets 4 coarsen threshold 1843 Howl Bitmap #cards 512 size 80 coarsen threshold 460 Card regions per heap region 1 cards per card region 2048
 CPUs: 4 total, 4 available
 Memory: 7894M
 Large Page Support: Disabled
 NUMA Support: Disabled
 Compressed Oops: Enabled (32-bit)
 Heap Region Size: 1M
 Heap Min Capacity: 8M
 Heap Initial Capacity: 124M
 Heap Max Capacity: 1974M
 Pre-touch: Disabled
 Parallel Workers: 4
 Concurrent Workers: 1
 Concurrent Refinement Workers: 4
 Periodic GC: Disabled

Heap:
 garbage-first heap   total reserved 2021376K, committed 75776K, used 41313K [0x0000000084a00000, 0x0000000100000000)
  region size 1024K, 18 young (18432K), 4 survivors (4096K)
 Metaspace       used 67661K, committed 68288K, reserved 1114112K
  class space    used 9547K, committed 9856K, reserved 1048576K

Heap Regions: E=young(eden), S=young(survivor), O=old, HS=humongous(starts), HC=humongous(continues), CS=collection set, F=free, TAMS=top-at-mark-start, PB=parsable bottom
|   0|0x0000000084a00000, 0x0000000084b00000, 0x0000000084b00000|100%|HS|  |TAMS 0x0000000084a00000| PB 0x0000000084a00000| Untracked |  0
|   1|0x0000000084b00000, 0x0000000084bfffe0, 0x0000000084c00000| 99%| O|  |TAMS 0x0000000084b00000| PB 0x0000000084b00000| Untracked |  0
|   2|0x0000000084c00000, 0x0000000084d00000, 0x0000000084d00000|100%| O|  |TAMS 0x0000000084c00000| PB 0x0000000084c00000| Untracked |  0
|   3|0x0000000084d00000, 0x0000000084e00000, 0x0000000084e00000|100%| O|  |TAMS 0x0000000084d00000| PB 0x0000000084d00000| Untracked |  0
|   4|0x0000000084e00000, 0x0000000084efc950, 0x0000000084f00000| 98%| O|  |TAMS 0x0000000084e00000| PB 0x0000000084e00000| Untracked |  0
|   5|0x0000000084f00000, 0x0000000084fffff0, 0x0000000085000000| 99%| O|  |TAMS 0x0000000084f00000| PB 0x0000000084f00000| Untracked |  0
|   6|0x0000000085000000, 0x00000000850fffa8, 0x0000000085100000| 99%| O|  |TAMS 0x0000000085000000| PB 0x0000000085000000| Untracked |  0
|   7|0x0000000085100000, 0x0000000085200000, 0x0000000085200000|100%| O|  |TAMS 0x0000000085100000| PB 0x0000000085100000| Untracked |  0
|   8|0x0000000085200000, 0x00000000852fffa0, 0x0000000085300000| 99%| O|  |TAMS 0x0000000085200000| PB 0x0000000085200000| Untracked |  0
|   9|0x0000000085300000, 0x00000000853ffff0, 0x0000000085400000| 99%| O|  |TAMS 0x0000000085300000| PB 0x0000000085300000| Untracked |  0
|  10|0x0000000085400000, 0x00000000854ffff0, 0x0000000085500000| 99%| O|  |TAMS 0x0000000085400000| PB 0x0000000085400000| Untracked |  0
|  11|0x0000000085500000, 0x0000000085600000, 0x0000000085600000|100%| O|  |TAMS 0x0000000085500000| PB 0x0000000085500000| Untracked |  0
|  12|0x0000000085600000, 0x00000000856ffff8, 0x0000000085700000| 99%| O|  |TAMS 0x0000000085600000| PB 0x0000000085600000| Untracked |  0
|  13|0x0000000085700000, 0x00000000857fffb8, 0x0000000085800000| 99%| O|  |TAMS 0x0000000085700000| PB 0x0000000085700000| Untracked |  0
|  14|0x0000000085800000, 0x00000000858ffff8, 0x0000000085900000| 99%| O|  |TAMS 0x0000000085800000| PB 0x0000000085800000| Untracked |  0
|  15|0x0000000085900000, 0x00000000859ffff8, 0x0000000085a00000| 99%| O|  |TAMS 0x0000000085900000| PB 0x0000000085900000| Untracked |  0
|  16|0x0000000085a00000, 0x0000000085b00000, 0x0000000085b00000|100%| O|  |TAMS 0x0000000085a00000| PB 0x0000000085a00000| Untracked |  0
|  17|0x0000000085b00000, 0x0000000085bfff68, 0x0000000085c00000| 99%| O|  |TAMS 0x0000000085b00000| PB 0x0000000085b00000| Untracked |  0
|  18|0x0000000085c00000, 0x0000000085cffff8, 0x0000000085d00000| 99%| O|  |TAMS 0x0000000085c00000| PB 0x0000000085c00000| Untracked |  0
|  19|0x0000000085d00000, 0x0000000085e00000, 0x0000000085e00000|100%| O|  |TAMS 0x0000000085d00000| PB 0x0000000085d00000| Untracked |  0
|  20|0x0000000085e00000, 0x0000000085f00000, 0x0000000085f00000|100%| O|  |TAMS 0x0000000085e00000| PB 0x0000000085e00000| Untracked |  0
|  21|0x0000000085f00000, 0x0000000086000000, 0x0000000086000000|100%| O|  |TAMS 0x0000000085f00000| PB 0x0000000085f00000| Untracked |  0
|  22|0x0000000086000000, 0x00000000860fffe8, 0x0000000086100000| 99%| O|  |TAMS 0x0000000086000000| PB 0x0000000086000000| Untracked |  0
|  23|0x0000000086100000, 0x00000000861e3798, 0x0000000086200000| 88%| O|  |TAMS 0x0000000086100000| PB 0x0000000086100000| Untracked |  0
|  24|0x0000000086200000, 0x00000000862fffe0, 0x0000000086300000| 99%| O|  |TAMS 0x0000000086200000| PB 0x0000000086200000| Untracked |  0
|  25|0x0000000086300000, 0x0000000086305560, 0x0000000086400000|  2%| O|  |TAMS 0x0000000086300000| PB 0x0000000086300000| Untracked |  0
|  26|0x0000000086400000, 0x0000000086400000, 0x0000000086500000|  0%| F|  |TAMS 0x0000000086400000| PB 0x0000000086400000| Untracked |  0
|  27|0x0000000086500000, 0x00000000865507e0, 0x0000000086600000| 31%| O|  |TAMS 0x0000000086500000| PB 0x0000000086500000| Untracked |  0
|  28|0x0000000086600000, 0x0000000086600000, 0x0000000086700000|  0%| F|  |TAMS 0x0000000086600000| PB 0x0000000086600000| Untracked |  0
|  29|0x0000000086700000, 0x0000000086700000, 0x0000000086800000|  0%| F|  |TAMS 0x0000000086700000| PB 0x0000000086700000| Untracked |  0
|  30|0x0000000086800000, 0x0000000086800000, 0x0000000086900000|  0%| F|  |TAMS 0x0000000086800000| PB 0x0000000086800000| Untracked |  0
|  31|0x0000000086900000, 0x0000000086900000, 0x0000000086a00000|  0%| F|  |TAMS 0x0000000086900000| PB 0x0000000086900000| Untracked |  0
|  32|0x0000000086a00000, 0x0000000086a228a8, 0x0000000086b00000| 13%| S|CS|TAMS 0x0000000086a00000| PB 0x0000000086a00000| Complete |  0
|  33|0x0000000086b00000, 0x0000000086c00000, 0x0000000086c00000|100%| S|CS|TAMS 0x0000000086b00000| PB 0x0000000086b00000| Complete |  0
|  34|0x0000000086c00000, 0x0000000086d00000, 0x0000000086d00000|100%| S|CS|TAMS 0x0000000086c00000| PB 0x0000000086c00000| Complete |  0
|  35|0x0000000086d00000, 0x0000000086e00000, 0x0000000086e00000|100%| S|CS|TAMS 0x0000000086d00000| PB 0x0000000086d00000| Complete |  0
|  36|0x0000000086e00000, 0x0000000086e00000, 0x0000000086f00000|  0%| F|  |TAMS 0x0000000086e00000| PB 0x0000000086e00000| Untracked |  0
|  37|0x0000000086f00000, 0x0000000086f00000, 0x0000000087000000|  0%| F|  |TAMS 0x0000000086f00000| PB 0x0000000086f00000| Untracked |  0
|  38|0x0000000087000000, 0x0000000087000000, 0x0000000087100000|  0%| F|  |TAMS 0x0000000087000000| PB 0x0000000087000000| Untracked |  0
|  39|0x0000000087100000, 0x0000000087100000, 0x0000000087200000|  0%| F|  |TAMS 0x0000000087100000| PB 0x0000000087100000| Untracked |  0
|  40|0x0000000087200000, 0x0000000087200000, 0x0000000087300000|  0%| F|  |TAMS 0x0000000087200000| PB 0x0000000087200000| Untracked |  0
|  41|0x0000000087300000, 0x0000000087300000, 0x0000000087400000|  0%| F|  |TAMS 0x0000000087300000| PB 0x0000000087300000| Untracked |  0
|  42|0x0000000087400000, 0x0000000087400000, 0x0000000087500000|  0%| F|  |TAMS 0x0000000087400000| PB 0x0000000087400000| Untracked |  0
|  43|0x0000000087500000, 0x0000000087500000, 0x0000000087600000|  0%| F|  |TAMS 0x0000000087500000| PB 0x0000000087500000| Untracked |  0
|  44|0x0000000087600000, 0x0000000087600000, 0x0000000087700000|  0%| F|  |TAMS 0x0000000087600000| PB 0x0000000087600000| Untracked |  0
|  45|0x0000000087700000, 0x0000000087700000, 0x0000000087800000|  0%| F|  |TAMS 0x0000000087700000| PB 0x0000000087700000| Untracked |  0
|  46|0x0000000087800000, 0x0000000087800000, 0x0000000087900000|  0%| F|  |TAMS 0x0000000087800000| PB 0x0000000087800000| Untracked |  0
|  47|0x0000000087900000, 0x0000000087900000, 0x0000000087a00000|  0%| F|  |TAMS 0x0000000087900000| PB 0x0000000087900000| Untracked |  0
|  48|0x0000000087a00000, 0x0000000087a00000, 0x0000000087b00000|  0%| F|  |TAMS 0x0000000087a00000| PB 0x0000000087a00000| Untracked |  0
|  49|0x0000000087b00000, 0x0000000087b00000, 0x0000000087c00000|  0%| F|  |TAMS 0x0000000087b00000| PB 0x0000000087b00000| Untracked |  0
|  50|0x0000000087c00000, 0x0000000087c00000, 0x0000000087d00000|  0%| F|  |TAMS 0x0000000087c00000| PB 0x0000000087c00000| Untracked |  0
|  51|0x0000000087d00000, 0x0000000087d00000, 0x0000000087e00000|  0%| F|  |TAMS 0x0000000087d00000| PB 0x0000000087d00000| Untracked |  0
|  52|0x0000000087e00000, 0x0000000087e00000, 0x0000000087f00000|  0%| F|  |TAMS 0x0000000087e00000| PB 0x0000000087e00000| Untracked |  0
|  53|0x0000000087f00000, 0x0000000087f00000, 0x0000000088000000|  0%| F|  |TAMS 0x0000000087f00000| PB 0x0000000087f00000| Untracked |  0
|  54|0x0000000088000000, 0x0000000088000000, 0x0000000088100000|  0%| F|  |TAMS 0x0000000088000000| PB 0x0000000088000000| Untracked |  0
|  55|0x0000000088100000, 0x0000000088100000, 0x0000000088200000|  0%| F|  |TAMS 0x0000000088100000| PB 0x0000000088100000| Untracked |  0
|  56|0x0000000088200000, 0x0000000088200000, 0x0000000088300000|  0%| F|  |TAMS 0x0000000088200000| PB 0x0000000088200000| Untracked |  0
|  57|0x0000000088300000, 0x0000000088300000, 0x0000000088400000|  0%| F|  |TAMS 0x0000000088300000| PB 0x0000000088300000| Untracked |  0
|  58|0x0000000088400000, 0x0000000088400000, 0x0000000088500000|  0%| F|  |TAMS 0x0000000088400000| PB 0x0000000088400000| Untracked |  0
|  59|0x0000000088500000, 0x0000000088500000, 0x0000000088600000|  0%| F|  |TAMS 0x0000000088500000| PB 0x0000000088500000| Untracked |  0
|  60|0x0000000088600000, 0x000000008865fa28, 0x0000000088700000| 37%| E|  |TAMS 0x0000000088600000| PB 0x0000000088600000| Complete |  0
|  61|0x0000000088700000, 0x0000000088800000, 0x0000000088800000|100%| E|CS|TAMS 0x0000000088700000| PB 0x0000000088700000| Complete |  0
|  62|0x0000000088800000, 0x0000000088900000, 0x0000000088900000|100%| E|CS|TAMS 0x0000000088800000| PB 0x0000000088800000| Complete |  0
|  63|0x0000000088900000, 0x0000000088a00000, 0x0000000088a00000|100%| E|CS|TAMS 0x0000000088900000| PB 0x0000000088900000| Complete |  0
|  64|0x0000000088a00000, 0x0000000088b00000, 0x0000000088b00000|100%| E|CS|TAMS 0x0000000088a00000| PB 0x0000000088a00000| Complete |  0
|  65|0x0000000088b00000, 0x0000000088c00000, 0x0000000088c00000|100%| E|CS|TAMS 0x0000000088b00000| PB 0x0000000088b00000| Complete |  0
|  66|0x0000000088c00000, 0x0000000088d00000, 0x0000000088d00000|100%| E|CS|TAMS 0x0000000088c00000| PB 0x0000000088c00000| Complete |  0
|  67|0x0000000088d00000, 0x0000000088e00000, 0x0000000088e00000|100%| E|CS|TAMS 0x0000000088d00000| PB 0x0000000088d00000| Complete |  0
|  68|0x0000000088e00000, 0x0000000088f00000, 0x0000000088f00000|100%| E|CS|TAMS 0x0000000088e00000| PB 0x0000000088e00000| Complete |  0
|  69|0x0000000088f00000, 0x0000000089000000, 0x0000000089000000|100%| E|  |TAMS 0x0000000088f00000| PB 0x0000000088f00000| Complete |  0
|  70|0x0000000089000000, 0x0000000089100000, 0x0000000089100000|100%| E|CS|TAMS 0x0000000089000000| PB 0x0000000089000000| Complete |  0
|  71|0x0000000089100000, 0x0000000089200000, 0x0000000089200000|100%| E|CS|TAMS 0x0000000089100000| PB 0x0000000089100000| Complete |  0
| 114|0x000000008bc00000, 0x000000008bd00000, 0x000000008bd00000|100%| E|CS|TAMS 0x000000008bc00000| PB 0x000000008bc00000| Complete |  0
| 115|0x000000008bd00000, 0x000000008be00000, 0x000000008be00000|100%| E|CS|TAMS 0x000000008bd00000| PB 0x000000008bd00000| Complete |  0

Card table byte_map: [0x000001e1d6f30000,0x000001e1d7310000] _byte_map_base: 0x000001e1d6b0b000

Marking Bits: (CMBitMap*) 0x000001e1cf6815e0
 Bits: [0x000001e1d7310000, 0x000001e1d91e8000)

Polling page: 0x000001e1cf6e0000

Metaspace:

Usage:
  Non-class:     56.75 MB used.
      Class:      9.32 MB used.
       Both:     66.08 MB used.

Virtual space:
  Non-class space:       64.00 MB reserved,      57.06 MB ( 89%) committed,  1 nodes.
      Class space:        1.00 GB reserved,       9.62 MB ( <1%) committed,  1 nodes.
             Both:        1.06 GB reserved,      66.69 MB (  6%) committed. 

Chunk freelists:
   Non-Class:  6.17 MB
       Class:  6.24 MB
        Both:  12.42 MB

MaxMetaspaceSize: unlimited
CompressedClassSpaceSize: 1.00 GB
Initial GC threshold: 21.00 MB
Current GC threshold: 110.88 MB
CDS: on
 - commit_granule_bytes: 65536.
 - commit_granule_words: 8192.
 - virtual_space_node_default_size: 8388608.
 - enlarge_chunks_in_place: 1.
 - use_allocation_guard: 0.


Internal statistics:

num_allocs_failed_limit: 11.
num_arena_births: 2676.
num_arena_deaths: 2044.
num_vsnodes_births: 2.
num_vsnodes_deaths: 0.
num_space_committed: 1083.
num_space_uncommitted: 12.
num_chunks_returned_to_freelist: 3037.
num_chunks_taken_from_freelist: 6122.
num_chunk_merges: 462.
num_chunk_splits: 3152.
num_chunks_enlarged: 2342.
num_inconsistent_stats: 0.

CodeCache: size=49152Kb used=16780Kb max_used=17545Kb free=32371Kb
 bounds [0x000001e1d3700000, 0x000001e1d4830000, 0x000001e1d6700000]
 total_blobs=11222, nmethods=10482, adapters=664, full_count=0
Compilation: enabled, stopped_count=0, restarted_count=0

Compilation events (20 events):
Event: 11269.132 Thread 0x000001e1c5010dc0 14348       1       com.zaxxer.hikari.pool.HikariPool$PoolEntryCreator::call (5 bytes)
Event: 11269.132 Thread 0x000001e1c5010dc0 nmethod 14348 0x000001e1d47dfd88 code [0x000001e1d47dfea0, 0x000001e1d47dff88]
Event: 11269.132 Thread 0x000001e1c5010dc0 14349       1       com.zaxxer.hikari.pool.HikariPool$PoolEntryCreator::call (171 bytes)
Event: 11269.134 Thread 0x000001e1c5010dc0 nmethod 14349 0x000001e1d47df308 code [0x000001e1d47df540, 0x000001e1d47dfcd8]
Event: 11269.134 Thread 0x000001e1c5010dc0 14350  s    1       com.zaxxer.hikari.pool.HikariPool$PoolEntryCreator::shouldCreateAnotherConnection (59 bytes)
Event: 11269.134 Thread 0x000001e1c5010dc0 nmethod 14350 0x000001e1d47dee08 code [0x000001e1d47def40, 0x000001e1d47df268]
Event: 11328.895 Thread 0x000001e1c5010dc0 14351   !   1       com.zaxxer.hikari.pool.HikariPool$HouseKeeper::run (471 bytes)
Event: 11328.906 Thread 0x000001e1c5010dc0 nmethod 14351 0x000001e1d47dd488 code [0x000001e1d47dd820, 0x000001e1d47deba0]
Event: 11328.906 Thread 0x000001e1c5010dc0 14352       1       com.zaxxer.hikari.pool.HikariPool::access$600 (5 bytes)
Event: 11328.907 Thread 0x000001e1c5010dc0 nmethod 14352 0x000001e1d47dd188 code [0x000001e1d47dd2a0, 0x000001e1d47dd378]
Event: 11365.896 Thread 0x000001e1c5010dc0 14353       1       java.net.SocketImpl::getInetAddress (5 bytes)
Event: 11365.896 Thread 0x000001e1c5010dc0 nmethod 14353 0x000001e1d47dce88 code [0x000001e1d47dcfa0, 0x000001e1d47dd068]
Event: 11365.897 Thread 0x000001e1c5010dc0 14354       1       sun.rmi.transport.tcp.TCPEndpoint::getClientSocketFactory (5 bytes)
Event: 11365.898 Thread 0x000001e1c5010dc0 nmethod 14354 0x000001e1d47dcb88 code [0x000001e1d47dcca0, 0x000001e1d47dcd68]
Event: 11365.898 Thread 0x000001e1c5010dc0 14355       1       sun.rmi.transport.tcp.TCPEndpoint::getServerSocketFactory (5 bytes)
Event: 11365.898 Thread 0x000001e1c5010dc0 nmethod 14355 0x000001e1d47dc888 code [0x000001e1d47dc9a0, 0x000001e1d47dca68]
Event: 11380.898 Thread 0x000001e1c5010dc0 14357       1       java.util.concurrent.SynchronousQueue$Transferer::xferLifo (258 bytes)
Event: 11380.918 Thread 0x000001e1c5010dc0 nmethod 14357 0x000001e1d47da488 code [0x000001e1d47da940, 0x000001e1d47dc720]
Event: 11380.918 Thread 0x000001e1c5010dc0 14356       1       java.util.concurrent.SynchronousQueue::xfer (31 bytes)
Event: 11380.918 Thread 0x000001e1c5010dc0 nmethod 14356 0x000001e1d47da188 code [0x000001e1d47da2c0, 0x000001e1d47da440]

GC Heap History (20 events):
Event: 4834.932 GC heap before
{Heap before GC invocations=80 (full 21):
 garbage-first heap   total reserved 2021376K, committed 75776K, used 63725K [0x0000000084a00000, 0x0000000100000000)
  region size 1024K, 39 young (39936K), 0 survivors (0K)
 Metaspace       used 67253K, committed 68096K, reserved 1114112K
  class space    used 9510K, committed 9856K, reserved 1048576K
}
Event: 4834.935 GC heap after
{Heap after GC invocations=81 (full 21):
 garbage-first heap   total reserved 2021376K, committed 75776K, used 28251K [0x0000000084a00000, 0x0000000100000000)
  region size 1024K, 4 young (4096K), 4 survivors (4096K)
 Metaspace       used 67253K, committed 68096K, reserved 1114112K
  class space    used 9510K, committed 9856K, reserved 1048576K
}
Event: 4901.980 GC heap before
{Heap before GC invocations=81 (full 21):
 garbage-first heap   total reserved 2021376K, committed 75776K, used 65115K [0x0000000084a00000, 0x0000000100000000)
  region size 1024K, 40 young (40960K), 4 survivors (4096K)
 Metaspace       used 67531K, committed 68224K, reserved 1114112K
  class space    used 9527K, committed 9856K, reserved 1048576K
}
Event: 4901.988 GC heap after
{Heap after GC invocations=82 (full 21):
 garbage-first heap   total reserved 2021376K, committed 75776K, used 29614K [0x0000000084a00000, 0x0000000100000000)
  region size 1024K, 3 young (3072K), 3 survivors (3072K)
 Metaspace       used 67531K, committed 68224K, reserved 1114112K
  class space    used 9527K, committed 9856K, reserved 1048576K
}
Event: 4902.006 GC heap before
{Heap before GC invocations=82 (full 21):
 garbage-first heap   total reserved 2021376K, committed 75776K, used 29614K [0x0000000084a00000, 0x0000000100000000)
  region size 1024K, 4 young (4096K), 3 survivors (3072K)
 Metaspace       used 67531K, committed 68224K, reserved 1114112K
  class space    used 9527K, committed 9856K, reserved 1048576K
}
Event: 4902.054 GC heap after
{Heap after GC invocations=83 (full 22):
 garbage-first heap   total reserved 2021376K, committed 75776K, used 22286K [0x0000000084a00000, 0x0000000100000000)
  region size 1024K, 0 young (0K), 0 survivors (0K)
 Metaspace       used 67094K, committed 68224K, reserved 1114112K
  class space    used 9468K, committed 9856K, reserved 1048576K
}
Event: 4902.990 GC heap before
{Heap before GC invocations=83 (full 22):
 garbage-first heap   total reserved 2021376K, committed 75776K, used 64270K [0x0000000084a00000, 0x0000000100000000)
  region size 1024K, 41 young (41984K), 0 survivors (0K)
 Metaspace       used 67305K, committed 68224K, reserved 1114112K
  class space    used 9511K, committed 9856K, reserved 1048576K
}
Event: 4902.994 GC heap after
{Heap after GC invocations=84 (full 22):
 garbage-first heap   total reserved 2021376K, committed 75776K, used 26870K [0x0000000084a00000, 0x0000000100000000)
  region size 1024K, 5 young (5120K), 5 survivors (5120K)
 Metaspace       used 67305K, committed 68224K, reserved 1114112K
  class space    used 9511K, committed 9856K, reserved 1048576K
}
Event: 4903.209 GC heap before
{Heap before GC invocations=84 (full 22):
 garbage-first heap   total reserved 2021376K, committed 75776K, used 63734K [0x0000000084a00000, 0x0000000100000000)
  region size 1024K, 41 young (41984K), 5 survivors (5120K)
 Metaspace       used 67556K, committed 68224K, reserved 1114112K
  class space    used 9538K, committed 9856K, reserved 1048576K
}
Event: 4903.215 GC heap after
{Heap after GC invocations=85 (full 22):
 garbage-first heap   total reserved 2021376K, committed 75776K, used 30106K [0x0000000084a00000, 0x0000000100000000)
  region size 1024K, 4 young (4096K), 4 survivors (4096K)
 Metaspace       used 67556K, committed 68224K, reserved 1114112K
  class space    used 9538K, committed 9856K, reserved 1048576K
}
Event: 4922.758 GC heap before
{Heap before GC invocations=85 (full 22):
 garbage-first heap   total reserved 2021376K, committed 75776K, used 33178K [0x0000000084a00000, 0x0000000100000000)
  region size 1024K, 8 young (8192K), 4 survivors (4096K)
 Metaspace       used 67558K, committed 68224K, reserved 1114112K
  class space    used 9538K, committed 9856K, reserved 1048576K
}
Event: 4922.804 GC heap after
{Heap after GC invocations=86 (full 23):
 garbage-first heap   total reserved 2021376K, committed 75776K, used 24872K [0x0000000084a00000, 0x0000000100000000)
  region size 1024K, 0 young (0K), 0 survivors (0K)
 Metaspace       used 67194K, committed 68224K, reserved 1114112K
  class space    used 9501K, committed 9856K, reserved 1048576K
}
Event: 4923.423 GC heap before
{Heap before GC invocations=86 (full 23):
 garbage-first heap   total reserved 2021376K, committed 75776K, used 63784K [0x0000000084a00000, 0x0000000100000000)
  region size 1024K, 38 young (38912K), 0 survivors (0K)
 Metaspace       used 67297K, committed 68224K, reserved 1114112K
  class space    used 9513K, committed 9856K, reserved 1048576K
}
Event: 4923.426 GC heap after
{Heap after GC invocations=87 (full 23):
 garbage-first heap   total reserved 2021376K, committed 75776K, used 27944K [0x0000000084a00000, 0x0000000100000000)
  region size 1024K, 3 young (3072K), 3 survivors (3072K)
 Metaspace       used 67297K, committed 68224K, reserved 1114112K
  class space    used 9513K, committed 9856K, reserved 1048576K
}
Event: 4950.752 GC heap before
{Heap before GC invocations=87 (full 23):
 garbage-first heap   total reserved 2021376K, committed 75776K, used 63784K [0x0000000084a00000, 0x0000000100000000)
  region size 1024K, 39 young (39936K), 3 survivors (3072K)
 Metaspace       used 67515K, committed 68224K, reserved 1114112K
  class space    used 9531K, committed 9856K, reserved 1048576K
}
Event: 4950.770 GC heap after
{Heap after GC invocations=88 (full 23):
 garbage-first heap   total reserved 2021376K, committed 75776K, used 30516K [0x0000000084a00000, 0x0000000100000000)
  region size 1024K, 3 young (3072K), 3 survivors (3072K)
 Metaspace       used 67515K, committed 68224K, reserved 1114112K
  class space    used 9531K, committed 9856K, reserved 1048576K
}
Event: 5575.832 GC heap before
{Heap before GC invocations=88 (full 23):
 garbage-first heap   total reserved 2021376K, committed 75776K, used 58164K [0x0000000084a00000, 0x0000000100000000)
  region size 1024K, 32 young (32768K), 3 survivors (3072K)
 Metaspace       used 67583K, committed 68224K, reserved 1114112K
  class space    used 9548K, committed 9856K, reserved 1048576K
}
Event: 5575.926 GC heap after
{Heap after GC invocations=89 (full 24):
 garbage-first heap   total reserved 2021376K, committed 75776K, used 25814K [0x0000000084a00000, 0x0000000100000000)
  region size 1024K, 0 young (0K), 0 survivors (0K)
 Metaspace       used 67508K, committed 68224K, reserved 1114112K
  class space    used 9527K, committed 9856K, reserved 1048576K
}
Event: 5576.482 GC heap before
{Heap before GC invocations=89 (full 24):
 garbage-first heap   total reserved 2021376K, committed 75776K, used 64726K [0x0000000084a00000, 0x0000000100000000)
  region size 1024K, 38 young (38912K), 0 survivors (0K)
 Metaspace       used 67611K, committed 68288K, reserved 1114112K
  class space    used 9542K, committed 9856K, reserved 1048576K
}
Event: 5576.486 GC heap after
{Heap after GC invocations=90 (full 24):
 garbage-first heap   total reserved 2021376K, committed 75776K, used 29025K [0x0000000084a00000, 0x0000000100000000)
  region size 1024K, 4 young (4096K), 4 survivors (4096K)
 Metaspace       used 67611K, committed 68288K, reserved 1114112K
  class space    used 9542K, committed 9856K, reserved 1048576K
}

Dll operation events (12 events):
Event: 0.009 Loaded shared library C:\Users\Saurabh Karn\.p2\pool\plugins\org.eclipse.justj.openjdk.hotspot.jre.full.win32.x86_64_23.0.1.v20241024-1700\jre\bin\java.dll
Event: 0.106 Loaded shared library C:\Users\Saurabh Karn\.p2\pool\plugins\org.eclipse.justj.openjdk.hotspot.jre.full.win32.x86_64_23.0.1.v20241024-1700\jre\bin\zip.dll
Event: 0.196 Loaded shared library C:\Users\Saurabh Karn\.p2\pool\plugins\org.eclipse.justj.openjdk.hotspot.jre.full.win32.x86_64_23.0.1.v20241024-1700\jre\bin\instrument.dll
Event: 0.201 Loaded shared library C:\Users\Saurabh Karn\.p2\pool\plugins\org.eclipse.justj.openjdk.hotspot.jre.full.win32.x86_64_23.0.1.v20241024-1700\jre\bin\net.dll
Event: 0.202 Loaded shared library C:\Users\Saurabh Karn\.p2\pool\plugins\org.eclipse.justj.openjdk.hotspot.jre.full.win32.x86_64_23.0.1.v20241024-1700\jre\bin\nio.dll
Event: 0.205 Loaded shared library C:\Users\Saurabh Karn\.p2\pool\plugins\org.eclipse.justj.openjdk.hotspot.jre.full.win32.x86_64_23.0.1.v20241024-1700\jre\bin\zip.dll
Event: 0.328 Loaded shared library C:\Users\Saurabh Karn\.p2\pool\plugins\org.eclipse.justj.openjdk.hotspot.jre.full.win32.x86_64_23.0.1.v20241024-1700\jre\bin\jimage.dll
Event: 0.364 Loaded shared library C:\Users\Saurabh Karn\.p2\pool\plugins\org.eclipse.justj.openjdk.hotspot.jre.full.win32.x86_64_23.0.1.v20241024-1700\jre\bin\management.dll
Event: 0.372 Loaded shared library C:\Users\Saurabh Karn\.p2\pool\plugins\org.eclipse.justj.openjdk.hotspot.jre.full.win32.x86_64_23.0.1.v20241024-1700\jre\bin\management_ext.dll
Event: 0.566 Loaded shared library C:\Users\Saurabh Karn\.p2\pool\plugins\org.eclipse.justj.openjdk.hotspot.jre.full.win32.x86_64_23.0.1.v20241024-1700\jre\bin\extnet.dll
Event: 0.583 Loaded shared library C:\Users\Saurabh Karn\.p2\pool\plugins\org.eclipse.justj.openjdk.hotspot.jre.full.win32.x86_64_23.0.1.v20241024-1700\jre\bin\verify.dll
Event: 2.294 Loaded shared library C:\Users\Saurabh Karn\.p2\pool\plugins\org.eclipse.justj.openjdk.hotspot.jre.full.win32.x86_64_23.0.1.v20241024-1700\jre\bin\sunmscapi.dll

Deoptimization events (20 events):
Event: 11268.913 Thread 0x000001e1c881a820 DEOPT PACKING pc=0x000001e1d4012a94 sp=0x0000001253efebb0
Event: 11268.913 Thread 0x000001e1c881a820 DEOPT UNPACKING pc=0x000001e1d37584c2 sp=0x0000001253efe080 mode 1
Event: 11268.913 Thread 0x000001e1c881a820 DEOPT PACKING pc=0x000001e1d45064fc sp=0x0000001253efece0
Event: 11268.913 Thread 0x000001e1c881a820 DEOPT UNPACKING pc=0x000001e1d37584c2 sp=0x0000001253efe190 mode 1
Event: 11268.913 Thread 0x000001e1c881a820 DEOPT PACKING pc=0x000001e1d3fffd7c sp=0x0000001253efe730
Event: 11268.913 Thread 0x000001e1c881a820 DEOPT UNPACKING pc=0x000001e1d37584c2 sp=0x0000001253efdb80 mode 1
Event: 11268.913 Thread 0x000001e1c881a820 DEOPT PACKING pc=0x000001e1d401ec74 sp=0x0000001253efe7e0
Event: 11268.913 Thread 0x000001e1c881a820 DEOPT UNPACKING pc=0x000001e1d37584c2 sp=0x0000001253efdc98 mode 1
Event: 11268.913 Thread 0x000001e1c881a820 DEOPT PACKING pc=0x000001e1d40143ac sp=0x0000001253efe890
Event: 11268.914 Thread 0x000001e1c881a820 DEOPT UNPACKING pc=0x000001e1d37584c2 sp=0x0000001253efddd0 mode 1
Event: 11268.914 Thread 0x000001e1c881a820 DEOPT PACKING pc=0x000001e1d4014fac sp=0x0000001253efe9b0
Event: 11268.914 Thread 0x000001e1c881a820 DEOPT UNPACKING pc=0x000001e1d37584c2 sp=0x0000001253efdef8 mode 1
Event: 11268.914 Thread 0x000001e1c881a820 DEOPT PACKING pc=0x000001e1d4012d94 sp=0x0000001253efead0
Event: 11268.914 Thread 0x000001e1c881a820 DEOPT UNPACKING pc=0x000001e1d37584c2 sp=0x0000001253efdf78 mode 1
Event: 11268.914 Thread 0x000001e1c881a820 DEOPT PACKING pc=0x000001e1d40130d4 sp=0x0000001253efeb30
Event: 11268.914 Thread 0x000001e1c881a820 DEOPT UNPACKING pc=0x000001e1d37584c2 sp=0x0000001253efdfe8 mode 1
Event: 11268.914 Thread 0x000001e1c881a820 DEOPT PACKING pc=0x000001e1d4012a94 sp=0x0000001253efebb0
Event: 11268.914 Thread 0x000001e1c881a820 DEOPT UNPACKING pc=0x000001e1d37584c2 sp=0x0000001253efe080 mode 1
Event: 11268.914 Thread 0x000001e1c881a820 DEOPT PACKING pc=0x000001e1d45064fc sp=0x0000001253efece0
Event: 11268.914 Thread 0x000001e1c881a820 DEOPT UNPACKING pc=0x000001e1d37584c2 sp=0x0000001253efe190 mode 1

Classes loaded (20 events):
Event: 4923.542 Loading class java/lang/ObjectCustomizer
Event: 4923.542 Loading class java/lang/ObjectCustomizer done
Event: 4923.542 Loading class java/lang/ObjectCustomizer
Event: 4923.542 Loading class java/lang/ObjectCustomizer done
Event: 4949.406 Loading class java/lang/ObjectCustomizer
Event: 4949.406 Loading class java/lang/ObjectCustomizer done
Event: 4949.408 Loading class java/lang/ObjectCustomizer
Event: 4949.408 Loading class java/lang/ObjectCustomizer done
Event: 5575.981 Loading class java/lang/ObjectCustomizer
Event: 5575.981 Loading class java/lang/ObjectCustomizer done
Event: 5575.982 Loading class java/lang/ObjectCustomizer
Event: 5575.982 Loading class java/lang/ObjectCustomizer done
Event: 5576.370 Loading class java/lang/ObjectCustomizer
Event: 5576.370 Loading class java/lang/ObjectCustomizer done
Event: 5576.370 Loading class java/lang/ObjectCustomizer
Event: 5576.370 Loading class java/lang/ObjectCustomizer done
Event: 5576.377 Loading class java/lang/ObjectCustomizer
Event: 5576.377 Loading class java/lang/ObjectCustomizer done
Event: 5576.377 Loading class java/lang/ObjectCustomizer
Event: 5576.377 Loading class java/lang/ObjectCustomizer done

Classes unloaded (20 events):
Event: 5575.852 Thread 0x000001e1db5eed00 Unloading class 0x000001e18100a000 'java/lang/invoke/LambdaForm$MH+0x000001e18100a000'
Event: 5575.852 Thread 0x000001e1db5eed00 Unloading class 0x000001e181952c00 'org/apache/catalina/loader/JdbcLeakPrevention'
Event: 5575.852 Thread 0x000001e1db5eed00 Unloading class 0x000001e1819b0800 'java/lang/invoke/LambdaForm$MH+0x000001e1819b0800'
Event: 5575.852 Thread 0x000001e1db5eed00 Unloading class 0x000001e1819b9000 'java/lang/invoke/LambdaForm$MH+0x000001e1819b9000'
Event: 5575.852 Thread 0x000001e1db5eed00 Unloading class 0x000001e1819bac00 'java/lang/invoke/LambdaForm$BMH+0x000001e1819bac00'
Event: 5575.852 Thread 0x000001e1db5eed00 Unloading class 0x000001e181945c00 'java/lang/invoke/LambdaForm$MH+0x000001e181945c00'
Event: 5575.852 Thread 0x000001e1db5eed00 Unloading class 0x000001e181983000 'java/lang/invoke/LambdaForm$MH+0x000001e181983000'
Event: 5575.852 Thread 0x000001e1db5eed00 Unloading class 0x000001e181414c00 'java/lang/invoke/LambdaForm$MH+0x000001e181414c00'
Event: 5575.852 Thread 0x000001e1db5eed00 Unloading class 0x000001e18185c800 'java/lang/invoke/LambdaForm$MH+0x000001e18185c800'
Event: 5575.852 Thread 0x000001e1db5eed00 Unloading class 0x000001e1811bb400 'java/lang/invoke/LambdaForm$MH+0x000001e1811bb400'
Event: 5575.852 Thread 0x000001e1db5eed00 Unloading class 0x000001e18144c000 'java/lang/invoke/LambdaForm$MH+0x000001e18144c000'
Event: 5575.852 Thread 0x000001e1db5eed00 Unloading class 0x000001e181081800 'java/lang/invoke/LambdaForm$MH+0x000001e181081800'
Event: 5575.852 Thread 0x000001e1db5eed00 Unloading class 0x000001e181007800 'java/lang/invoke/LambdaForm$MH+0x000001e181007800'
Event: 5575.852 Thread 0x000001e1db5eed00 Unloading class 0x000001e181943800 'java/lang/invoke/LambdaForm$MH+0x000001e181943800'
Event: 5575.852 Thread 0x000001e1db5eed00 Unloading class 0x000001e181946400 'java/lang/invoke/LambdaForm$BMH+0x000001e181946400'
Event: 5575.852 Thread 0x000001e1db5eed00 Unloading class 0x000001e181478800 'java/lang/invoke/LambdaForm$MH+0x000001e181478800'
Event: 5575.852 Thread 0x000001e1db5eed00 Unloading class 0x000001e181944c00 'java/lang/invoke/LambdaForm$MH+0x000001e181944c00'
Event: 5575.852 Thread 0x000001e1db5eed00 Unloading class 0x000001e18187c000 'java/lang/invoke/LambdaForm$MH+0x000001e18187c000'
Event: 5575.852 Thread 0x000001e1db5eed00 Unloading class 0x000001e1816e8c00 'java/lang/invoke/LambdaForm$MH+0x000001e1816e8c00'
Event: 5575.853 Thread 0x000001e1db5eed00 Unloading class 0x000001e181983800 'java/lang/invoke/LambdaForm$MH+0x000001e181983800'

Classes redefined (12 events):
Event: 602.011 Thread 0x000001e1db5eed00 redefined class name=com.lcwd.electronic.store.controllers.CategoryController, count=1
Event: 660.415 Thread 0x000001e1db5eed00 redefined class name=com.lcwd.electronic.store.controllers.CategoryController, count=2
Event: 660.415 Thread 0x000001e1db5eed00 redefined class name=com.lcwd.electronic.store.controllers.CategoryController, count=1
Event: 684.144 Thread 0x000001e1db5eed00 redefined class name=com.lcwd.electronic.store.controllers.CategoryController, count=3
Event: 684.144 Thread 0x000001e1db5eed00 redefined class name=com.lcwd.electronic.store.controllers.CategoryController, count=1
Event: 684.144 Thread 0x000001e1db5eed00 redefined class name=com.lcwd.electronic.store.controllers.CategoryController, count=2
Event: 4900.681 Thread 0x000001e1db5eed00 redefined class name=com.lcwd.electronic.store.serviceImpl.UserServiceImpl, count=1
Event: 4900.681 Thread 0x000001e1db5eed00 redefined class name=com.lcwd.electronic.store.serviceImpl.UserServiceImpl, count=1
Event: 4900.681 Thread 0x000001e1db5eed00 redefined class name=com.lcwd.electronic.store.serviceImpl.UserServiceImpl, count=1
Event: 4900.681 Thread 0x000001e1db5eed00 redefined class name=com.lcwd.electronic.store.serviceImpl.UserServiceImpl, count=1
Event: 4900.681 Thread 0x000001e1db5eed00 redefined class name=com.lcwd.electronic.store.serviceImpl.UserServiceImpl, count=1
Event: 4900.681 Thread 0x000001e1db5eed00 redefined class name=com.lcwd.electronic.store.serviceImpl.UserServiceImpl, count=1

Internal exceptions (20 events):
Event: 7363.292 Thread 0x000001e1c881d610 Exception <a 'java/io/IOException'{0x0000000088b30338}> (0x0000000088b30338) 
thrown [s\src\hotspot\share\prims\jni.cpp, line 520]
Event: 7375.515 Thread 0x000001e1c881a820 Exception <a 'java/io/IOException'{0x0000000088a47250}> (0x0000000088a47250) 
thrown [s\src\hotspot\share\prims\jni.cpp, line 520]
Event: 7375.516 Thread 0x000001e1c881a820 Exception <a 'java/io/IOException'{0x0000000088a47eb8}> (0x0000000088a47eb8) 
thrown [s\src\hotspot\share\prims\jni.cpp, line 520]
Event: 11268.894 Thread 0x000001e1c881a820 Exception <a 'java/io/IOException'{0x0000000088ace750}> (0x0000000088ace750) 
thrown [s\src\hotspot\share\prims\jni.cpp, line 520]
Event: 11268.894 Thread 0x000001e1c881a820 Exception <a 'java/io/IOException'{0x0000000088acf3b8}> (0x0000000088acf3b8) 
thrown [s\src\hotspot\share\prims\jni.cpp, line 520]
Event: 11268.897 Thread 0x000001e1c881a820 Exception <a 'java/io/IOException'{0x0000000088ad1400}> (0x0000000088ad1400) 
thrown [s\src\hotspot\share\prims\jni.cpp, line 520]
Event: 11268.897 Thread 0x000001e1c881a820 Exception <a 'java/io/IOException'{0x0000000088ad2068}> (0x0000000088ad2068) 
thrown [s\src\hotspot\share\prims\jni.cpp, line 520]
Event: 11268.898 Thread 0x000001e1c881a820 Exception <a 'java/io/IOException'{0x0000000088ad3eb8}> (0x0000000088ad3eb8) 
thrown [s\src\hotspot\share\prims\jni.cpp, line 520]
Event: 11268.899 Thread 0x000001e1c881a820 Exception <a 'java/io/IOException'{0x0000000088ad4b20}> (0x0000000088ad4b20) 
thrown [s\src\hotspot\share\prims\jni.cpp, line 520]
Event: 11268.900 Thread 0x000001e1c881a820 Exception <a 'java/io/IOException'{0x0000000088ad6970}> (0x0000000088ad6970) 
thrown [s\src\hotspot\share\prims\jni.cpp, line 520]
Event: 11268.901 Thread 0x000001e1c881a820 Exception <a 'java/io/IOException'{0x0000000088ad75d8}> (0x0000000088ad75d8) 
thrown [s\src\hotspot\share\prims\jni.cpp, line 520]
Event: 11268.902 Thread 0x000001e1c881a820 Exception <a 'java/io/IOException'{0x0000000088ad9428}> (0x0000000088ad9428) 
thrown [s\src\hotspot\share\prims\jni.cpp, line 520]
Event: 11268.902 Thread 0x000001e1c881a820 Exception <a 'java/io/IOException'{0x0000000088ada090}> (0x0000000088ada090) 
thrown [s\src\hotspot\share\prims\jni.cpp, line 520]
Event: 11268.904 Thread 0x000001e1c881a820 Exception <a 'java/io/IOException'{0x0000000088adbee0}> (0x0000000088adbee0) 
thrown [s\src\hotspot\share\prims\jni.cpp, line 520]
Event: 11268.904 Thread 0x000001e1c881a820 Exception <a 'java/io/IOException'{0x0000000088adcb48}> (0x0000000088adcb48) 
thrown [s\src\hotspot\share\prims\jni.cpp, line 520]
Event: 11268.906 Thread 0x000001e1c881a820 Exception <a 'java/io/IOException'{0x0000000088ade9c0}> (0x0000000088ade9c0) 
thrown [s\src\hotspot\share\prims\jni.cpp, line 520]
Event: 11268.908 Thread 0x000001e1c881a820 Exception <a 'java/io/IOException'{0x0000000088901e50}> (0x0000000088901e50) 
thrown [s\src\hotspot\share\prims\jni.cpp, line 520]
Event: 11268.912 Thread 0x000001e1c881a820 Exception <a 'java/io/IOException'{0x0000000088903ca0}> (0x0000000088903ca0) 
thrown [s\src\hotspot\share\prims\jni.cpp, line 520]
Event: 11268.913 Thread 0x000001e1c881a820 Exception <a 'java/io/IOException'{0x0000000088904908}> (0x0000000088904908) 
thrown [s\src\hotspot\share\prims\jni.cpp, line 520]
Event: 11268.913 Thread 0x000001e1c881a820 Exception <a 'java/io/IOException'{0x0000000088906780}> (0x0000000088906780) 
thrown [s\src\hotspot\share\prims\jni.cpp, line 520]

VM Operations (20 events):
Event: 5635.513 Executing VM operation: get/set locals
Event: 5635.513 Executing VM operation: get/set locals done
Event: 5635.513 Executing VM operation: get/set locals
Event: 5635.513 Executing VM operation: get/set locals done
Event: 5635.513 Executing VM operation: get/set locals
Event: 5635.513 Executing VM operation: get/set locals done
Event: 5635.514 Executing VM operation: get/set locals
Event: 5635.514 Executing VM operation: get/set locals done
Event: 5635.514 Executing VM operation: get/set locals
Event: 5635.514 Executing VM operation: get/set locals done
Event: 5635.514 Executing VM operation: get/set locals
Event: 5635.514 Executing VM operation: get/set locals done
Event: 5635.515 Executing VM operation: get/set locals
Event: 5635.515 Executing VM operation: get/set locals done
Event: 5635.515 Executing VM operation: get/set locals
Event: 5635.515 Executing VM operation: get/set locals done
Event: 5635.515 Executing VM operation: get/set locals
Event: 5635.515 Executing VM operation: get/set locals done
Event: 5635.516 Executing VM operation: get/set locals
Event: 5635.516 Executing VM operation: get/set locals done

Memory protections (0 events):
No events

Nmethod flushes (20 events):
Event: 4902.026 Thread 0x000001e1db5eed00 flushing  nmethod 0x000001e1d409e308
Event: 4902.026 Thread 0x000001e1db5eed00 flushing  nmethod 0x000001e1d4197a08
Event: 4902.026 Thread 0x000001e1db5eed00 flushing  nmethod 0x000001e1d41ddf08
Event: 4902.026 Thread 0x000001e1db5eed00 flushing  nmethod 0x000001e1d44cbb08
Event: 4902.026 Thread 0x000001e1db5eed00 flushing  nmethod 0x000001e1d452c908
Event: 4902.026 Thread 0x000001e1db5eed00 flushing  nmethod 0x000001e1d4563388
Event: 4902.026 Thread 0x000001e1db5eed00 flushing  nmethod 0x000001e1d457c008
Event: 4902.026 Thread 0x000001e1db5eed00 flushing  nmethod 0x000001e1d38ffd08
Event: 4902.026 Thread 0x000001e1db5eed00 flushing  nmethod 0x000001e1d3919288
Event: 4902.026 Thread 0x000001e1db5eed00 flushing  nmethod 0x000001e1d39d6408
Event: 4902.026 Thread 0x000001e1db5eed00 flushing  nmethod 0x000001e1d3a23d88
Event: 4902.026 Thread 0x000001e1db5eed00 flushing  nmethod 0x000001e1d3bad788
Event: 4902.026 Thread 0x000001e1db5eed00 flushing  nmethod 0x000001e1d3bda608
Event: 4902.026 Thread 0x000001e1db5eed00 flushing  nmethod 0x000001e1d3c31508
Event: 4902.026 Thread 0x000001e1db5eed00 flushing  nmethod 0x000001e1d3c60b08
Event: 4902.026 Thread 0x000001e1db5eed00 flushing  nmethod 0x000001e1d3cb0288
Event: 4902.026 Thread 0x000001e1db5eed00 flushing  nmethod 0x000001e1d3cbf708
Event: 4902.026 Thread 0x000001e1db5eed00 flushing  nmethod 0x000001e1d3fbfe88
Event: 4902.026 Thread 0x000001e1db5eed00 flushing  nmethod 0x000001e1d4288108
Event: 4902.026 Thread 0x000001e1db5eed00 flushing  nmethod 0x000001e1d4559108

Events (20 events):
Event: 7343.239 Thread 0x000001e1c881aeb0 Thread added: 0x000001e1c881d610
Event: 7343.239 Thread 0x000001e1c881aeb0 Thread added: 0x000001e1c881a820
Event: 7348.245 Thread 0x000001e1c881d610 Thread exited: 0x000001e1c881d610
Event: 7348.277 Thread 0x000001e1c881a820 Thread exited: 0x000001e1c881a820
Event: 7348.682 Thread 0x000001e1c881aeb0 Thread added: 0x000001e1c881d610
Event: 7348.682 Thread 0x000001e1c881aeb0 Thread added: 0x000001e1c881a820
Event: 7356.013 Thread 0x000001e1c881d610 Thread exited: 0x000001e1c881d610
Event: 7356.044 Thread 0x000001e1c881a820 Thread exited: 0x000001e1c881a820
Event: 7361.301 Thread 0x000001e1c881aeb0 Thread added: 0x000001e1c881d610
Event: 7361.301 Thread 0x000001e1c881aeb0 Thread added: 0x000001e1c881a820
Event: 7372.523 Thread 0x000001e1c881d610 Thread exited: 0x000001e1c881d610
Event: 7372.538 Thread 0x000001e1c881a820 Thread exited: 0x000001e1c881a820
Event: 7375.514 Thread 0x000001e1c881aeb0 Thread added: 0x000001e1c881a820
Event: 7375.514 Thread 0x000001e1c881aeb0 Thread added: 0x000001e1c8820400
Event: 7380.519 Thread 0x000001e1c881a820 Thread exited: 0x000001e1c881a820
Event: 7380.534 Thread 0x000001e1c8820400 Thread exited: 0x000001e1c8820400
Event: 11268.889 Thread 0x000001e1c881aeb0 Thread added: 0x000001e1c881a820
Event: 11268.890 Thread 0x000001e1c881aeb0 Thread added: 0x000001e1c8820a90
Event: 11273.915 Thread 0x000001e1c881a820 Thread exited: 0x000001e1c881a820
Event: 11274.132 Thread 0x000001e1c8820a90 Thread exited: 0x000001e1c8820a90


Dynamic libraries:
0x00007ff75dea0000 - 0x00007ff75deae000 	C:\Users\Saurabh Karn\.p2\pool\plugins\org.eclipse.justj.openjdk.hotspot.jre.full.win32.x86_64_23.0.1.v20241024-1700\jre\bin\javaw.exe
0x00007fffc9cc0000 - 0x00007fffc9f23000 	C:\WINDOWS\SYSTEM32\ntdll.dll
0x00007fffc8640000 - 0x00007fffc8707000 	C:\WINDOWS\System32\KERNEL32.DLL
0x00007fffc7320000 - 0x00007fffc76e7000 	C:\WINDOWS\System32\KERNELBASE.dll
0x00007fffc71d0000 - 0x00007fffc731c000 	C:\WINDOWS\System32\ucrtbase.dll
0x00007fff4eb90000 - 0x00007fff4ebae000 	C:\Users\Saurabh Karn\.p2\pool\plugins\org.eclipse.justj.openjdk.hotspot.jre.full.win32.x86_64_23.0.1.v20241024-1700\jre\bin\VCRUNTIME140.dll
0x00007fff4ec60000 - 0x00007fff4ec77000 	C:\Users\Saurabh Karn\.p2\pool\plugins\org.eclipse.justj.openjdk.hotspot.jre.full.win32.x86_64_23.0.1.v20241024-1700\jre\bin\jli.dll
0x00007fffc93c0000 - 0x00007fffc9589000 	C:\WINDOWS\System32\USER32.dll
0x00007fffa9910000 - 0x00007fffa9ba0000 	C:\WINDOWS\WinSxS\amd64_microsoft.windows.common-controls_6595b64144ccf1df_6.0.26100.3037_none_3e09262ce333c378\COMCTL32.dll
0x00007fffc7a40000 - 0x00007fffc7a67000 	C:\WINDOWS\System32\win32u.dll
0x00007fffc9a60000 - 0x00007fffc9b09000 	C:\WINDOWS\System32\msvcrt.dll
0x00007fffc9b50000 - 0x00007fffc9b7a000 	C:\WINDOWS\System32\GDI32.dll
0x00007fffc7910000 - 0x00007fffc7a3b000 	C:\WINDOWS\System32\gdi32full.dll
0x00007fffc7060000 - 0x00007fffc7103000 	C:\WINDOWS\System32\msvcp_win.dll
0x00007fffc9b10000 - 0x00007fffc9b3f000 	C:\WINDOWS\System32\IMM32.DLL
0x00007fff982b0000 - 0x00007fff982bc000 	C:\Users\Saurabh Karn\.p2\pool\plugins\org.eclipse.justj.openjdk.hotspot.jre.full.win32.x86_64_23.0.1.v20241024-1700\jre\bin\vcruntime140_1.dll
0x00007fff41900000 - 0x00007fff4198d000 	C:\Users\Saurabh Karn\.p2\pool\plugins\org.eclipse.justj.openjdk.hotspot.jre.full.win32.x86_64_23.0.1.v20241024-1700\jre\bin\msvcp140.dll
0x00007fff46510000 - 0x00007fff472dd000 	C:\Users\Saurabh Karn\.p2\pool\plugins\org.eclipse.justj.openjdk.hotspot.jre.full.win32.x86_64_23.0.1.v20241024-1700\jre\bin\server\jvm.dll
0x00007fffc9920000 - 0x00007fffc99d4000 	C:\WINDOWS\System32\ADVAPI32.dll
0x00007fffc9300000 - 0x00007fffc93a6000 	C:\WINDOWS\System32\sechost.dll
0x00007fffc90e0000 - 0x00007fffc91f6000 	C:\WINDOWS\System32\RPCRT4.dll
0x00007fffc99e0000 - 0x00007fffc9a54000 	C:\WINDOWS\System32\WS2_32.dll
0x00007fffc6f10000 - 0x00007fffc6f5e000 	C:\WINDOWS\SYSTEM32\POWRPROF.dll
0x00007fffbda80000 - 0x00007fffbdab6000 	C:\WINDOWS\SYSTEM32\WINMM.dll
0x00007fffc5ad0000 - 0x00007fffc5adb000 	C:\WINDOWS\SYSTEM32\VERSION.dll
0x00007fffc6ef0000 - 0x00007fffc6f04000 	C:\WINDOWS\SYSTEM32\UMPDC.dll
0x00007fffc5e90000 - 0x00007fffc5eaa000 	C:\WINDOWS\SYSTEM32\kernel.appcore.dll
0x00007fffa24d0000 - 0x00007fffa24da000 	C:\Users\Saurabh Karn\.p2\pool\plugins\org.eclipse.justj.openjdk.hotspot.jre.full.win32.x86_64_23.0.1.v20241024-1700\jre\bin\jimage.dll
0x00007fffc44a0000 - 0x00007fffc46e1000 	C:\WINDOWS\SYSTEM32\DBGHELP.DLL
0x00007fffc9590000 - 0x00007fffc990e000 	C:\WINDOWS\System32\combase.dll
0x00007fffc8360000 - 0x00007fffc8436000 	C:\WINDOWS\System32\OLEAUT32.dll
0x00007fffbda40000 - 0x00007fffbda79000 	C:\WINDOWS\SYSTEM32\dbgcore.DLL
0x00007fffc7870000 - 0x00007fffc7909000 	C:\WINDOWS\System32\bcryptPrimitives.dll
0x00007fffbcba0000 - 0x00007fffbcbdc000 	C:\Users\Saurabh Karn\.p2\pool\plugins\org.eclipse.justj.openjdk.hotspot.jre.full.win32.x86_64_23.0.1.v20241024-1700\jre\bin\jdwp.dll
0x00007fff9d630000 - 0x00007fff9d63f000 	C:\Users\Saurabh Karn\.p2\pool\plugins\org.eclipse.justj.openjdk.hotspot.jre.full.win32.x86_64_23.0.1.v20241024-1700\jre\bin\instrument.dll
0x00007fff52210000 - 0x00007fff5222e000 	C:\Users\Saurabh Karn\.p2\pool\plugins\org.eclipse.justj.openjdk.hotspot.jre.full.win32.x86_64_23.0.1.v20241024-1700\jre\bin\java.dll
0x00007fffc7d30000 - 0x00007fffc7ec5000 	C:\WINDOWS\System32\ole32.dll
0x00007fffc8710000 - 0x00007fffc8e14000 	C:\WINDOWS\System32\SHELL32.dll
0x00007fffc5210000 - 0x00007fffc5a47000 	C:\WINDOWS\SYSTEM32\windows.storage.dll
0x00007fffc8e20000 - 0x00007fffc8f09000 	C:\WINDOWS\System32\SHCORE.dll
0x00007fffc85e0000 - 0x00007fffc863d000 	C:\WINDOWS\System32\shlwapi.dll
0x00007fffc6f70000 - 0x00007fffc6f9e000 	C:\WINDOWS\SYSTEM32\profapi.dll
0x00007fff4ec40000 - 0x00007fff4ec57000 	C:\Users\Saurabh Karn\.p2\pool\plugins\org.eclipse.justj.openjdk.hotspot.jre.full.win32.x86_64_23.0.1.v20241024-1700\jre\bin\zip.dll
0x00007fffbd7a0000 - 0x00007fffbd7ac000 	C:\Users\Saurabh Karn\.p2\pool\plugins\org.eclipse.justj.openjdk.hotspot.jre.full.win32.x86_64_23.0.1.v20241024-1700\jre\bin\dt_socket.dll
0x00007fffc4c40000 - 0x00007fffc4c72000 	C:\WINDOWS\SYSTEM32\IPHLPAPI.DLL
0x00007fffc63a0000 - 0x00007fffc6408000 	C:\WINDOWS\system32\mswsock.dll
0x00007fffc4c80000 - 0x00007fffc4da5000 	C:\WINDOWS\SYSTEM32\DNSAPI.dll
0x00007fffc8440000 - 0x00007fffc844a000 	C:\WINDOWS\System32\NSI.dll
0x00007fffbc1b0000 - 0x00007fffbc1bb000 	C:\Windows\System32\rasadhlp.dll
0x00007fffbeed0000 - 0x00007fffbef55000 	C:\WINDOWS\System32\fwpuclnt.dll
0x00007fff9c760000 - 0x00007fff9c770000 	C:\Users\Saurabh Karn\.p2\pool\plugins\org.eclipse.justj.openjdk.hotspot.jre.full.win32.x86_64_23.0.1.v20241024-1700\jre\bin\net.dll
0x00007fff4ec20000 - 0x00007fff4ec36000 	C:\Users\Saurabh Karn\.p2\pool\plugins\org.eclipse.justj.openjdk.hotspot.jre.full.win32.x86_64_23.0.1.v20241024-1700\jre\bin\nio.dll
0x00007fffbe0b0000 - 0x00007fffbe0ba000 	C:\Users\Saurabh Karn\.p2\pool\plugins\org.eclipse.justj.openjdk.hotspot.jre.full.win32.x86_64_23.0.1.v20241024-1700\jre\bin\management.dll
0x00007fffbd380000 - 0x00007fffbd38b000 	C:\Users\Saurabh Karn\.p2\pool\plugins\org.eclipse.justj.openjdk.hotspot.jre.full.win32.x86_64_23.0.1.v20241024-1700\jre\bin\management_ext.dll
0x00007fffc9bb0000 - 0x00007fffc9bb8000 	C:\WINDOWS\System32\PSAPI.DLL
0x00007fffa9770000 - 0x00007fffa9788000 	C:\WINDOWS\system32\napinsp.dll
0x00007fffa9750000 - 0x00007fffa9762000 	C:\WINDOWS\System32\winrnr.dll
0x00007fffa9720000 - 0x00007fffa9742000 	C:\WINDOWS\system32\nlansp_c.dll
0x00007fffa9120000 - 0x00007fffa9136000 	C:\WINDOWS\system32\wshbth.dll
0x00007fffc6650000 - 0x00007fffc666c000 	C:\WINDOWS\SYSTEM32\CRYPTSP.dll
0x00007fffc5df0000 - 0x00007fffc5e28000 	C:\WINDOWS\system32\rsaenh.dll
0x00007fffc6440000 - 0x00007fffc646b000 	C:\WINDOWS\SYSTEM32\USERENV.dll
0x00007fffc6880000 - 0x00007fffc68a6000 	C:\WINDOWS\SYSTEM32\bcrypt.dll
0x00007fffc6640000 - 0x00007fffc664c000 	C:\WINDOWS\SYSTEM32\CRYPTBASE.dll
0x00007fffbd0a0000 - 0x00007fffbd0a9000 	C:\Users\Saurabh Karn\.p2\pool\plugins\org.eclipse.justj.openjdk.hotspot.jre.full.win32.x86_64_23.0.1.v20241024-1700\jre\bin\extnet.dll
0x00007fff9bfc0000 - 0x00007fff9bfd0000 	C:\Users\Saurabh Karn\.p2\pool\plugins\org.eclipse.justj.openjdk.hotspot.jre.full.win32.x86_64_23.0.1.v20241024-1700\jre\bin\verify.dll
0x00007fff994a0000 - 0x00007fff994ae000 	C:\Users\Saurabh Karn\.p2\pool\plugins\org.eclipse.justj.openjdk.hotspot.jre.full.win32.x86_64_23.0.1.v20241024-1700\jre\bin\sunmscapi.dll
0x00007fffc76f0000 - 0x00007fffc7866000 	C:\WINDOWS\System32\CRYPT32.dll
0x00007fffc6840000 - 0x00007fffc6870000 	C:\WINDOWS\SYSTEM32\ncrypt.dll
0x00007fffc67f0000 - 0x00007fffc682f000 	C:\WINDOWS\SYSTEM32\NTASN1.dll
0x00007fffbd090000 - 0x00007fffbd098000 	C:\WINDOWS\system32\wshunix.dll

dbghelp: loaded successfully - version: 4.0.5 - missing functions: none
symbol engine: initialized successfully - sym options: 0x614 - pdb path: .;C:\Users\Saurabh Karn\.p2\pool\plugins\org.eclipse.justj.openjdk.hotspot.jre.full.win32.x86_64_23.0.1.v20241024-1700\jre\bin;C:\WINDOWS\SYSTEM32;C:\WINDOWS\WinSxS\amd64_microsoft.windows.common-controls_6595b64144ccf1df_6.0.26100.3037_none_3e09262ce333c378;C:\Users\Saurabh Karn\.p2\pool\plugins\org.eclipse.justj.openjdk.hotspot.jre.full.win32.x86_64_23.0.1.v20241024-1700\jre\bin\server

VM Arguments:
jvm_args: -XX:+ShowCodeDetailsInExceptionMessages -agentlib:jdwp=transport=dt_socket,suspend=y,address=localhost:55265 -Dcom.sun.management.jmxremote -Dcom.sun.management.jmxremote.port=55264 -Dcom.sun.management.jmxremote.authenticate=false -Dcom.sun.management.jmxremote.ssl=false -Djava.rmi.server.hostname=localhost -Dspring.jmx.enabled=true -Dmanagement.endpoints.jmx.exposure.include=* -Dspring.application.admin.enabled=true -XX:TieredStopAtLevel=1 -Dspring.boot.project.name=Electronic-Store -javaagent:C:\Users\Saurabh Karn\eclipse\jee-2024-092\eclipse\configuration\org.eclipse.osgi\446\0\.cp\lib\javaagent-shaded.jar -Dfile.encoding=UTF-8 -Dstdout.encoding=UTF-8 -Dstderr.encoding=UTF-8 
java_command: com.lcwd.electronic.store.ElectronicStoreApplication --spring.output.ansi.enabled=always
java_class_path (initial): D:\SpringBoot\Electronic-Store\target\classes;C:\Users\Saurabh Karn\.m2\repository\org\springframework\boot\spring-boot-starter-data-jpa\2.7.18\spring-boot-starter-data-jpa-2.7.18.jar;C:\Users\Saurabh Karn\.m2\repository\org\springframework\boot\spring-boot-starter-aop\2.7.18\spring-boot-starter-aop-2.7.18.jar;C:\Users\Saurabh Karn\.m2\repository\org\springframework\spring-aop\5.3.31\spring-aop-5.3.31.jar;C:\Users\Saurabh Karn\.m2\repository\org\aspectj\aspectjweaver\1.9.7\aspectjweaver-1.9.7.jar;C:\Users\Saurabh Karn\.m2\repository\org\springframework\boot\spring-boot-starter-jdbc\2.7.18\spring-boot-starter-jdbc-2.7.18.jar;C:\Users\Saurabh Karn\.m2\repository\com\zaxxer\HikariCP\4.0.3\HikariCP-4.0.3.jar;C:\Users\Saurabh Karn\.m2\repository\org\springframework\spring-jdbc\5.3.31\spring-jdbc-5.3.31.jar;C:\Users\Saurabh Karn\.m2\repository\jakarta\transaction\jakarta.transaction-api\1.3.3\jakarta.transaction-api-1.3.3.jar;C:\Users\Saurabh Karn\.m2\repository\jakarta\persistence\jakarta.persistence-api\2.2.3\jakarta.persistence-api-2.2.3.jar;C:\Users\Saurabh Karn\.m2\repository\org\hibernate\hibernate-core\5.6.15.Final\hibernate-core-5.6.15.Final.jar;C:\Users\Saurabh Karn\.m2\repository\org\jboss\logging\jboss-logging\3.4.3.Final\jboss-logging-3.4.3.Final.jar;C:\Users\Saurabh Karn\.m2\repository\net\bytebuddy\byte-buddy\1.12.23\byte-buddy-1.12.23.jar;C:\Users\Saurabh Karn\.m2\repository\antlr\antlr\2.7.7\antlr-2.7.7.jar;C:\Users\Saurabh Karn\.m2\repository\org\jboss\jandex\2.4.2.Final\jandex-2.4.2.Final.jar;C:\Users\Saurabh Karn\.m2\repository\com\fasterxml\classmate\1.5.1\classmate-1.5.1.jar;C:\Users\Saurabh Karn\.m2\repository\org\hibernate\common\hibernate-commons-annotations\5.1.2.Final\hibernate-commons-annotations-5.1.2.Final.jar;C:\Users\Saurabh Karn\.m2\repository\org\glassfish\jaxb\jaxb-runtime\2.3.9\jaxb-runtime-2.3.9.jar;C:\Users\Saurabh Karn\.m2\repository\org\glassfish\jaxb\txw2\2.3.9\txw2-2.3.9.jar;C:\Users\Saurabh Karn\.m2\repository\com\sun\istack\istack-commons-runtime\3.0.12\istack-commons-runtime-3.0.12.jar;C:\Users\Saurabh Karn\.m2\repository\com\sun\activation\jakarta.activation\1.2.2\jakarta.activation-1.2.2.jar;C:\Users\Saurabh Karn\.m2\repository\org\springframework\data\spring-data-jpa\2.7.18\spring-data-jpa-2.7.18.jar;C:\Users\Saurabh Karn\.m2\repository\org\springframework\data\spring-data-commons\2.7.18\spring-data-commons-2.7.18.jar;C:\Users\Saurabh Karn\.m2\repository\org\springframework\spring-orm\5.3.31\spring-orm-5.3.31.jar;C:\Users\Saurabh Karn\.m2\repository\org\springframework\spring-context\5.3.31\spring-context-5.3.31.jar;C:\Users\Saurabh Karn\.m2\repository\org\springframework\spring-tx\5.3.31\spring-tx-5.3.31.jar;C:\Users\Saurabh Karn\.m2\repository\org\springframework\spring-beans\5.3.31\spring-beans-5.3.31.jar;C:\Users\Saurabh Karn\.m2\repository\org\slf4j\slf4j-api\1.7.36\slf4j-api-1.7.36.jar;C:\Users\Saurabh Karn\.m2\repository\org\springframework\spring-aspects\5.3.31\spring-aspects-5.3.31.jar;C:\Users\Saurabh Karn\.m2\repository\org\springframework\boot\spring-boot-starter-web\2.7.18\spring-boot-starter-web-2.7.18.jar;C:\Users\Saurabh Karn\.m2\repository\org\springframework\boot\spring-boot-starter\2.7.18\spring-boot-starter-2.7.18.jar;C:\Users\Saurabh Karn\.m2\repository\org\springframework\boot\spring-boot-starter-logging\2.7.18\spring-boot-starter-logging-2.7.18.jar;C:\Users\Saurabh Karn\.m2\repository\ch\qos\logback\logback-classic\1.2.12\logback-classic-1.2.12.jar;C:\Users\Saurabh Karn\.m2\repository\ch\qos\logback\logback-core\1.2.12\logback-core-1.2.12.jar;C:\Users\Saurabh Karn\.m2\repository\org\apache\logging\log4j\log4j-to-slf4j\2.17.2\log4j-to-slf4j-2.17.2.jar;C:\Users\Saurabh Karn\.m2\repository\org\apache\logging\log4j\log4j-api\2.17.2\log4j-api-2.17.2.jar;C:\Users\Saurabh Karn\.m2\repository\org\slf4j\jul-to-slf4j\1.7.36\jul-to-slf4j-1.7.36.jar;C:\Users\Saurabh Karn\.m2\repository\jakarta\annotation\jakarta.annotation-api\1.3.5\jakarta.annotation-api-1.3.5.jar;C:\Users\Saurabh Karn\.m2\repository\org\yaml\snakeyaml\1.30\snakeyaml-1.30.jar;C:\Users\Saurabh Karn\.m2\repository\org\springframework\boot\spring-boot-starter-json\2.7.18\spring-boot-starter-json-2.7.18.jar;C:\Users\Saurabh Karn\.m2\repository\com\fasterxml\jackson\core\jackson-databind\2.13.5\jackson-databind-2.13.5.jar;C:\Users\Saurabh Karn\.m2\repository\com\fasterxml\jackson\core\jackson-annotations\2.13.5\jackson-annotations-2.13.5.jar;C:\Users\Saurabh Karn\.m2\repository\com\fasterxml\jackson\core\jackson-core\2.13.5\jackson-core-2.13.5.jar;C:\Users\Saurabh Karn\.m2\repository\com\fasterxml\jackson\datatype\jackson-datatype-jdk8\2.13.5\jackson-datatype-jdk8-2.13.5.jar;C:\Users\Saurabh Karn\.m2\repository\com\fasterxml\jackson\datatype\jackson-datatype-jsr310\2.13.5\jackson-datatype-jsr310-2.13.5.jar;C:\Users\Saurabh Karn\.m2\repository\com\fasterxml\jackson\module\jackson-module-parameter-names\2.13.5\jackson-module-parameter-names-2.13.5.jar;C:\Users\Saurabh Karn\.m2\repository\org\springframework\boot\spring-boot-starter-tomcat\2.7.18\spring-boot-starter-tomcat-2.7.18.jar;C:\Users\Saurabh Karn\.m2\repository\org\apache\tomcat\embed\tomcat-embed-core\9.0.83\tomcat-embed-core-9.0.83.jar;C:\Users\Saurabh Karn\.m2\repository\org\apache\tomcat\embed\tomcat-embed-websocket\9.0.83\tomcat-embed-websocket-9.0.83.jar;C:\Users\Saurabh Karn\.m2\repository\org\springframework\spring-web\5.3.31\spring-web-5.3.31.jar;C:\Users\Saurabh Karn\.m2\repository\org\springframework\spring-webmvc\5.3.31\spring-webmvc-5.3.31.jar;C:\Users\Saurabh Karn\.m2\repository\org\springframework\spring-expression\5.3.31\spring-expression-5.3.31.jar;C:\Users\Saurabh Karn\.m2\repository\org\springframework\boot\spring-boot-devtools\2.7.18\spring-boot-devtools-2.7.18.jar;C:\Users\Saurabh Karn\.m2\repository\org\springframework\boot\spring-boot\2.7.18\spring-boot-2.7.18.jar;C:\Users\Saurabh Karn\.m2\repository\org\springframework\boot\spring-boot-autoconfigure\2.7.18\spring-boot-autoconfigure-2.7.18.jar;C:\Users\Saurabh Karn\.m2\repository\com\mysql\mysql-connector-j\8.0.33\mysql-connector-j-8.0.33.jar;C:\Users\Saurabh Karn\.m2\repository\jakarta\xml\bind\jakarta.xml.bind-api\2.3.3\jakarta.xml.bind-api-2.3.3.jar;C:\Users\Saurabh Karn\.m2\repository\jakarta\activation\jakarta.activation-api\1.2.2\jakarta.activation-api-1.2.2.jar;C:\Users\Saurabh Karn\.m2\repository\org\springframework\spring-core\5.3.31\spring-core-5.3.31.jar;C:\Users\Saurabh Karn\.m2\repository\org\springframework\spring-jcl\5.3.31\spring-jcl-5.3.31.jar;C:\Users\Saurabh Karn\.m2\repository\org\projectlombok\lombok\1.18.30\lombok-1.18.30.jar;C:\Users\Saurabh Karn\.m2\repository\org\modelmapper\modelmapper\3.0.0\modelmapper-3.0.0.jar;C:\Users\Saurabh Karn\.m2\repository\org\springframework\boot\spring-boot-starter-validation\2.7.18\spring-boot-starter-validation-2.7.18.jar;C:\Users\Saurabh Karn\.m2\repository\org\apache\tomcat\embed\tomcat-embed-el\9.0.83\tomcat-embed-el-9.0.83.jar;C:\Users\Saurabh Karn\.m2\repository\org\hibernate\validator\hibernate-validator\6.2.5.Final\hibernate-validator-6.2.5.Final.jar;C:\Users\Saurabh Karn\.m2\repository\jakarta\validation\jakarta.validation-api\2.0.2\jakarta.validation-api-2.0.2.jar
Launcher Type: SUN_STANDARD

[Global flags]
     intx CICompilerCount                          = 3                                         {product} {ergonomic}
     uint ConcGCThreads                            = 1                                         {product} {ergonomic}
     uint G1ConcRefinementThreads                  = 4                                         {product} {ergonomic}
   size_t G1HeapRegionSize                         = 1048576                                   {product} {ergonomic}
   size_t InitialHeapSize                          = 130023424                                 {product} {ergonomic}
     bool ManagementServer                         = true                                      {product} {command line}
   size_t MarkStackSize                            = 4194304                                   {product} {ergonomic}
   size_t MarkStackSizeMax                         = 536870912                                 {product} {ergonomic}
   size_t MaxHeapSize                              = 2069889024                                {product} {ergonomic}
   size_t MaxNewSize                               = 1241513984                                {product} {ergonomic}
   size_t MinHeapDeltaBytes                        = 1048576                                   {product} {ergonomic}
   size_t MinHeapSize                              = 8388608                                   {product} {ergonomic}
    uintx NonNMethodCodeHeapSize                   = 4096                                   {pd product} {ergonomic}
    uintx NonProfiledCodeHeapSize                  = 0                                      {pd product} {ergonomic}
     bool ProfileInterpreter                       = false                                  {pd product} {command line}
    uintx ProfiledCodeHeapSize                     = 0                                      {pd product} {ergonomic}
     bool ShowCodeDetailsInExceptionMessages       = true                                   {manageable} {command line}
   size_t SoftMaxHeapSize                          = 2069889024                             {manageable} {ergonomic}
     intx TieredStopAtLevel                        = 1                                         {product} {command line}
     bool UseCompressedOops                        = true                           {product lp64_product} {ergonomic}
     bool UseG1GC                                  = true                                      {product} {ergonomic}
     bool UseLargePagesIndividualAllocation        = false                                  {pd product} {ergonomic}

Logging:
Log output configuration:
 #0: stdout all=warning uptime,level,tags foldmultilines=false
 #1: stderr all=off uptime,level,tags foldmultilines=false

Environment Variables:
PATH=C:\Users\Saurabh Karn\.p2\pool\plugins\org.eclipse.justj.openjdk.hotspot.jre.full.win32.x86_64_23.0.1.v20241024-1700\jre\bin;C:/Users/Saurabh Karn/.p2/pool/plugins/org.eclipse.justj.openjdk.hotspot.jre.full.win32.x86_64_23.0.1.v20241024-1700/jre/bin/server;C:/Users/Saurabh Karn/.p2/pool/plugins/org.eclipse.justj.openjdk.hotspot.jre.full.win32.x86_64_23.0.1.v20241024-1700/jre/bin;C:\Program Files\Common Files\Oracle\Java\javapath;C:\Program Files (x86)\Common Files\Oracle\Java\java8path;C:\Program Files (x86)\Common Files\Oracle\Java\javapath;C:\Program Files\apache-maven-3.6.3\apache-maven-3.6.3\bin\C:\Program Files\Java\jdk1.8.0_202\bin;C:\Users\Saurabh Karn\AppData\Roaming\Microsoft\Windows\Start Menu\Programs\Python 3.10;;C:\WINDOWS\system32;C:\WINDOWS;C:\WINDOWS\System32\Wbem;C:\WINDOWS\System32\WindowsPowerShell\v1.0\;C:\WINDOWS\System32\OpenSSH\;C:\Users\Saurabh Karn\AppData\Local\Programs\Python\Python310\Scripts\;C:\Users\Saurabh Karn\AppData\Local\Programs\Python\Python310\;C:\Users\Saurabh Karn\AppData\Local\Programs\Python\Python39\Scripts\;C:\Users\Saurabh Karn\AppData\Local\Programs\Python\Python39\;C:\Users\Saurabh Karn\AppData\Local\Microsoft\WindowsApps;C:\Users\Saurabh Karn\AppData\Local\Programs\Microsoft VS Code\bin;C:\Users\Saurabh Karn\AppData\Local\Programs\Git\cmd;C:\Users\Saurabh Karn\AppData\Roaming\npm;;C:\Users\Saurabh Karn\Desktop;
USERNAME=Saurabh Karn
OS=Windows_NT
PROCESSOR_IDENTIFIER=Intel64 Family 6 Model 140 Stepping 1, GenuineIntel
TMP=C:\Users\SAURAB~1\AppData\Local\Temp
TEMP=C:\Users\SAURAB~1\AppData\Local\Temp




Periodic native trim disabled

---------------  S Y S T E M  ---------------

OS:
 Windows 11 , 64 bit Build 26100 (10.0.26100.3037)
OS uptime: 0 days 23:57 hours

CPU: total 4 (initial active 4) (2 cores per cpu, 2 threads per core) family 6 model 140 stepping 1 microcode 0x86, cx8, cmov, fxsr, ht, mmx, 3dnowpref, sse, sse2, sse3, ssse3, sse4.1, sse4.2, popcnt, lzcnt, tsc, tscinvbit, avx, avx2, aes, erms, clmul, bmi1, bmi2, adx, avx512f, avx512dq, avx512cd, avx512bw, avx512vl, sha, fma, vzeroupper, avx512_vpopcntdq, avx512_vpclmulqdq, avx512_vaes, avx512_vnni, clflush, clflushopt, clwb, avx512_vbmi2, avx512_vbmi, rdtscp, rdpid, fsrm, gfni, avx512_bitalg, f16c, pku, cet_ibt, cet_ss, avx512_ifma
Processor Information for the first 4 processors :
  Max Mhz: 2995, Current Mhz: 2995, Mhz Limit: 2995

Memory: 4k page, system-wide physical 7894M (1102M free)
TotalPageFile size 18134M (AvailPageFile size 4924M)
current process WorkingSet (physical memory assigned to process): 54M, peak: 251M
current process commit charge ("private bytes"): 282M, peak: 290M

vm_info: OpenJDK 64-Bit Server VM (23.0.1+11) for windows-amd64 JRE (23.0.1+11), built on 2024-10-15T00:00:00Z with MS VC++ 17.7 (VS2022)

END.
