#
# A fatal error has been detected by the Java Runtime Environment:
#
#  EXCEPTION_ACCESS_VIOLATION (0xc0000005) at pc=0x00000293052218cf, pid=14524, tid=13396
#
# JRE version: OpenJDK Runtime Environment Temurin-23.0.1+11 (23.0.1+11) (build 23.0.1+11)
# Java VM: OpenJDK 64-Bit Server VM Temurin-23.0.1+11 (23.0.1+11, mixed mode, emulated-client, sharing, tiered, compressed oops, compressed class ptrs, g1 gc, windows-amd64)
# Problematic frame:
# v  ~MethodHandlesAdapterBlob 0x00000293052218cf
#
# No core dump will be written. Minidumps are not enabled by default on client versions of Windows
#
# If you would like to submit a bug report, please visit:
#   https://github.com/adoptium/adoptium-support/issues
#

---------------  S U M M A R Y ------------

Command Line: -XX:+ShowCodeDetailsInExceptionMessages -agentlib:jdwp=transport=dt_socket,suspend=y,address=localhost:58559 -Dcom.sun.management.jmxremote -Dcom.sun.management.jmxremote.port=58558 -Dcom.sun.management.jmxremote.authenticate=false -Dcom.sun.management.jmxremote.ssl=false -Djava.rmi.server.hostname=localhost -Dspring.jmx.enabled=true -Dmanagement.endpoints.jmx.exposure.include=* -Dspring.application.admin.enabled=true -XX:TieredStopAtLevel=1 -Dspring.boot.project.name=Electronic-Store -javaagent:C:\Users\Saurabh Karn\eclipse\jee-2024-092\eclipse\configuration\org.eclipse.osgi\446\0\.cp\lib\javaagent-shaded.jar -Dfile.encoding=UTF-8 -Dstdout.encoding=UTF-8 -Dstderr.encoding=UTF-8 com.lcwd.electronic.store.ElectronicStoreApplication --spring.output.ansi.enabled=always

Host: 11th Gen Intel(R) Core(TM) i3-1115G4 @ 3.00GHz, 4 cores, 7G,  Windows 11 , 64 bit Build 26100 (10.0.26100.3037)
Time: Fri Feb  7 11:07:27 2025 India Standard Time elapsed time: 1059.493347 seconds (0d 0h 17m 39s)

---------------  T H R E A D  ---------------

Current thread (0x0000029355dc51e0):  JavaThread "restartedMain"        [_thread_in_Java, id=13396, stack(0x000000cb29e00000,0x000000cb29f00000) (1024K)]

Stack: [0x000000cb29e00000,0x000000cb29f00000],  sp=0x000000cb29efc768,  free space=1009k
Native frames: (J=compiled Java code, j=interpreted, Vv=VM code, C=native code)
C  0x00000293052218cf  (no source info available)

The last pc belongs to _linkToSpecial (printed below).

siginfo: EXCEPTION_ACCESS_VIOLATION (0xc0000005), reading address 0xfffffffffffffff7


Registers:
RAX=0x00000293051f8f26, RBX=0x0000000089010b70, RCX=0xfffffffffffffff7, RDX=0x0000000000000002
RSP=0x000000cb29efc768, RBP=0x000000cb29efc7b8, RSI=0x000002935606b748, RDI=0x00000293560aa060
R8 =0x0000000000000004, R9 =0x0000000000000004, R10=0x00007ffad1fcbae0, R11=0x000002930e1e5080
R12=0x0000000000000000, R13=0x000000cb29efc768, R14=0x000000cb29efc7d8, R15=0x0000029355dc51e0
RIP=0x00000293052218cf, EFLAGS=0x0000000000010246


Register to memory mapping:

RAX=0x00000293051f8f26 is at code_begin+3174 in an Interpreter codelet
return entry points  [0x00000293051f82c0, 0x00000293051fa1c8]  7944 bytes
RBX=0x0000000089010b70 is an oop: com.lcwd.electronic.store.serviceImpl.CartServiceImpl 
{0x0000000089010b70} - klass: 'com/lcwd/electronic/store/serviceImpl/CartServiceImpl'
 - ---- fields (total size 4 words):
 - 'productRepository' 'Lcom/lcwd/electronic/store/repositories/ProductRepository;' @12  null (0x00000000)
 - 'userRepository' 'Lcom/lcwd/electronic/store/repositories/UserRepository;' @16  null (0x00000000)
 - 'cartRepository' 'Lcom/lcwd/electronic/store/repositories/CartRepository;' @20  null (0x00000000)
 - 'cartItemRepository' 'Lcom/lcwd/electronic/store/repositories/CartItemRepository;' @24  null (0x00000000)
 - 'mapper' 'Lorg/modelmapper/ModelMapper;' @28  null (0x00000000)
RCX=0xfffffffffffffff7 is an unknown value
RDX=0x0000000000000002 is an unknown value
RSP=0x000000cb29efc768 is pointing into the stack for thread: 0x0000029355dc51e0
RBP=0x000000cb29efc7b8 is pointing into the stack for thread: 0x0000029355dc51e0
RSI=0x000002935606b748 points into unknown readable memory: 0x88006093e89a6ae6 | e6 6a 9a e8 93 60 00 88
RDI=0x00000293560aa060 points into unknown readable memory: 0x0000001800000070 | 70 00 00 00 18 00 00 00
R8 =0x0000000000000004 is an unknown value
R9 =0x0000000000000004 is an unknown value
R10=0x00007ffad1fcbae0 jvm.dll
R11={method} {0x000002930e1e5088} 'newInvokeSpecial' '(Ljava/lang/Object;)Ljava/lang/Object;' in 'java/lang/invoke/DirectMethodHandle$Holder'
R12=0x0 is null
R13=0x000000cb29efc768 is pointing into the stack for thread: 0x0000029355dc51e0
R14=0x000000cb29efc7d8 is pointing into the stack for thread: 0x0000029355dc51e0
R15=0x0000029355dc51e0 is a thread

Top of Stack: (sp=0x000000cb29efc768)
0x000000cb29efc768:   00000293051f8f26 fffffffffffffff7
0x000000cb29efc778:   000002930e7f12f7 0000000000000004
0x000000cb29efc788:   000002930e1e1370 0000000085c171e8
0x000000cb29efc798:   0000000084f45320 000002930e1e5080
0x000000cb29efc7a8:   fffffffffffffff6 000000cb29efc7e0
0x000000cb29efc7b8:   000000cb29efdc90 00000293055831e3
0x000000cb29efc7c8:   0000000089010ac8 0000000089010b70
0x000000cb29efc7d8:   0000000089010b28 000000cb29efdc90
0x000000cb29efc7e8:   00000293055806d4 000000cb29efb6b0
0x000000cb29efc7f8:   00000293056b4d24 000000cb29efdc90
0x000000cb29efc808:   00000293059b207c 0000000089009ac8
0x000000cb29efc818:   0000029305d3e94c 0000d61c864bc7fd
0x000000cb29efc828:   00007ffafe462015 0000029355dc51e0
0x000000cb29efc838:   000000cb29efb4a8 0000000089008670
0x000000cb29efc848:   000000008900fb70 00000000857f38e0
0x000000cb29efc858:   000000008683d4e8 0000000084f90210
0x000000cb29efc868:   00000000868261f0 0000000089010760
0x000000cb29efc878:   0000000089010760 00000000868261f0
0x000000cb29efc888:   0000000000000000 0000000089010b58
0x000000cb29efc898:   0000000089010900 000000cb29efdc90
0x000000cb29efc8a8:   00000293059b253c 0000000000000000
0x000000cb29efc8b8:   0000000000000000 000000cb29efdc90
0x000000cb29efc8c8:   00000293055800dc 0000000089010b28
0x000000cb29efc8d8:   0000000000000000 0000000000000000
0x000000cb29efc8e8:   0000000086939b00 0000029355dc51e0
0x000000cb29efc8f8:   0000000000000000 00000000890108a8
0x000000cb29efc908:   0000000000000000 0000000089010760
0x000000cb29efc918:   0000000089010b58 00000000890108a8
0x000000cb29efc928:   0000000000000000 000001ab55dc5100
0x000000cb29efc938:   00000293055828cc 000000cb29efdc90
0x000000cb29efc948:   0000029305580bca 0000000000000000
0x000000cb29efc958:   000002930549e079 0000000086826638 

Instructions: (pc=0x00000293052218cf)
0x00000293052217cf:   90 66 66 66 0f 1f 84 00 00 00 00 00 66 66 66 90
0x00000293052217df:   90 48 8b 53 08 0f b7 52 2e 48 8b 0c d4 8b 59 14
0x00000293052217ef:   8b 5b 28 8b 5b 24 48 8b 5b 10 48 85 db 0f 84 10
0x00000293052217ff:   00 00 00 41 80 bf e0 05 00 00 00 74 03 ff 63 38
0x000002930522180f:   ff 63 50 e9 c9 16 00 00 66 0f 1f 84 00 00 00 00
0x000002930522181f:   00 48 8b 53 08 0f b7 52 2e 48 8b 0c d4 58 5b 50
0x000002930522182f:   44 8b 51 08 49 bb 00 00 00 0e 93 02 00 00 4d 03
0x000002930522183f:   d3 4c 8b 5b 10 4b 8b 9c da d0 01 00 00 48 85 db
0x000002930522184f:   0f 84 10 00 00 00 41 80 bf e0 05 00 00 00 74 03
0x000002930522185f:   ff 63 38 ff 63 50 e9 76 16 00 00 66 66 66 0f 1f
0x000002930522186f:   84 00 00 00 00 00 66 66 66 90 0f 1f 80 00 00 00
0x000002930522187f:   00 58 5b 50 8b 5b 24 48 8b 5b 10 48 85 db 0f 84
0x000002930522188f:   10 00 00 00 41 80 bf e0 05 00 00 00 74 03 ff 63
0x000002930522189f:   38 ff 63 50 e9 38 16 00 00 66 66 66 0f 1f 84 00
0x00000293052218af:   00 00 00 00 66 66 66 90 66 0f 1f 84 00 00 00 00
0x00000293052218bf:   00 48 8b 53 08 0f b7 52 2e 48 8b 0c d4 58 5b 50
0x00000293052218cf:   48 3b 01 8b 5b 24 48 8b 5b 10 48 85 db 0f 84 10
0x00000293052218df:   00 00 00 41 80 bf e0 05 00 00 00 74 03 ff 63 38
0x00000293052218ef:   ff 63 50 e9 e9 15 00 00 66 0f 1f 84 00 00 00 00
0x00000293052218ff:   00 48 8b 53 08 0f b7 52 2e 48 8b 0c d4 58 5b 50
0x000002930522190f:   44 8b 51 08 49 bb 00 00 00 0e 93 02 00 00 4d 03
0x000002930522191f:   d3 8b 43 18 48 8b 40 10 48 8b 5b 10 45 8b 9a ac
0x000002930522192f:   00 00 00 4f 8d 9c da d0 01 00 00 4d 8d 14 da 49
0x000002930522193f:   8b 1b 48 3b c3 74 15 48 85 db 0f 84 32 00 00 00
0x000002930522194f:   49 83 c3 10 49 8b 1b 48 3b c3 75 eb 45 8b 5b 08
0x000002930522195f:   4b 8b 1c 1a 48 85 db 0f 84 10 00 00 00 41 80 bf
0x000002930522196f:   e0 05 00 00 00 74 03 ff 63 38 ff 63 50 e9 5f 15
0x000002930522197f:   00 00 e9 5a 12 00 00 f4 00 00 00 00 00 00 00 00
0x000002930522198f:   00 00 00 00 00 00 00 00 00 00 00 00 00 00 00 00
0x000002930522199f:   00 00 00 00 00 00 00 00 00 00 00 00 00 00 00 00
0x00000293052219af:   00 00 00 00 00 00 00 00 00 00 00 00 00 00 00 00
0x00000293052219bf:   00 00 00 00 00 00 00 00 00 00 00 00 00 00 00 00 


Stack slot to memory mapping:

stack at sp + 0 slots: 0x00000293051f8f26 is at code_begin+3174 in an Interpreter codelet
return entry points  [0x00000293051f82c0, 0x00000293051fa1c8]  7944 bytes
stack at sp + 1 slots: 0xfffffffffffffff7 is an unknown value
stack at sp + 2 slots: 0x000002930e7f12f7 is pointing into metadata
stack at sp + 3 slots: 0x0000000000000004 is an unknown value
stack at sp + 4 slots: 0x000002930e1e1370 is pointing into metadata
stack at sp + 5 slots: 0x0000000085c171e8 is an oop: [B 
{0x0000000085c171e8} - klass: {type array byte}
 - length: 38
 -   0: 63 c
 -   1: 6f o
 -   2: 6d m
 -   3: 2e .
 -   4: 6c l
 -   5: 63 c
 -   6: 77 w
 -   7: 64 d
 -   8: 2e .
 -   9: 65 e
 -  10: 6c l
 -  11: 65 e
 -  12: 63 c
 -  13: 74 t
 -  14: 72 r
 -  15: 6f o
 -  16: 6e n
 -  17: 69 i
 -  18: 63 c
 -  19: 2e .
 -  20: 73 s
 -  21: 74 t
 -  22: 6f o
 -  23: 72 r
 -  24: 65 e
 -  25: 2e .
 -  26: 64 d
 -  27: 74 t
 -  28: 6f o
 -  29: 73 s
 -  30: 2e .
 -  31: 43 C
 -  32: 61 a
 -  33: 72 r
 -  34: 74 t
 -  35: 44 D
 -  36: 74 t
 -  37: 6f o
stack at sp + 6 slots: 0x0000000084f45320 is an oop: java.lang.Class 
{0x0000000084f45320} - klass: 'java/lang/Class'
 - ---- fields (total size 14 words):
 - private volatile transient 'classRedefinedCount' 'I' @12  0 (0x00000000)
 - injected 'klass' 'J' @16  2830620299624 (0x000002930e1e1168)
 - injected 'array_klass' 'J' @24  0 (0x0000000000000000)
 - injected 'oop_size' 'I' @32  14 (0x0000000e)
 - injected 'static_oop_field_count' 'I' @36  0 (0x00000000)
 - private volatile transient 'cachedConstructor' 'Ljava/lang/reflect/Constructor;' @40  null (0x00000000)
 - private transient 'name' 'Ljava/lang/String;' @44  null (0x00000000)
 - private transient 'module' 'Ljava/lang/Module;' @48  a 'java/lang/Module'{0x0000000084ebc9e8} (0x84ebc9e8)
 - private final 'classLoader' 'Ljava/lang/ClassLoader;' @52  null (0x00000000)
 - private transient 'classData' 'Ljava/lang/Object;' @56  null (0x00000000)
 - private transient 'packageName' 'Ljava/lang/String;' @60  null (0x00000000)
 - private final 'componentType' 'Ljava/lang/Class;' @64  null (0x00000000)
 - private volatile transient 'reflectionData' 'Ljava/lang/ref/SoftReference;' @68  null (0x00000000)
 - private volatile transient 'genericInfo' 'Lsun/reflect/generics/repository/ClassRepository;' @72  null (0x00000000)
 - private volatile transient 'enumConstants' '[Ljava/lang/Object;' @76  null (0x00000000)
 - private volatile transient 'enumConstantDirectory' 'Ljava/util/Map;' @80  null (0x00000000)
 - private volatile transient 'annotationData' 'Ljava/lang/Class$AnnotationData;' @84  null (0x00000000)
 - private volatile transient 'annotationType' 'Lsun/reflect/annotation/AnnotationType;' @88  null (0x00000000)
 - transient 'classValueMap' 'Ljava/lang/ClassValue$ClassValueMap;' @92  null (0x00000000)
 - injected 'protection_domain' 'Ljava/lang/Object;' @96  null (0x00000000)
 - injected 'signers_name' 'Ljava/lang/Object;' @100  null (0x00000000)
 - injected 'source_file' 'Ljava/lang/Object;' @104  null (0x00000000)
 - signature: Ljava/lang/invoke/DirectMethodHandle$Holder;
 - ---- static fields (0):
stack at sp + 7 slots: {method} {0x000002930e1e5088} 'newInvokeSpecial' '(Ljava/lang/Object;)Ljava/lang/Object;' in 'java/lang/invoke/DirectMethodHandle$Holder'

Lock stack of current Java thread (top to bottom):

MethodHandle::interpreter_entry::_linkToSpecial [0x00000293052218a8, 0x00000293052218f7] (79 bytes)
[MachCode]
  0x00000293052218a8: 6666 660f | 1f84 0000 | 0000 0066 | 6666 9066 | 0f1f 8400 | 0000 0000 | 488b 5308 | 0fb7 522e 
  0x00000293052218c8: 488b 0cd4 | 585b 5048 | 3b01 8b5b | 2448 8b5b | 1048 85db | 0f84 1000 | 0000 4180 | bfe0 0500 
  0x00000293052218e8: 0000 7403 | ff63 38ff | 6350 e9e9 | 
[/MachCode]

---------------  P R O C E S S  ---------------

Threads class SMR info:
_java_thread_list=0x0000029356091190, length=27, elements={
0x000002930d2cdd10, 0x000002930d2d0a90, 0x000002930d2d6d10, 0x000002930d2d9780,
0x000002930d2db4f0, 0x000002930d2dd260, 0x000002930d2e37e0, 0x000002930d2a37c0,
0x000002930d485a10, 0x000002930d488480, 0x000002930d48aa90, 0x000002935318a660,
0x00000293533aa420, 0x00000293533c8120, 0x00000293533d63f0, 0x000002935393bd20,
0x0000029353957fe0, 0x0000029353959390, 0x00000293539572c0, 0x00000293553ed420,
0x0000029355dc2a80, 0x0000029355dc72b0, 0x0000029355dc51e0, 0x0000029355dc3e30,
0x0000029355dc5870, 0x0000029355dc3110, 0x0000029355dc5f00
}

Java Threads: ( => current thread )
  0x000002930d2cdd10 JavaThread "Reference Handler"          daemon [_thread_blocked, id=4816, stack(0x000000cb29600000,0x000000cb29700000) (1024K)]
  0x000002930d2d0a90 JavaThread "Finalizer"                  daemon [_thread_blocked, id=10084, stack(0x000000cb29700000,0x000000cb29800000) (1024K)]
  0x000002930d2d6d10 JavaThread "Signal Dispatcher"          daemon [_thread_blocked, id=9840, stack(0x000000cb29800000,0x000000cb29900000) (1024K)]
  0x000002930d2d9780 JavaThread "Attach Listener"            daemon [_thread_blocked, id=8552, stack(0x000000cb29900000,0x000000cb29a00000) (1024K)]
  0x000002930d2db4f0 JavaThread "Service Thread"             daemon [_thread_blocked, id=19020, stack(0x000000cb29a00000,0x000000cb29b00000) (1024K)]
  0x000002930d2dd260 JavaThread "Monitor Deflation Thread"   daemon [_thread_blocked, id=524, stack(0x000000cb29b00000,0x000000cb29c00000) (1024K)]
  0x000002930d2e37e0 JavaThread "C1 CompilerThread0"         daemon [_thread_blocked, id=10220, stack(0x000000cb29c00000,0x000000cb29d00000) (1024K)]
  0x000002930d2a37c0 JavaThread "Common-Cleaner"             daemon [_thread_blocked, id=15416, stack(0x000000cb29d00000,0x000000cb29e00000) (1024K)]
  0x000002930d485a10 JavaThread "JDWP Transport Listener: dt_socket" daemon [_thread_blocked, id=4600, stack(0x000000cb2a000000,0x000000cb2a100000) (1024K)]
  0x000002930d488480 JavaThread "JDWP Event Helper Thread"   daemon [_thread_blocked, id=20336, stack(0x000000cb2a100000,0x000000cb2a200000) (1024K)]
  0x000002930d48aa90 JavaThread "JDWP Command Reader"        daemon [_thread_blocked, id=3248, stack(0x000000cb2a200000,0x000000cb2a300000) (1024K)]
  0x000002935318a660 JavaThread "Notification Thread"        daemon [_thread_blocked, id=4704, stack(0x000000cb2a300000,0x000000cb2a400000) (1024K)]
  0x00000293533aa420 JavaThread "RMI TCP Accept-0"           daemon [_thread_in_native, id=19704, stack(0x000000cb2a700000,0x000000cb2a800000) (1024K)]
  0x00000293533c8120 JavaThread "RMI TCP Accept-58558"       daemon [_thread_in_native, id=12408, stack(0x000000cb2a800000,0x000000cb2a900000) (1024K)]
  0x00000293533d63f0 JavaThread "RMI TCP Accept-0"           daemon [_thread_in_native, id=19884, stack(0x000000cb2a900000,0x000000cb2aa00000) (1024K)]
  0x000002935393bd20 JavaThread "RMI Scheduler(0)"           daemon [_thread_blocked, id=11308, stack(0x000000cb2ad00000,0x000000cb2ae00000) (1024K)]
  0x0000029353957fe0 JavaThread "RMI TCP Connection(idle)"   daemon [_thread_blocked, id=11284, stack(0x000000cb2ae00000,0x000000cb2af00000) (1024K)]
  0x0000029353959390 JavaThread "JMX server connection timeout 36" daemon [_thread_blocked, id=20224, stack(0x000000cb2af00000,0x000000cb2b000000) (1024K)]
  0x00000293539572c0 JavaThread "mysql-cj-abandoned-connection-cleanup" daemon [_thread_blocked, id=10852, stack(0x000000cb2b300000,0x000000cb2b400000) (1024K)]
  0x00000293553ed420 JavaThread "Live Reload Server"         daemon [_thread_in_native, id=17936, stack(0x000000cb2b900000,0x000000cb2ba00000) (1024K)]
  0x0000029355dc2a80 JavaThread "DestroyJavaVM"                     [_thread_blocked, id=17884, stack(0x000000cb28e00000,0x000000cb28f00000) (1024K)]
  0x0000029355dc72b0 JavaThread "Thread-11"                         [_thread_blocked, id=12600, stack(0x000000cb28b00000,0x000000cb28c00000) (1024K)]
=>0x0000029355dc51e0 JavaThread "restartedMain"                     [_thread_in_Java, id=13396, stack(0x000000cb29e00000,0x000000cb29f00000) (1024K)]
  0x0000029355dc3e30 JavaThread "Catalina-utility-1"                [_thread_blocked, id=11936, stack(0x000000cb28d00000,0x000000cb28e00000) (1024K)]
  0x0000029355dc5870 JavaThread "Catalina-utility-2"                [_thread_blocked, id=12296, stack(0x000000cb29f00000,0x000000cb2a000000) (1024K)]
  0x0000029355dc3110 JavaThread "container-0"                       [_thread_blocked, id=17068, stack(0x000000cb2aa00000,0x000000cb2ab00000) (1024K)]
  0x0000029355dc5f00 JavaThread "HikariPool-4 housekeeper"   daemon [_thread_blocked, id=15272, stack(0x000000cb2ac00000,0x000000cb2ad00000) (1024K)]
Total: 27

Other Threads:
  0x000002930d2b3d20 VMThread "VM Thread"                           [id=12992, stack(0x000000cb29500000,0x000000cb29600000) (1024K)] _threads_hazard_ptr=0x0000029356091190
  0x000002930d2a0e70 WatcherThread "VM Periodic Task Thread"        [id=18960, stack(0x000000cb29400000,0x000000cb29500000) (1024K)]
  0x000002937fe10910 WorkerThread "GC Thread#0"                     [id=19568, stack(0x000000cb28f00000,0x000000cb29000000) (1024K)]
  0x0000029353245f50 WorkerThread "GC Thread#1"                     [id=13576, stack(0x000000cb2a400000,0x000000cb2a500000) (1024K)]
  0x000002935326b7f0 WorkerThread "GC Thread#2"                     [id=11560, stack(0x000000cb2a500000,0x000000cb2a600000) (1024K)]
  0x000002935326bba0 WorkerThread "GC Thread#3"                     [id=11376, stack(0x000000cb2a600000,0x000000cb2a700000) (1024K)]
  0x000002937fe24ce0 ConcurrentGCThread "G1 Main Marker"            [id=19748, stack(0x000000cb29000000,0x000000cb29100000) (1024K)]
  0x000002937fe25f10 WorkerThread "G1 Conc#0"                       [id=9552, stack(0x000000cb29100000,0x000000cb29200000) (1024K)]
  0x000002930d16f140 ConcurrentGCThread "G1 Refine#0"               [id=16476, stack(0x000000cb29200000,0x000000cb29300000) (1024K)]
  0x000002930d170f90 ConcurrentGCThread "G1 Service"                [id=15464, stack(0x000000cb29300000,0x000000cb29400000) (1024K)]
Total: 10

Threads with active compile tasks:
Total: 0

VM state: synchronizing (normal execution)

VM Mutex/Monitor currently owned by a thread:  ([mutex/lock_event])
[0x00007ffad1fbbd70] Threads_lock - owner thread: 0x000002930d2b3d20

Heap address: 0x0000000084a00000, size: 1974 MB, Compressed Oops mode: 32-bit

CDS archive(s) mapped at: [0x000002930e000000-0x000002930ed70000-0x000002930ed70000), size 14090240, SharedBaseAddress: 0x000002930e000000, ArchiveRelocationMode: 1.
Compressed class space mapped at: 0x000002930f000000-0x000002934f000000, reserved size: 1073741824
Narrow klass base: 0x000002930e000000, Narrow klass shift: 0, Narrow klass range: 0x41000000

GC Precious Log:
 CardTable entry size: 512
 Card Set container configuration: InlinePtr #cards 5 size 8 Array Of Cards #cards 10 size 36 Howl #buckets 4 coarsen threshold 1843 Howl Bitmap #cards 512 size 80 coarsen threshold 460 Card regions per heap region 1 cards per card region 2048
 CPUs: 4 total, 4 available
 Memory: 7894M
 Large Page Support: Disabled
 NUMA Support: Disabled
 Compressed Oops: Enabled (32-bit)
 Heap Region Size: 1M
 Heap Min Capacity: 8M
 Heap Initial Capacity: 124M
 Heap Max Capacity: 1974M
 Pre-touch: Disabled
 Parallel Workers: 4
 Concurrent Workers: 1
 Concurrent Refinement Workers: 4
 Periodic GC: Disabled

Heap:
 garbage-first heap   total reserved 2021376K, committed 78848K, used 35491K [0x0000000084a00000, 0x0000000100000000)
  region size 1024K, 15 young (15360K), 5 survivors (5120K)
 Metaspace       used 68048K, committed 68544K, reserved 1114112K
  class space    used 9601K, committed 9792K, reserved 1048576K

Heap Regions: E=young(eden), S=young(survivor), O=old, HS=humongous(starts), HC=humongous(continues), CS=collection set, F=free, TAMS=top-at-mark-start, PB=parsable bottom
|   0|0x0000000084a00000, 0x0000000084b00000, 0x0000000084b00000|100%|HS|  |TAMS 0x0000000084a00000| PB 0x0000000084a00000| Untracked |  0
|   1|0x0000000084b00000, 0x0000000084c00000, 0x0000000084c00000|100%| O|  |TAMS 0x0000000084b00000| PB 0x0000000084b00000| Untracked |  0
|   2|0x0000000084c00000, 0x0000000084d00000, 0x0000000084d00000|100%| O|  |TAMS 0x0000000084c00000| PB 0x0000000084c00000| Untracked |  0
|   3|0x0000000084d00000, 0x0000000084dffff8, 0x0000000084e00000| 99%| O|  |TAMS 0x0000000084d00000| PB 0x0000000084d00000| Untracked |  0
|   4|0x0000000084e00000, 0x0000000084effff8, 0x0000000084f00000| 99%| O|  |TAMS 0x0000000084e00000| PB 0x0000000084e00000| Untracked |  0
|   5|0x0000000084f00000, 0x0000000084ffffe0, 0x0000000085000000| 99%| O|  |TAMS 0x0000000084f00000| PB 0x0000000084f00000| Untracked |  0
|   6|0x0000000085000000, 0x00000000850fffc8, 0x0000000085100000| 99%| O|  |TAMS 0x0000000085000000| PB 0x0000000085000000| Untracked |  0
|   7|0x0000000085100000, 0x00000000851fff90, 0x0000000085200000| 99%| O|  |TAMS 0x0000000085100000| PB 0x0000000085100000| Untracked |  0
|   8|0x0000000085200000, 0x00000000852fffd0, 0x0000000085300000| 99%| O|  |TAMS 0x0000000085200000| PB 0x0000000085200000| Untracked |  0
|   9|0x0000000085300000, 0x00000000853ffff8, 0x0000000085400000| 99%| O|  |TAMS 0x0000000085300000| PB 0x0000000085300000| Untracked |  0
|  10|0x0000000085400000, 0x00000000854fe010, 0x0000000085500000| 99%| O|  |TAMS 0x0000000085400000| PB 0x0000000085400000| Untracked |  0
|  11|0x0000000085500000, 0x00000000855ffff8, 0x0000000085600000| 99%| O|  |TAMS 0x0000000085500000| PB 0x0000000085500000| Untracked |  0
|  12|0x0000000085600000, 0x00000000856ffff8, 0x0000000085700000| 99%| O|  |TAMS 0x0000000085600000| PB 0x0000000085600000| Untracked |  0
|  13|0x0000000085700000, 0x00000000857fffe8, 0x0000000085800000| 99%| O|  |TAMS 0x0000000085700000| PB 0x0000000085700000| Untracked |  0
|  14|0x0000000085800000, 0x00000000858ffff8, 0x0000000085900000| 99%| O|  |TAMS 0x0000000085800000| PB 0x0000000085800000| Untracked |  0
|  15|0x0000000085900000, 0x00000000859ffff0, 0x0000000085a00000| 99%| O|  |TAMS 0x0000000085900000| PB 0x0000000085900000| Untracked |  0
|  16|0x0000000085a00000, 0x0000000085afffe8, 0x0000000085b00000| 99%| O|  |TAMS 0x0000000085a00000| PB 0x0000000085a00000| Untracked |  0
|  17|0x0000000085b00000, 0x0000000085bfbfb0, 0x0000000085c00000| 98%| O|  |TAMS 0x0000000085b00000| PB 0x0000000085b00000| Untracked |  0
|  18|0x0000000085c00000, 0x0000000085d00000, 0x0000000085d00000|100%| O|  |TAMS 0x0000000085c00000| PB 0x0000000085c00000| Untracked |  0
|  19|0x0000000085d00000, 0x0000000085db3af0, 0x0000000085e00000| 70%| O|  |TAMS 0x0000000085d00000| PB 0x0000000085d00000| Untracked |  0
|  20|0x0000000085e00000, 0x0000000085effff8, 0x0000000085f00000| 99%| O|  |TAMS 0x0000000085e00000| PB 0x0000000085e00000| Untracked |  0
|  21|0x0000000085f00000, 0x0000000085f5e830, 0x0000000086000000| 36%| O|  |TAMS 0x0000000085f00000| PB 0x0000000085f00000| Untracked |  0
|  22|0x0000000086000000, 0x0000000086000000, 0x0000000086100000|  0%| F|  |TAMS 0x0000000086000000| PB 0x0000000086000000| Untracked |  0
|  23|0x0000000086100000, 0x000000008619ca98, 0x0000000086200000| 61%| O|  |TAMS 0x0000000086100000| PB 0x0000000086100000| Untracked |  0
|  24|0x0000000086200000, 0x0000000086200000, 0x0000000086300000|  0%| F|  |TAMS 0x0000000086200000| PB 0x0000000086200000| Untracked |  0
|  25|0x0000000086300000, 0x0000000086300000, 0x0000000086400000|  0%| F|  |TAMS 0x0000000086300000| PB 0x0000000086300000| Untracked |  0
|  26|0x0000000086400000, 0x0000000086400000, 0x0000000086500000|  0%| F|  |TAMS 0x0000000086400000| PB 0x0000000086400000| Untracked |  0
|  27|0x0000000086500000, 0x0000000086600000, 0x0000000086600000|100%| S|CS|TAMS 0x0000000086500000| PB 0x0000000086500000| Complete |  0
|  28|0x0000000086600000, 0x0000000086700000, 0x0000000086700000|100%| S|CS|TAMS 0x0000000086600000| PB 0x0000000086600000| Complete |  0
|  29|0x0000000086700000, 0x0000000086800000, 0x0000000086800000|100%| S|CS|TAMS 0x0000000086700000| PB 0x0000000086700000| Complete |  0
|  30|0x0000000086800000, 0x0000000086900000, 0x0000000086900000|100%| S|CS|TAMS 0x0000000086800000| PB 0x0000000086800000| Complete |  0
|  31|0x0000000086900000, 0x0000000086a00000, 0x0000000086a00000|100%| S|CS|TAMS 0x0000000086900000| PB 0x0000000086900000| Complete |  0
|  32|0x0000000086a00000, 0x0000000086a00000, 0x0000000086b00000|  0%| F|  |TAMS 0x0000000086a00000| PB 0x0000000086a00000| Untracked |  0
|  33|0x0000000086b00000, 0x0000000086b00000, 0x0000000086c00000|  0%| F|  |TAMS 0x0000000086b00000| PB 0x0000000086b00000| Untracked |  0
|  34|0x0000000086c00000, 0x0000000086c00000, 0x0000000086d00000|  0%| F|  |TAMS 0x0000000086c00000| PB 0x0000000086c00000| Untracked |  0
|  35|0x0000000086d00000, 0x0000000086d00000, 0x0000000086e00000|  0%| F|  |TAMS 0x0000000086d00000| PB 0x0000000086d00000| Untracked |  0
|  36|0x0000000086e00000, 0x0000000086e00000, 0x0000000086f00000|  0%| F|  |TAMS 0x0000000086e00000| PB 0x0000000086e00000| Untracked |  0
|  37|0x0000000086f00000, 0x0000000086f00000, 0x0000000087000000|  0%| F|  |TAMS 0x0000000086f00000| PB 0x0000000086f00000| Untracked |  0
|  38|0x0000000087000000, 0x0000000087000000, 0x0000000087100000|  0%| F|  |TAMS 0x0000000087000000| PB 0x0000000087000000| Untracked |  0
|  39|0x0000000087100000, 0x0000000087100000, 0x0000000087200000|  0%| F|  |TAMS 0x0000000087100000| PB 0x0000000087100000| Untracked |  0
|  40|0x0000000087200000, 0x0000000087200000, 0x0000000087300000|  0%| F|  |TAMS 0x0000000087200000| PB 0x0000000087200000| Untracked |  0
|  41|0x0000000087300000, 0x0000000087300000, 0x0000000087400000|  0%| F|  |TAMS 0x0000000087300000| PB 0x0000000087300000| Untracked |  0
|  42|0x0000000087400000, 0x0000000087400000, 0x0000000087500000|  0%| F|  |TAMS 0x0000000087400000| PB 0x0000000087400000| Untracked |  0
|  43|0x0000000087500000, 0x0000000087500000, 0x0000000087600000|  0%| F|  |TAMS 0x0000000087500000| PB 0x0000000087500000| Untracked |  0
|  44|0x0000000087600000, 0x0000000087600000, 0x0000000087700000|  0%| F|  |TAMS 0x0000000087600000| PB 0x0000000087600000| Untracked |  0
|  45|0x0000000087700000, 0x0000000087700000, 0x0000000087800000|  0%| F|  |TAMS 0x0000000087700000| PB 0x0000000087700000| Untracked |  0
|  46|0x0000000087800000, 0x0000000087800000, 0x0000000087900000|  0%| F|  |TAMS 0x0000000087800000| PB 0x0000000087800000| Untracked |  0
|  47|0x0000000087900000, 0x0000000087900000, 0x0000000087a00000|  0%| F|  |TAMS 0x0000000087900000| PB 0x0000000087900000| Untracked |  0
|  48|0x0000000087a00000, 0x0000000087a00000, 0x0000000087b00000|  0%| F|  |TAMS 0x0000000087a00000| PB 0x0000000087a00000| Untracked |  0
|  49|0x0000000087b00000, 0x0000000087b00000, 0x0000000087c00000|  0%| F|  |TAMS 0x0000000087b00000| PB 0x0000000087b00000| Untracked |  0
|  50|0x0000000087c00000, 0x0000000087c00000, 0x0000000087d00000|  0%| F|  |TAMS 0x0000000087c00000| PB 0x0000000087c00000| Untracked |  0
|  51|0x0000000087d00000, 0x0000000087d00000, 0x0000000087e00000|  0%| F|  |TAMS 0x0000000087d00000| PB 0x0000000087d00000| Untracked |  0
|  52|0x0000000087e00000, 0x0000000087e00000, 0x0000000087f00000|  0%| F|  |TAMS 0x0000000087e00000| PB 0x0000000087e00000| Untracked |  0
|  53|0x0000000087f00000, 0x0000000087f00000, 0x0000000088000000|  0%| F|  |TAMS 0x0000000087f00000| PB 0x0000000087f00000| Untracked |  0
|  54|0x0000000088000000, 0x0000000088000000, 0x0000000088100000|  0%| F|  |TAMS 0x0000000088000000| PB 0x0000000088000000| Untracked |  0
|  55|0x0000000088100000, 0x0000000088100000, 0x0000000088200000|  0%| F|  |TAMS 0x0000000088100000| PB 0x0000000088100000| Untracked |  0
|  56|0x0000000088200000, 0x0000000088200000, 0x0000000088300000|  0%| F|  |TAMS 0x0000000088200000| PB 0x0000000088200000| Untracked |  0
|  57|0x0000000088300000, 0x0000000088300000, 0x0000000088400000|  0%| F|  |TAMS 0x0000000088300000| PB 0x0000000088300000| Untracked |  0
|  58|0x0000000088400000, 0x0000000088400000, 0x0000000088500000|  0%| F|  |TAMS 0x0000000088400000| PB 0x0000000088400000| Untracked |  0
|  59|0x0000000088500000, 0x0000000088500000, 0x0000000088600000|  0%| F|  |TAMS 0x0000000088500000| PB 0x0000000088500000| Untracked |  0
|  60|0x0000000088600000, 0x0000000088600000, 0x0000000088700000|  0%| F|  |TAMS 0x0000000088600000| PB 0x0000000088600000| Untracked |  0
|  61|0x0000000088700000, 0x0000000088700000, 0x0000000088800000|  0%| F|  |TAMS 0x0000000088700000| PB 0x0000000088700000| Untracked |  0
|  62|0x0000000088800000, 0x0000000088800000, 0x0000000088900000|  0%| F|  |TAMS 0x0000000088800000| PB 0x0000000088800000| Untracked |  0
|  63|0x0000000088900000, 0x0000000088900000, 0x0000000088a00000|  0%| F|  |TAMS 0x0000000088900000| PB 0x0000000088900000| Untracked |  0
|  64|0x0000000088a00000, 0x0000000088a00000, 0x0000000088b00000|  0%| F|  |TAMS 0x0000000088a00000| PB 0x0000000088a00000| Untracked |  0
|  65|0x0000000088b00000, 0x0000000088b00000, 0x0000000088c00000|  0%| F|  |TAMS 0x0000000088b00000| PB 0x0000000088b00000| Untracked |  0
|  66|0x0000000088c00000, 0x0000000088c00000, 0x0000000088d00000|  0%| F|  |TAMS 0x0000000088c00000| PB 0x0000000088c00000| Untracked |  0
|  67|0x0000000088d00000, 0x0000000088d647e8, 0x0000000088e00000| 39%| E|  |TAMS 0x0000000088d00000| PB 0x0000000088d00000| Complete |  0
|  68|0x0000000088e00000, 0x0000000088f00000, 0x0000000088f00000|100%| E|CS|TAMS 0x0000000088e00000| PB 0x0000000088e00000| Complete |  0
|  69|0x0000000088f00000, 0x0000000089000000, 0x0000000089000000|100%| E|CS|TAMS 0x0000000088f00000| PB 0x0000000088f00000| Complete |  0
|  70|0x0000000089000000, 0x0000000089100000, 0x0000000089100000|100%| E|  |TAMS 0x0000000089000000| PB 0x0000000089000000| Complete |  0
|  71|0x0000000089100000, 0x0000000089200000, 0x0000000089200000|100%| E|CS|TAMS 0x0000000089100000| PB 0x0000000089100000| Complete |  0
|  72|0x0000000089200000, 0x0000000089300000, 0x0000000089300000|100%| E|CS|TAMS 0x0000000089200000| PB 0x0000000089200000| Complete |  0
|  73|0x0000000089300000, 0x0000000089400000, 0x0000000089400000|100%| E|CS|TAMS 0x0000000089300000| PB 0x0000000089300000| Complete |  0
|  74|0x0000000089400000, 0x0000000089500000, 0x0000000089500000|100%| E|CS|TAMS 0x0000000089400000| PB 0x0000000089400000| Complete |  0
|  75|0x0000000089500000, 0x0000000089600000, 0x0000000089600000|100%| E|CS|TAMS 0x0000000089500000| PB 0x0000000089500000| Complete |  0
|  76|0x0000000089600000, 0x0000000089700000, 0x0000000089700000|100%| E|CS|TAMS 0x0000000089600000| PB 0x0000000089600000| Complete |  0

Card table byte_map: [0x0000029308a30000,0x0000029308e10000] _byte_map_base: 0x000002930860b000

Marking Bits: (CMBitMap*) 0x000002937fe10f30
 Bits: [0x0000029308e10000, 0x000002930ace8000)

Polling page: 0x000002937f5e0000

Metaspace:

Usage:
  Non-class:     57.08 MB used.
      Class:      9.38 MB used.
       Both:     66.45 MB used.

Virtual space:
  Non-class space:       64.00 MB reserved,      57.38 MB ( 90%) committed,  1 nodes.
      Class space:        1.00 GB reserved,       9.56 MB ( <1%) committed,  1 nodes.
             Both:        1.06 GB reserved,      66.94 MB (  6%) committed. 

Chunk freelists:
   Non-Class:  6.17 MB
       Class:  6.25 MB
        Both:  12.42 MB

MaxMetaspaceSize: unlimited
CompressedClassSpaceSize: 1.00 GB
Initial GC threshold: 21.00 MB
Current GC threshold: 111.25 MB
CDS: on
 - commit_granule_bytes: 65536.
 - commit_granule_words: 8192.
 - virtual_space_node_default_size: 8388608.
 - enlarge_chunks_in_place: 1.
 - use_allocation_guard: 0.


Internal statistics:

num_allocs_failed_limit: 9.
num_arena_births: 1256.
num_arena_deaths: 632.
num_vsnodes_births: 2.
num_vsnodes_deaths: 0.
num_space_committed: 1071.
num_space_uncommitted: 0.
num_chunks_returned_to_freelist: 674.
num_chunks_taken_from_freelist: 3604.
num_chunk_merges: 137.
num_chunk_splits: 2419.
num_chunks_enlarged: 2004.
num_inconsistent_stats: 0.

CodeCache: size=49152Kb used=12616Kb max_used=14542Kb free=36535Kb
 bounds [0x00000293051f0000, 0x00000293060c0000, 0x00000293081f0000]
 total_blobs=8755, nmethods=7999, adapters=680, full_count=0
Compilation: enabled, stopped_count=0, restarted_count=0

Compilation events (20 events):
Event: 961.092 Thread 0x000002930d2e37e0 9617       1       sun.security.x509.X509CertInfo::getKey (5 bytes)
Event: 961.092 Thread 0x000002930d2e37e0 nmethod 9617 0x000002930580d888 code [0x000002930580d9a0, 0x000002930580da68]
Event: 961.092 Thread 0x000002930d2e37e0 9618       1       sun.security.x509.CertificateX509Key::getKey (5 bytes)
Event: 961.092 Thread 0x000002930d2e37e0 nmethod 9618 0x000002930580eb08 code [0x000002930580ec20, 0x000002930580ece8]
Event: 961.095 Thread 0x000002930d2e37e0 9619       1       com.mysql.cj.protocol.a.MysqlTextValueDecoder::decodeInt8 (16 bytes)
Event: 961.095 Thread 0x000002935518e8a0 9620   !   1       com.mysql.cj.protocol.a.NativeProtocol::sendCommand (456 bytes)
Event: 961.095 Thread 0x000002930d735f60 9621       1       com.mysql.cj.protocol.a.MultiPacketReader::resetMessageSequence (10 bytes)
Event: 961.095 Thread 0x000002930d735f60 nmethod 9621 0x0000029305820e08 code [0x0000029305820f20, 0x0000029305821020]
Event: 961.095 Thread 0x000002930d2e37e0 nmethod 9619 0x0000029305821688 code [0x00000293058217c0, 0x0000029305821900]
Event: 961.095 Thread 0x000002930d735f60 9622       1       com.mysql.cj.protocol.a.TimeTrackingPacketReader::resetMessageSequence (10 bytes)
Event: 961.095 Thread 0x000002930d2e37e0 9623       1       com.mysql.cj.protocol.a.NativeProtocol::checkForOutstandingStreamingData (116 bytes)
Event: 961.095 Thread 0x000002930d735f60 nmethod 9622 0x0000029305822d08 code [0x0000029305822e20, 0x0000029305822f20]
Event: 961.095 Thread 0x000002930d735f60 9624   !   1       com.mysql.cj.protocol.a.NativeProtocol::clearInputStream (69 bytes)
Event: 961.096 Thread 0x000002930d735f60 nmethod 9624 0x00000293057ef608 code [0x00000293057ef7a0, 0x00000293057efc10]
Event: 961.096 Thread 0x000002930d2e37e0 nmethod 9623 0x0000029305765788 code [0x00000293057659e0, 0x00000293057660e0]
Event: 961.097 Thread 0x000002935518e8a0 nmethod 9620 0x0000029305595e08 code [0x0000029305596120, 0x0000029305596eb8]
Event: 961.172 Thread 0x000002935518e8a0 9625       1       java.lang.ClassValue::version (5 bytes)
Event: 961.172 Thread 0x000002930d735f60 9626       1       java.lang.ClassValue$Entry::version (8 bytes)
Event: 961.172 Thread 0x000002935518e8a0 nmethod 9625 0x0000029305833288 code [0x00000293058333a0, 0x0000029305833468]
Event: 961.172 Thread 0x000002930d735f60 nmethod 9626 0x0000029305835e08 code [0x0000029305835f20, 0x0000029305836040]

GC Heap History (20 events):
Event: 430.477 GC heap before
{Heap before GC invocations=25 (full 0):
 garbage-first heap   total reserved 2021376K, committed 88064K, used 37488K [0x0000000084a00000, 0x0000000100000000)
  region size 1024K, 9 young (9216K), 3 survivors (3072K)
 Metaspace       used 66557K, committed 67072K, reserved 1114112K
  class space    used 9457K, committed 9664K, reserved 1048576K
}
Event: 430.525 GC heap after
{Heap after GC invocations=26 (full 1):
 garbage-first heap   total reserved 2021376K, committed 78848K, used 22358K [0x0000000084a00000, 0x0000000100000000)
  region size 1024K, 0 young (0K), 0 survivors (0K)
 Metaspace       used 66341K, committed 67072K, reserved 1114112K
  class space    used 9395K, committed 9664K, reserved 1048576K
}
Event: 432.402 GC heap before
{Heap before GC invocations=26 (full 1):
 garbage-first heap   total reserved 2021376K, committed 78848K, used 68438K [0x0000000084a00000, 0x0000000100000000)
  region size 1024K, 46 young (47104K), 0 survivors (0K)
 Metaspace       used 66667K, committed 67136K, reserved 1114112K
  class space    used 9452K, committed 9664K, reserved 1048576K
}
Event: 432.406 GC heap after
{Heap after GC invocations=27 (full 1):
 garbage-first heap   total reserved 2021376K, committed 78848K, used 27299K [0x0000000084a00000, 0x0000000100000000)
  region size 1024K, 5 young (5120K), 5 survivors (5120K)
 Metaspace       used 66667K, committed 67136K, reserved 1114112K
  class space    used 9452K, committed 9664K, reserved 1048576K
}
Event: 432.789 GC heap before
{Heap before GC invocations=27 (full 1):
 garbage-first heap   total reserved 2021376K, committed 78848K, used 67235K [0x0000000084a00000, 0x0000000100000000)
  region size 1024K, 44 young (45056K), 5 survivors (5120K)
 Metaspace       used 66967K, committed 67392K, reserved 1114112K
  class space    used 9475K, committed 9664K, reserved 1048576K
}
Event: 432.794 GC heap after
{Heap after GC invocations=28 (full 1):
 garbage-first heap   total reserved 2021376K, committed 78848K, used 29387K [0x0000000084a00000, 0x0000000100000000)
  region size 1024K, 3 young (3072K), 3 survivors (3072K)
 Metaspace       used 66967K, committed 67392K, reserved 1114112K
  class space    used 9475K, committed 9664K, reserved 1048576K
}
Event: 648.192 GC heap before
{Heap before GC invocations=28 (full 1):
 garbage-first heap   total reserved 2021376K, committed 78848K, used 68299K [0x0000000084a00000, 0x0000000100000000)
  region size 1024K, 41 young (41984K), 3 survivors (3072K)
 Metaspace       used 67303K, committed 67840K, reserved 1114112K
  class space    used 9538K, committed 9792K, reserved 1048576K
}
Event: 648.199 GC heap after
{Heap after GC invocations=29 (full 1):
 garbage-first heap   total reserved 2021376K, committed 78848K, used 32398K [0x0000000084a00000, 0x0000000100000000)
  region size 1024K, 6 young (6144K), 6 survivors (6144K)
 Metaspace       used 67303K, committed 67840K, reserved 1114112K
  class space    used 9538K, committed 9792K, reserved 1048576K
}
Event: 665.388 GC heap before
{Heap before GC invocations=29 (full 1):
 garbage-first heap   total reserved 2021376K, committed 78848K, used 34446K [0x0000000084a00000, 0x0000000100000000)
  region size 1024K, 9 young (9216K), 6 survivors (6144K)
 Metaspace       used 67327K, committed 67840K, reserved 1114112K
  class space    used 9540K, committed 9792K, reserved 1048576K
}
Event: 665.424 GC heap after
{Heap after GC invocations=30 (full 2):
 garbage-first heap   total reserved 2021376K, committed 78848K, used 22694K [0x0000000084a00000, 0x0000000100000000)
  region size 1024K, 0 young (0K), 0 survivors (0K)
 Metaspace       used 67134K, committed 67840K, reserved 1114112K
  class space    used 9486K, committed 9792K, reserved 1048576K
}
Event: 666.599 GC heap before
{Heap before GC invocations=30 (full 2):
 garbage-first heap   total reserved 2021376K, committed 78848K, used 67750K [0x0000000084a00000, 0x0000000100000000)
  region size 1024K, 45 young (46080K), 0 survivors (0K)
 Metaspace       used 67436K, committed 67968K, reserved 1114112K
  class space    used 9542K, committed 9792K, reserved 1048576K
}
Event: 666.603 GC heap after
{Heap after GC invocations=31 (full 2):
 garbage-first heap   total reserved 2021376K, committed 78848K, used 27442K [0x0000000084a00000, 0x0000000100000000)
  region size 1024K, 5 young (5120K), 5 survivors (5120K)
 Metaspace       used 67436K, committed 67968K, reserved 1114112K
  class space    used 9542K, committed 9792K, reserved 1048576K
}
Event: 666.874 GC heap before
{Heap before GC invocations=31 (full 2):
 garbage-first heap   total reserved 2021376K, committed 78848K, used 66354K [0x0000000084a00000, 0x0000000100000000)
  region size 1024K, 43 young (44032K), 5 survivors (5120K)
 Metaspace       used 67699K, committed 68224K, reserved 1114112K
  class space    used 9564K, committed 9792K, reserved 1048576K
}
Event: 666.879 GC heap after
{Heap after GC invocations=32 (full 2):
 garbage-first heap   total reserved 2021376K, committed 78848K, used 29517K [0x0000000084a00000, 0x0000000100000000)
  region size 1024K, 3 young (3072K), 3 survivors (3072K)
 Metaspace       used 67699K, committed 68224K, reserved 1114112K
  class space    used 9564K, committed 9792K, reserved 1048576K
}
Event: 908.059 GC heap before
{Heap before GC invocations=32 (full 2):
 garbage-first heap   total reserved 2021376K, committed 78848K, used 67405K [0x0000000084a00000, 0x0000000100000000)
  region size 1024K, 40 young (40960K), 3 survivors (3072K)
 Metaspace       used 67827K, committed 68352K, reserved 1114112K
  class space    used 9582K, committed 9792K, reserved 1048576K
}
Event: 908.073 GC heap after
{Heap after GC invocations=33 (full 2):
 garbage-first heap   total reserved 2021376K, committed 78848K, used 31931K [0x0000000084a00000, 0x0000000100000000)
  region size 1024K, 5 young (5120K), 5 survivors (5120K)
 Metaspace       used 67827K, committed 68352K, reserved 1114112K
  class space    used 9582K, committed 9792K, reserved 1048576K
}
Event: 959.871 GC heap before
{Heap before GC invocations=33 (full 2):
 garbage-first heap   total reserved 2021376K, committed 78848K, used 36027K [0x0000000084a00000, 0x0000000100000000)
  region size 1024K, 10 young (10240K), 5 survivors (5120K)
 Metaspace       used 67830K, committed 68352K, reserved 1114112K
  class space    used 9582K, committed 9792K, reserved 1048576K
}
Event: 959.908 GC heap after
{Heap after GC invocations=34 (full 3):
 garbage-first heap   total reserved 2021376K, committed 78848K, used 22179K [0x0000000084a00000, 0x0000000100000000)
  region size 1024K, 0 young (0K), 0 survivors (0K)
 Metaspace       used 67663K, committed 68352K, reserved 1114112K
  class space    used 9537K, committed 9792K, reserved 1048576K
}
Event: 960.874 GC heap before
{Heap before GC invocations=34 (full 3):
 garbage-first heap   total reserved 2021376K, committed 78848K, used 68259K [0x0000000084a00000, 0x0000000100000000)
  region size 1024K, 45 young (46080K), 0 survivors (0K)
 Metaspace       used 67962K, committed 68480K, reserved 1114112K
  class space    used 9592K, committed 9792K, reserved 1048576K
}
Event: 960.880 GC heap after
{Heap after GC invocations=35 (full 3):
 garbage-first heap   total reserved 2021376K, committed 78848K, used 27299K [0x0000000084a00000, 0x0000000100000000)
  region size 1024K, 5 young (5120K), 5 survivors (5120K)
 Metaspace       used 67962K, committed 68480K, reserved 1114112K
  class space    used 9592K, committed 9792K, reserved 1048576K
}

Dll operation events (12 events):
Event: 0.053 Loaded shared library C:\Users\Saurabh Karn\.p2\pool\plugins\org.eclipse.justj.openjdk.hotspot.jre.full.win32.x86_64_23.0.1.v20241024-1700\jre\bin\java.dll
Event: 0.143 Loaded shared library C:\Users\Saurabh Karn\.p2\pool\plugins\org.eclipse.justj.openjdk.hotspot.jre.full.win32.x86_64_23.0.1.v20241024-1700\jre\bin\zip.dll
Event: 0.368 Loaded shared library C:\Users\Saurabh Karn\.p2\pool\plugins\org.eclipse.justj.openjdk.hotspot.jre.full.win32.x86_64_23.0.1.v20241024-1700\jre\bin\instrument.dll
Event: 0.371 Loaded shared library C:\Users\Saurabh Karn\.p2\pool\plugins\org.eclipse.justj.openjdk.hotspot.jre.full.win32.x86_64_23.0.1.v20241024-1700\jre\bin\net.dll
Event: 0.372 Loaded shared library C:\Users\Saurabh Karn\.p2\pool\plugins\org.eclipse.justj.openjdk.hotspot.jre.full.win32.x86_64_23.0.1.v20241024-1700\jre\bin\nio.dll
Event: 0.374 Loaded shared library C:\Users\Saurabh Karn\.p2\pool\plugins\org.eclipse.justj.openjdk.hotspot.jre.full.win32.x86_64_23.0.1.v20241024-1700\jre\bin\zip.dll
Event: 0.478 Loaded shared library C:\Users\Saurabh Karn\.p2\pool\plugins\org.eclipse.justj.openjdk.hotspot.jre.full.win32.x86_64_23.0.1.v20241024-1700\jre\bin\jimage.dll
Event: 0.514 Loaded shared library C:\Users\Saurabh Karn\.p2\pool\plugins\org.eclipse.justj.openjdk.hotspot.jre.full.win32.x86_64_23.0.1.v20241024-1700\jre\bin\management.dll
Event: 0.523 Loaded shared library C:\Users\Saurabh Karn\.p2\pool\plugins\org.eclipse.justj.openjdk.hotspot.jre.full.win32.x86_64_23.0.1.v20241024-1700\jre\bin\management_ext.dll
Event: 0.734 Loaded shared library C:\Users\Saurabh Karn\.p2\pool\plugins\org.eclipse.justj.openjdk.hotspot.jre.full.win32.x86_64_23.0.1.v20241024-1700\jre\bin\extnet.dll
Event: 0.750 Loaded shared library C:\Users\Saurabh Karn\.p2\pool\plugins\org.eclipse.justj.openjdk.hotspot.jre.full.win32.x86_64_23.0.1.v20241024-1700\jre\bin\verify.dll
Event: 2.525 Loaded shared library C:\Users\Saurabh Karn\.p2\pool\plugins\org.eclipse.justj.openjdk.hotspot.jre.full.win32.x86_64_23.0.1.v20241024-1700\jre\bin\sunmscapi.dll

Deoptimization events (20 events):
Event: 960.966 Thread 0x0000029355dc51e0 DEOPT PACKING pc=0x0000029305864e5c sp=0x000000cb29efcae0
Event: 960.966 Thread 0x0000029355dc51e0 DEOPT UNPACKING pc=0x00000293052484c2 sp=0x000000cb29efc098 mode 1
Event: 960.966 Thread 0x0000029355dc51e0 DEOPT PACKING pc=0x00000293058616bc sp=0x000000cb29efcc50
Event: 960.966 Thread 0x0000029355dc51e0 DEOPT UNPACKING pc=0x00000293052484c2 sp=0x000000cb29efc210 mode 1
Event: 961.172 Thread 0x0000029353957fe0 DEOPT PACKING pc=0x0000029305e4e184 sp=0x000000cb2aefe450
Event: 961.172 Thread 0x0000029353957fe0 DEOPT UNPACKING pc=0x00000293052484c2 sp=0x000000cb2aefd9c8 mode 1
Event: 961.172 Thread 0x0000029353957fe0 DEOPT PACKING pc=0x0000029305e4e184 sp=0x000000cb2aefe450
Event: 961.172 Thread 0x0000029353957fe0 DEOPT UNPACKING pc=0x00000293052484c2 sp=0x000000cb2aefd9c8 mode 1
Event: 961.172 Thread 0x0000029353957fe0 DEOPT PACKING pc=0x0000029305e4e184 sp=0x000000cb2aefe450
Event: 961.172 Thread 0x0000029353957fe0 DEOPT UNPACKING pc=0x00000293052484c2 sp=0x000000cb2aefd9c8 mode 1
Event: 961.172 Thread 0x0000029353957fe0 DEOPT PACKING pc=0x0000029305e4e184 sp=0x000000cb2aefe450
Event: 961.172 Thread 0x0000029353957fe0 DEOPT UNPACKING pc=0x00000293052484c2 sp=0x000000cb2aefd9c8 mode 1
Event: 961.172 Thread 0x0000029353957fe0 DEOPT PACKING pc=0x0000029305e4e184 sp=0x000000cb2aefe450
Event: 961.172 Thread 0x0000029353957fe0 DEOPT UNPACKING pc=0x00000293052484c2 sp=0x000000cb2aefd9c8 mode 1
Event: 961.172 Thread 0x0000029353957fe0 DEOPT PACKING pc=0x0000029305e4e184 sp=0x000000cb2aefe450
Event: 961.172 Thread 0x0000029353957fe0 DEOPT UNPACKING pc=0x00000293052484c2 sp=0x000000cb2aefd9c8 mode 1
Event: 961.172 Thread 0x0000029353957fe0 DEOPT PACKING pc=0x0000029305e4e184 sp=0x000000cb2aefe450
Event: 961.172 Thread 0x0000029353957fe0 DEOPT UNPACKING pc=0x00000293052484c2 sp=0x000000cb2aefd9c8 mode 1
Event: 999.849 Thread 0x0000029355dc51e0 DEOPT PACKING pc=0x000002930557e014 sp=0x000000cb29efc770
Event: 999.849 Thread 0x0000029355dc51e0 DEOPT UNPACKING pc=0x00000293052484c2 sp=0x000000cb29efbc28 mode 0

Classes loaded (20 events):
Event: 666.850 Loading class java/lang/ObjectCustomizer
Event: 666.850 Loading class java/lang/ObjectCustomizer done
Event: 666.943 Loading class java/time/DurationEditor
Event: 666.943 Loading class java/time/DurationEditor done
Event: 666.948 Loading class java/lang/ObjectCustomizer
Event: 666.948 Loading class java/lang/ObjectCustomizer done
Event: 666.948 Loading class java/lang/ObjectCustomizer
Event: 666.948 Loading class java/lang/ObjectCustomizer done
Event: 959.951 Loading class java/lang/ObjectCustomizer
Event: 959.951 Loading class java/lang/ObjectCustomizer done
Event: 959.951 Loading class java/lang/ObjectCustomizer
Event: 959.951 Loading class java/lang/ObjectCustomizer done
Event: 960.704 Loading class java/lang/ObjectCustomizer
Event: 960.704 Loading class java/lang/ObjectCustomizer done
Event: 960.704 Loading class java/lang/ObjectCustomizer
Event: 960.704 Loading class java/lang/ObjectCustomizer done
Event: 960.713 Loading class java/lang/ObjectCustomizer
Event: 960.713 Loading class java/lang/ObjectCustomizer done
Event: 960.714 Loading class java/lang/ObjectCustomizer
Event: 960.714 Loading class java/lang/ObjectCustomizer done

Classes unloaded (20 events):
Event: 959.883 Thread 0x000002930d2b3d20 Unloading class 0x000002930f081c00 'java/lang/invoke/LambdaForm$MH+0x000002930f081c00'
Event: 959.883 Thread 0x000002930d2b3d20 Unloading class 0x000002930f131400 'java/lang/invoke/LambdaForm$MH+0x000002930f131400'
Event: 959.883 Thread 0x000002930d2b3d20 Unloading class 0x000002930f008800 'java/lang/invoke/LambdaForm$MH+0x000002930f008800'
Event: 959.883 Thread 0x000002930d2b3d20 Unloading class 0x000002930f00ac00 'java/lang/invoke/LambdaForm$MH+0x000002930f00ac00'
Event: 959.883 Thread 0x000002930d2b3d20 Unloading class 0x000002930f00b400 'java/lang/invoke/LambdaForm$MH+0x000002930f00b400'
Event: 959.883 Thread 0x000002930d2b3d20 Unloading class 0x000002930f08a800 'java/lang/invoke/LambdaForm$MH+0x000002930f08a800'
Event: 959.883 Thread 0x000002930d2b3d20 Unloading class 0x000002930f9b4800 'org/apache/catalina/loader/JdbcLeakPrevention'
Event: 959.883 Thread 0x000002930d2b3d20 Unloading class 0x000002930f08cc00 'java/lang/invoke/LambdaForm$MH+0x000002930f08cc00'
Event: 959.883 Thread 0x000002930d2b3d20 Unloading class 0x000002930f133c00 'java/lang/invoke/LambdaForm$MH+0x000002930f133c00'
Event: 959.883 Thread 0x000002930d2b3d20 Unloading class 0x000002930f368000 'java/lang/invoke/LambdaForm$MH+0x000002930f368000'
Event: 959.883 Thread 0x000002930d2b3d20 Unloading class 0x000002930f3d4000 'java/lang/invoke/LambdaForm$MH+0x000002930f3d4000'
Event: 959.883 Thread 0x000002930d2b3d20 Unloading class 0x000002930f445800 'java/lang/invoke/LambdaForm$MH+0x000002930f445800'
Event: 959.883 Thread 0x000002930d2b3d20 Unloading class 0x000002930f44cc00 'java/lang/invoke/LambdaForm$MH+0x000002930f44cc00'
Event: 959.883 Thread 0x000002930d2b3d20 Unloading class 0x000002930f44d000 'java/lang/invoke/LambdaForm$MH+0x000002930f44d000'
Event: 959.883 Thread 0x000002930d2b3d20 Unloading class 0x000002930f479000 'java/lang/invoke/LambdaForm$MH+0x000002930f479000'
Event: 959.883 Thread 0x000002930d2b3d20 Unloading class 0x000002930f4b9800 'java/lang/invoke/LambdaForm$MH+0x000002930f4b9800'
Event: 959.883 Thread 0x000002930d2b3d20 Unloading class 0x000002930f848800 'java/lang/invoke/LambdaForm$MH+0x000002930f848800'
Event: 959.883 Thread 0x000002930d2b3d20 Unloading class 0x000002930f8ac800 'java/lang/invoke/LambdaForm$MH+0x000002930f8ac800'
Event: 959.883 Thread 0x000002930d2b3d20 Unloading class 0x000002930f942400 'java/lang/invoke/LambdaForm$MH+0x000002930f942400'
Event: 959.883 Thread 0x000002930d2b3d20 Unloading class 0x000002930f084800 'java/lang/invoke/LambdaForm$MH+0x000002930f084800'

Classes redefined (3 events):
Event: 431.700 Thread 0x000002930d2b3d20 redefined class name=com.lcwd.electronic.store.serviceImpl.CartServiceImpl, count=1
Event: 664.066 Thread 0x000002930d2b3d20 redefined class name=com.lcwd.electronic.store.serviceImpl.CartServiceImpl, count=2
Event: 664.066 Thread 0x000002930d2b3d20 redefined class name=com.lcwd.electronic.store.serviceImpl.CartServiceImpl, count=1

Internal exceptions (20 events):
Event: 960.706 Thread 0x0000029355dc51e0 Exception <a 'java/lang/ClassNotFoundException'{0x0000000087a6f988}: org/springframework/aop/aspectj/annotation/AnnotationAwareAspectJAutoProxyCreatorCustomizer> (0x0000000087a6f988) 
thrown [s\src\hotspot\share\classfile\systemDictionary.cpp, line 313]
Event: 960.706 Thread 0x0000029355dc51e0 Exception <a 'java/lang/ClassNotFoundException'{0x0000000087a88978}: org/springframework/beans/factory/config/SmartInstantiationAwareBeanPostProcessorCustomizer> (0x0000000087a88978) 
thrown [s\src\hotspot\share\classfile\systemDictionary.cpp, line 313]
Event: 960.707 Thread 0x0000029355dc51e0 Exception <a 'java/lang/ClassNotFoundException'{0x0000000087a95fc0}: org/springframework/beans/factory/config/InstantiationAwareBeanPostProcessorCustomizer> (0x0000000087a95fc0) 
thrown [s\src\hotspot\share\classfile\systemDictionary.cpp, line 313]
Event: 960.707 Thread 0x0000029355dc51e0 Exception <a 'java/lang/ClassNotFoundException'{0x0000000087a9f840}: org/springframework/beans/factory/config/BeanPostProcessorCustomizer> (0x0000000087a9f840) 
thrown [s\src\hotspot\share\classfile\systemDictionary.cpp, line 313]
Event: 960.707 Thread 0x0000029355dc51e0 Exception <a 'java/lang/ClassNotFoundException'{0x0000000087aa58a0}: org/springframework/beans/factory/BeanFactoryAwareCustomizer> (0x0000000087aa58a0) 
thrown [s\src\hotspot\share\classfile\systemDictionary.cpp, line 313]
Event: 960.708 Thread 0x0000029355dc51e0 Exception <a 'java/lang/ClassNotFoundException'{0x0000000087aab7c0}: org/springframework/beans/factory/AwareCustomizer> (0x0000000087aab7c0) 
thrown [s\src\hotspot\share\classfile\systemDictionary.cpp, line 313]
Event: 960.708 Thread 0x0000029355dc51e0 Exception <a 'java/lang/ClassNotFoundException'{0x0000000087aafbc8}: org/springframework/core/OrderedCustomizer> (0x0000000087aafbc8) 
thrown [s\src\hotspot\share\classfile\systemDictionary.cpp, line 313]
Event: 960.708 Thread 0x0000029355dc51e0 Exception <a 'java/lang/ClassNotFoundException'{0x0000000087ab54c8}: org/springframework/beans/factory/BeanClassLoaderAwareCustomizer> (0x0000000087ab54c8) 
thrown [s\src\hotspot\share\classfile\systemDictionary.cpp, line 313]
Event: 960.709 Thread 0x0000029355dc51e0 Exception <a 'java/lang/ClassNotFoundException'{0x0000000087abad08}: org/springframework/beans/factory/AwareCustomizer> (0x0000000087abad08) 
thrown [s\src\hotspot\share\classfile\systemDictionary.cpp, line 313]
Event: 960.710 Thread 0x0000029355dc51e0 Exception <a 'java/lang/ClassNotFoundException'{0x0000000087abf7e0}: org/springframework/aop/framework/AopInfrastructureBeanCustomizer> (0x0000000087abf7e0) 
thrown [s\src\hotspot\share\classfile\systemDictionary.cpp, line 313]
Event: 960.710 Thread 0x0000029355dc51e0 Exception <a 'java/lang/NoSuchMethodError'{0x0000000087ac9ac8}: 'void java.lang.invoke.DelegatingMethodHandle$Holder.reinvoke_L(java.lang.Object, java.lang.Object, int)'> (0x0000000087ac9ac8) 
thrown [s\src\hotspot\share\interpreter\linkResolver.cpp, line 796]
Event: 960.714 Thread 0x0000029355dc51e0 Exception <a 'java/lang/ClassNotFoundException'{0x0000000087922f48}: java/lang/ObjectCustomizer> (0x0000000087922f48) 
thrown [s\src\hotspot\share\classfile\systemDictionary.cpp, line 313]
Event: 960.714 Thread 0x0000029355dc51e0 Exception <a 'java/lang/ClassNotFoundException'{0x000000008792c0a8}: org/springframework/transaction/annotation/AbstractTransactionManagementConfigurationCustomizer> (0x000000008792c0a8) 
thrown [s\src\hotspot\share\classfile\systemDictionary.cpp, line 313]
Event: 960.714 Thread 0x0000029355dc51e0 Exception <a 'java/lang/ClassNotFoundException'{0x0000000087933ec0}: org/springframework/transaction/annotation/ProxyTransactionManagementConfigurationCustomizer> (0x0000000087933ec0) 
thrown [s\src\hotspot\share\classfile\systemDictionary.cpp, line 313]
Event: 960.715 Thread 0x0000029355dc51e0 Exception <a 'java/lang/ClassNotFoundException'{0x000000008793cb20}: org/springframework/context/annotation/ImportAwareCustomizer> (0x000000008793cb20) 
thrown [s\src\hotspot\share\classfile\systemDictionary.cpp, line 313]
Event: 960.715 Thread 0x0000029355dc51e0 Exception <a 'java/lang/ClassNotFoundException'{0x0000000087942ba0}: org/springframework/beans/factory/AwareCustomizer> (0x0000000087942ba0) 
thrown [s\src\hotspot\share\classfile\systemDictionary.cpp, line 313]
Event: 960.750 Thread 0x0000029355dc51e0 Exception <a 'java/lang/NoSuchMethodError'{0x00000000876eaa78}: 'int java.lang.invoke.DirectMethodHandle$Holder.invokeVirtual(java.lang.Object, java.lang.Object, java.lang.Object, java.lang.Object)'> (0x00000000876eaa78) 
thrown [s\src\hotspot\share\interpreter\linkResolver.cpp, line 796]
Event: 960.750 Thread 0x0000029355dc51e0 Exception <a 'java/lang/NoSuchMethodError'{0x00000000876ee078}: 'int java.lang.invoke.DelegatingMethodHandle$Holder.reinvoke_L(java.lang.Object, java.lang.Object, java.lang.Object, java.lang.Object)'> (0x00000000876ee078) 
thrown [s\src\hotspot\share\interpreter\linkResolver.cpp, line 796]
Event: 960.765 Thread 0x0000029355dc51e0 Exception <a 'java/io/FileNotFoundException'{0x0000000087344ab0}> (0x0000000087344ab0) 
thrown [s\src\hotspot\share\prims\jni.cpp, line 520]
Event: 960.779 Thread 0x0000029355dc51e0 Exception <a 'java/io/FileNotFoundException'{0x00000000872d49c0}> (0x00000000872d49c0) 
thrown [s\src\hotspot\share\prims\jni.cpp, line 520]

VM Operations (20 events):
Event: 1058.554 Executing VM operation: ChangeBreakpoints done
Event: 1058.554 Executing VM operation: ChangeBreakpoints
Event: 1058.554 Executing VM operation: ChangeBreakpoints done
Event: 1058.555 Executing VM operation: ChangeBreakpoints
Event: 1058.555 Executing VM operation: ChangeBreakpoints done
Event: 1058.556 Executing VM operation: ChangeBreakpoints
Event: 1058.557 Executing VM operation: ChangeBreakpoints done
Event: 1058.558 Executing VM operation: ChangeBreakpoints
Event: 1058.558 Executing VM operation: ChangeBreakpoints done
Event: 1058.559 Executing VM operation: ChangeBreakpoints
Event: 1058.559 Executing VM operation: ChangeBreakpoints done
Event: 1058.561 Executing VM operation: ChangeBreakpoints
Event: 1058.561 Executing VM operation: ChangeBreakpoints done
Event: 1058.563 Executing VM operation: ChangeBreakpoints
Event: 1058.563 Executing VM operation: ChangeBreakpoints done
Event: 1058.564 Executing VM operation: ChangeBreakpoints
Event: 1058.564 Executing VM operation: ChangeBreakpoints done
Event: 1058.566 Executing VM operation: ChangeBreakpoints
Event: 1058.566 Executing VM operation: ChangeBreakpoints done
Event: 1059.481 Executing VM operation: GetObjectMonitorUsage

Memory protections (0 events):
No events

Nmethod flushes (20 events):
Event: 959.893 Thread 0x000002930d2b3d20 flushing  nmethod 0x0000029305c2d188
Event: 959.893 Thread 0x000002930d2b3d20 flushing  nmethod 0x0000029305c30188
Event: 959.893 Thread 0x000002930d2b3d20 flushing  nmethod 0x0000029305c30988
Event: 959.893 Thread 0x000002930d2b3d20 flushing  nmethod 0x0000029305c30d08
Event: 959.893 Thread 0x000002930d2b3d20 flushing  nmethod 0x0000029305c41f88
Event: 959.893 Thread 0x000002930d2b3d20 flushing  nmethod 0x0000029305c43f08
Event: 959.893 Thread 0x000002930d2b3d20 flushing  nmethod 0x0000029305c5cd88
Event: 959.893 Thread 0x000002930d2b3d20 flushing  nmethod 0x0000029305c6f388
Event: 959.893 Thread 0x000002930d2b3d20 flushing  nmethod 0x0000029305c70208
Event: 959.893 Thread 0x000002930d2b3d20 flushing  nmethod 0x0000029305c70a88
Event: 959.893 Thread 0x000002930d2b3d20 flushing  nmethod 0x0000029305c82388
Event: 959.893 Thread 0x000002930d2b3d20 flushing  nmethod 0x0000029305c82988
Event: 959.893 Thread 0x000002930d2b3d20 flushing  nmethod 0x0000029305c86588
Event: 959.893 Thread 0x000002930d2b3d20 flushing  nmethod 0x0000029305c86f88
Event: 959.893 Thread 0x000002930d2b3d20 flushing  nmethod 0x0000029305c99788
Event: 959.893 Thread 0x000002930d2b3d20 flushing  nmethod 0x0000029305c99a88
Event: 959.893 Thread 0x000002930d2b3d20 flushing  nmethod 0x0000029305c99d88
Event: 959.893 Thread 0x000002930d2b3d20 flushing  nmethod 0x0000029305ca3e88
Event: 959.893 Thread 0x000002930d2b3d20 flushing  nmethod 0x0000029305ca5f08
Event: 959.893 Thread 0x000002930d2b3d20 flushing  nmethod 0x0000029305ca6708

Events (20 events):
Event: 959.861 Thread 0x00000293553ef4f0 Thread exited: 0x00000293553ef4f0
Event: 959.861 Thread 0x00000293553efb80 Thread exited: 0x00000293553efb80
Event: 959.862 Thread 0x0000029355dc72b0 Thread added: 0x0000029355dc51e0
Event: 959.862 Thread 0x00000293553edab0 Thread exited: 0x00000293553edab0
Event: 959.870 Thread 0x0000029355dc51e0 Thread exited: 0x0000029355dc51e0
Event: 959.909 Thread 0x0000029355dc72b0 Thread added: 0x0000029355dc37a0
Event: 959.910 Thread 0x0000029355dc72b0 Thread added: 0x0000029355dc51e0
Event: 959.910 Thread 0x0000029355dc37a0 Thread exited: 0x0000029355dc37a0
Event: 959.982 Thread 0x0000029355dc51e0 Thread added: 0x0000029355dc5870
Event: 960.012 Thread 0x0000029355dc5870 Thread exited: 0x0000029355dc5870
Event: 960.780 Thread 0x0000029355dc51e0 Thread added: 0x0000029355dc3e30
Event: 960.780 Thread 0x0000029355dc51e0 Thread added: 0x0000029355dc5870
Event: 960.780 Thread 0x0000029355dc51e0 Thread added: 0x0000029355dc3110
Event: 960.827 Thread 0x000002930d2e37e0 Thread added: 0x000002935518e8a0
Event: 960.832 Thread 0x0000029355dc51e0 Thread added: 0x0000029355dc5f00
Event: 960.846 Thread 0x000002935518e8a0 Thread added: 0x000002930d735f60
Event: 960.937 Thread 0x0000029355dc5f00 Thread added: 0x0000029355dc6590
Event: 966.101 Thread 0x0000029355dc6590 Thread exited: 0x0000029355dc6590
Event: 966.178 Thread 0x000002930d735f60 Thread exited: 0x000002930d735f60
Event: 966.178 Thread 0x000002935518e8a0 Thread exited: 0x000002935518e8a0


Dynamic libraries:
0x00007ff760a50000 - 0x00007ff760a5e000 	C:\Users\Saurabh Karn\.p2\pool\plugins\org.eclipse.justj.openjdk.hotspot.jre.full.win32.x86_64_23.0.1.v20241024-1700\jre\bin\javaw.exe
0x00007ffb16760000 - 0x00007ffb169c3000 	C:\WINDOWS\SYSTEM32\ntdll.dll
0x00007ffb14b60000 - 0x00007ffb14c27000 	C:\WINDOWS\System32\KERNEL32.DLL
0x00007ffb13e30000 - 0x00007ffb141f7000 	C:\WINDOWS\System32\KERNELBASE.dll
0x00007ffb14380000 - 0x00007ffb144cc000 	C:\WINDOWS\System32\ucrtbase.dll
0x00007ffafc8e0000 - 0x00007ffafc8f7000 	C:\Users\Saurabh Karn\.p2\pool\plugins\org.eclipse.justj.openjdk.hotspot.jre.full.win32.x86_64_23.0.1.v20241024-1700\jre\bin\jli.dll
0x00007ffb14680000 - 0x00007ffb14849000 	C:\WINDOWS\System32\USER32.dll
0x00007ffb144d0000 - 0x00007ffb144f7000 	C:\WINDOWS\System32\win32u.dll
0x00007ffb14650000 - 0x00007ffb1467a000 	C:\WINDOWS\System32\GDI32.dll
0x00007ffb13d00000 - 0x00007ffb13e2b000 	C:\WINDOWS\System32\gdi32full.dll
0x00007ffafab70000 - 0x00007ffafab8e000 	C:\Users\Saurabh Karn\.p2\pool\plugins\org.eclipse.justj.openjdk.hotspot.jre.full.win32.x86_64_23.0.1.v20241024-1700\jre\bin\VCRUNTIME140.dll
0x00007ffb13b00000 - 0x00007ffb13ba3000 	C:\WINDOWS\System32\msvcp_win.dll
0x00007ffb12be0000 - 0x00007ffb12e70000 	C:\WINDOWS\WinSxS\amd64_microsoft.windows.common-controls_6595b64144ccf1df_6.0.26100.3037_none_3e09262ce333c378\COMCTL32.dll
0x00007ffb16670000 - 0x00007ffb16719000 	C:\WINDOWS\System32\msvcrt.dll
0x00007ffb14df0000 - 0x00007ffb14e1f000 	C:\WINDOWS\System32\IMM32.DLL
0x00007ffafab60000 - 0x00007ffafab6c000 	C:\Users\Saurabh Karn\.p2\pool\plugins\org.eclipse.justj.openjdk.hotspot.jre.full.win32.x86_64_23.0.1.v20241024-1700\jre\bin\vcruntime140_1.dll
0x00007ffad0a40000 - 0x00007ffad0acd000 	C:\Users\Saurabh Karn\.p2\pool\plugins\org.eclipse.justj.openjdk.hotspot.jre.full.win32.x86_64_23.0.1.v20241024-1700\jre\bin\msvcp140.dll
0x00007ffad12d0000 - 0x00007ffad209d000 	C:\Users\Saurabh Karn\.p2\pool\plugins\org.eclipse.justj.openjdk.hotspot.jre.full.win32.x86_64_23.0.1.v20241024-1700\jre\bin\server\jvm.dll
0x00007ffb15250000 - 0x00007ffb15304000 	C:\WINDOWS\System32\ADVAPI32.dll
0x00007ffb145a0000 - 0x00007ffb14646000 	C:\WINDOWS\System32\sechost.dll
0x00007ffb14950000 - 0x00007ffb14a66000 	C:\WINDOWS\System32\RPCRT4.dll
0x00007ffb165f0000 - 0x00007ffb16664000 	C:\WINDOWS\System32\WS2_32.dll
0x00007ffb139b0000 - 0x00007ffb139fe000 	C:\WINDOWS\SYSTEM32\POWRPROF.dll
0x00007ffb08490000 - 0x00007ffb084c6000 	C:\WINDOWS\SYSTEM32\WINMM.dll
0x00007ffb11c80000 - 0x00007ffb11c8b000 	C:\WINDOWS\SYSTEM32\VERSION.dll
0x00007ffb13970000 - 0x00007ffb13984000 	C:\WINDOWS\SYSTEM32\UMPDC.dll
0x00007ffb12000000 - 0x00007ffb1201a000 	C:\WINDOWS\SYSTEM32\kernel.appcore.dll
0x00007ffb13200000 - 0x00007ffb1320a000 	C:\Users\Saurabh Karn\.p2\pool\plugins\org.eclipse.justj.openjdk.hotspot.jre.full.win32.x86_64_23.0.1.v20241024-1700\jre\bin\jimage.dll
0x00007ffb132c0000 - 0x00007ffb13501000 	C:\WINDOWS\SYSTEM32\DBGHELP.DLL
0x00007ffb16260000 - 0x00007ffb165de000 	C:\WINDOWS\System32\combase.dll
0x00007ffb15c20000 - 0x00007ffb15cf6000 	C:\WINDOWS\System32\OLEAUT32.dll
0x00007ffb13180000 - 0x00007ffb131b9000 	C:\WINDOWS\SYSTEM32\dbgcore.DLL
0x00007ffb14500000 - 0x00007ffb14599000 	C:\WINDOWS\System32\bcryptPrimitives.dll
0x00007ffaff300000 - 0x00007ffaff33c000 	C:\Users\Saurabh Karn\.p2\pool\plugins\org.eclipse.justj.openjdk.hotspot.jre.full.win32.x86_64_23.0.1.v20241024-1700\jre\bin\jdwp.dll
0x00007ffaff150000 - 0x00007ffaff15f000 	C:\Users\Saurabh Karn\.p2\pool\plugins\org.eclipse.justj.openjdk.hotspot.jre.full.win32.x86_64_23.0.1.v20241024-1700\jre\bin\instrument.dll
0x00007ffafe460000 - 0x00007ffafe47e000 	C:\Users\Saurabh Karn\.p2\pool\plugins\org.eclipse.justj.openjdk.hotspot.jre.full.win32.x86_64_23.0.1.v20241024-1700\jre\bin\java.dll
0x00007ffb150b0000 - 0x00007ffb15245000 	C:\WINDOWS\System32\ole32.dll
0x00007ffb15500000 - 0x00007ffb15c04000 	C:\WINDOWS\System32\SHELL32.dll
0x00007ffb113c0000 - 0x00007ffb11bf7000 	C:\WINDOWS\SYSTEM32\windows.storage.dll
0x00007ffb14cd0000 - 0x00007ffb14db9000 	C:\WINDOWS\System32\SHCORE.dll
0x00007ffb14e80000 - 0x00007ffb14edd000 	C:\WINDOWS\System32\shlwapi.dll
0x00007ffb13a10000 - 0x00007ffb13a3e000 	C:\WINDOWS\SYSTEM32\profapi.dll
0x00007ffafc090000 - 0x00007ffafc0a7000 	C:\Users\Saurabh Karn\.p2\pool\plugins\org.eclipse.justj.openjdk.hotspot.jre.full.win32.x86_64_23.0.1.v20241024-1700\jre\bin\zip.dll
0x00007ffb0beb0000 - 0x00007ffb0bebc000 	C:\Users\Saurabh Karn\.p2\pool\plugins\org.eclipse.justj.openjdk.hotspot.jre.full.win32.x86_64_23.0.1.v20241024-1700\jre\bin\dt_socket.dll
0x00007ffb10df0000 - 0x00007ffb10e22000 	C:\WINDOWS\SYSTEM32\IPHLPAPI.DLL
0x00007ffb124c0000 - 0x00007ffb12528000 	C:\WINDOWS\system32\mswsock.dll
0x00007ffb10e30000 - 0x00007ffb10f55000 	C:\WINDOWS\SYSTEM32\DNSAPI.dll
0x00007ffb14cc0000 - 0x00007ffb14cca000 	C:\WINDOWS\System32\NSI.dll
0x00007ffb0aae0000 - 0x00007ffb0aaeb000 	C:\Windows\System32\rasadhlp.dll
0x00007ffb0c7d0000 - 0x00007ffb0c855000 	C:\WINDOWS\System32\fwpuclnt.dll
0x00007ffafe590000 - 0x00007ffafe5a0000 	C:\Users\Saurabh Karn\.p2\pool\plugins\org.eclipse.justj.openjdk.hotspot.jre.full.win32.x86_64_23.0.1.v20241024-1700\jre\bin\net.dll
0x00007ffafb7f0000 - 0x00007ffafb806000 	C:\Users\Saurabh Karn\.p2\pool\plugins\org.eclipse.justj.openjdk.hotspot.jre.full.win32.x86_64_23.0.1.v20241024-1700\jre\bin\nio.dll
0x00007ffae6ca0000 - 0x00007ffae6caa000 	C:\Users\Saurabh Karn\.p2\pool\plugins\org.eclipse.justj.openjdk.hotspot.jre.full.win32.x86_64_23.0.1.v20241024-1700\jre\bin\management.dll
0x00007ffae6a50000 - 0x00007ffae6a5b000 	C:\Users\Saurabh Karn\.p2\pool\plugins\org.eclipse.justj.openjdk.hotspot.jre.full.win32.x86_64_23.0.1.v20241024-1700\jre\bin\management_ext.dll
0x00007ffb15c10000 - 0x00007ffb15c18000 	C:\WINDOWS\System32\PSAPI.DLL
0x00007ffaf68b0000 - 0x00007ffaf68c8000 	C:\WINDOWS\system32\napinsp.dll
0x00007ffaf6890000 - 0x00007ffaf68a2000 	C:\WINDOWS\System32\winrnr.dll
0x00007ffaf6860000 - 0x00007ffaf6882000 	C:\WINDOWS\system32\nlansp_c.dll
0x00007ffaf6840000 - 0x00007ffaf6856000 	C:\WINDOWS\system32\wshbth.dll
0x00007ffb13630000 - 0x00007ffb1364c000 	C:\WINDOWS\SYSTEM32\CRYPTSP.dll
0x00007ffb12530000 - 0x00007ffb12568000 	C:\WINDOWS\system32\rsaenh.dll
0x00007ffb125a0000 - 0x00007ffb125cb000 	C:\WINDOWS\SYSTEM32\USERENV.dll
0x00007ffb13250000 - 0x00007ffb13276000 	C:\WINDOWS\SYSTEM32\bcrypt.dll
0x00007ffb12a00000 - 0x00007ffb12a0c000 	C:\WINDOWS\SYSTEM32\CRYPTBASE.dll
0x00007ffafa5f0000 - 0x00007ffafa5f9000 	C:\Users\Saurabh Karn\.p2\pool\plugins\org.eclipse.justj.openjdk.hotspot.jre.full.win32.x86_64_23.0.1.v20241024-1700\jre\bin\extnet.dll
0x00007ffafc790000 - 0x00007ffafc7a0000 	C:\Users\Saurabh Karn\.p2\pool\plugins\org.eclipse.justj.openjdk.hotspot.jre.full.win32.x86_64_23.0.1.v20241024-1700\jre\bin\verify.dll
0x00007ffafb7e0000 - 0x00007ffafb7ee000 	C:\Users\Saurabh Karn\.p2\pool\plugins\org.eclipse.justj.openjdk.hotspot.jre.full.win32.x86_64_23.0.1.v20241024-1700\jre\bin\sunmscapi.dll
0x00007ffb14200000 - 0x00007ffb14376000 	C:\WINDOWS\System32\CRYPT32.dll
0x00007ffb12ba0000 - 0x00007ffb12bd0000 	C:\WINDOWS\SYSTEM32\ncrypt.dll
0x00007ffb12b50000 - 0x00007ffb12b8f000 	C:\WINDOWS\SYSTEM32\NTASN1.dll
0x00007ffb0af40000 - 0x00007ffb0af48000 	C:\WINDOWS\system32\wshunix.dll

dbghelp: loaded successfully - version: 4.0.5 - missing functions: none
symbol engine: initialized successfully - sym options: 0x614 - pdb path: .;C:\Users\Saurabh Karn\.p2\pool\plugins\org.eclipse.justj.openjdk.hotspot.jre.full.win32.x86_64_23.0.1.v20241024-1700\jre\bin;C:\WINDOWS\SYSTEM32;C:\WINDOWS\WinSxS\amd64_microsoft.windows.common-controls_6595b64144ccf1df_6.0.26100.3037_none_3e09262ce333c378;C:\Users\Saurabh Karn\.p2\pool\plugins\org.eclipse.justj.openjdk.hotspot.jre.full.win32.x86_64_23.0.1.v20241024-1700\jre\bin\server

VM Arguments:
jvm_args: -XX:+ShowCodeDetailsInExceptionMessages -agentlib:jdwp=transport=dt_socket,suspend=y,address=localhost:58559 -Dcom.sun.management.jmxremote -Dcom.sun.management.jmxremote.port=58558 -Dcom.sun.management.jmxremote.authenticate=false -Dcom.sun.management.jmxremote.ssl=false -Djava.rmi.server.hostname=localhost -Dspring.jmx.enabled=true -Dmanagement.endpoints.jmx.exposure.include=* -Dspring.application.admin.enabled=true -XX:TieredStopAtLevel=1 -Dspring.boot.project.name=Electronic-Store -javaagent:C:\Users\Saurabh Karn\eclipse\jee-2024-092\eclipse\configuration\org.eclipse.osgi\446\0\.cp\lib\javaagent-shaded.jar -Dfile.encoding=UTF-8 -Dstdout.encoding=UTF-8 -Dstderr.encoding=UTF-8 
java_command: com.lcwd.electronic.store.ElectronicStoreApplication --spring.output.ansi.enabled=always
java_class_path (initial): D:\SpringBoot\Electronic-Store\target\classes;C:\Users\Saurabh Karn\.m2\repository\org\springframework\boot\spring-boot-starter-data-jpa\2.7.18\spring-boot-starter-data-jpa-2.7.18.jar;C:\Users\Saurabh Karn\.m2\repository\org\springframework\boot\spring-boot-starter-aop\2.7.18\spring-boot-starter-aop-2.7.18.jar;C:\Users\Saurabh Karn\.m2\repository\org\springframework\spring-aop\5.3.31\spring-aop-5.3.31.jar;C:\Users\Saurabh Karn\.m2\repository\org\aspectj\aspectjweaver\1.9.7\aspectjweaver-1.9.7.jar;C:\Users\Saurabh Karn\.m2\repository\org\springframework\boot\spring-boot-starter-jdbc\2.7.18\spring-boot-starter-jdbc-2.7.18.jar;C:\Users\Saurabh Karn\.m2\repository\com\zaxxer\HikariCP\4.0.3\HikariCP-4.0.3.jar;C:\Users\Saurabh Karn\.m2\repository\org\springframework\spring-jdbc\5.3.31\spring-jdbc-5.3.31.jar;C:\Users\Saurabh Karn\.m2\repository\jakarta\transaction\jakarta.transaction-api\1.3.3\jakarta.transaction-api-1.3.3.jar;C:\Users\Saurabh Karn\.m2\repository\jakarta\persistence\jakarta.persistence-api\2.2.3\jakarta.persistence-api-2.2.3.jar;C:\Users\Saurabh Karn\.m2\repository\org\hibernate\hibernate-core\5.6.15.Final\hibernate-core-5.6.15.Final.jar;C:\Users\Saurabh Karn\.m2\repository\org\jboss\logging\jboss-logging\3.4.3.Final\jboss-logging-3.4.3.Final.jar;C:\Users\Saurabh Karn\.m2\repository\net\bytebuddy\byte-buddy\1.12.23\byte-buddy-1.12.23.jar;C:\Users\Saurabh Karn\.m2\repository\antlr\antlr\2.7.7\antlr-2.7.7.jar;C:\Users\Saurabh Karn\.m2\repository\org\jboss\jandex\2.4.2.Final\jandex-2.4.2.Final.jar;C:\Users\Saurabh Karn\.m2\repository\com\fasterxml\classmate\1.5.1\classmate-1.5.1.jar;C:\Users\Saurabh Karn\.m2\repository\org\hibernate\common\hibernate-commons-annotations\5.1.2.Final\hibernate-commons-annotations-5.1.2.Final.jar;C:\Users\Saurabh Karn\.m2\repository\org\glassfish\jaxb\jaxb-runtime\2.3.9\jaxb-runtime-2.3.9.jar;C:\Users\Saurabh Karn\.m2\repository\org\glassfish\jaxb\txw2\2.3.9\txw2-2.3.9.jar;C:\Users\Saurabh Karn\.m2\repository\com\sun\istack\istack-commons-runtime\3.0.12\istack-commons-runtime-3.0.12.jar;C:\Users\Saurabh Karn\.m2\repository\com\sun\activation\jakarta.activation\1.2.2\jakarta.activation-1.2.2.jar;C:\Users\Saurabh Karn\.m2\repository\org\springframework\data\spring-data-jpa\2.7.18\spring-data-jpa-2.7.18.jar;C:\Users\Saurabh Karn\.m2\repository\org\springframework\data\spring-data-commons\2.7.18\spring-data-commons-2.7.18.jar;C:\Users\Saurabh Karn\.m2\repository\org\springframework\spring-orm\5.3.31\spring-orm-5.3.31.jar;C:\Users\Saurabh Karn\.m2\repository\org\springframework\spring-context\5.3.31\spring-context-5.3.31.jar;C:\Users\Saurabh Karn\.m2\repository\org\springframework\spring-tx\5.3.31\spring-tx-5.3.31.jar;C:\Users\Saurabh Karn\.m2\repository\org\springframework\spring-beans\5.3.31\spring-beans-5.3.31.jar;C:\Users\Saurabh Karn\.m2\repository\org\slf4j\slf4j-api\1.7.36\slf4j-api-1.7.36.jar;C:\Users\Saurabh Karn\.m2\repository\org\springframework\spring-aspects\5.3.31\spring-aspects-5.3.31.jar;C:\Users\Saurabh Karn\.m2\repository\org\springframework\boot\spring-boot-starter-web\2.7.18\spring-boot-starter-web-2.7.18.jar;C:\Users\Saurabh Karn\.m2\repository\org\springframework\boot\spring-boot-starter\2.7.18\spring-boot-starter-2.7.18.jar;C:\Users\Saurabh Karn\.m2\repository\org\springframework\boot\spring-boot-starter-logging\2.7.18\spring-boot-starter-logging-2.7.18.jar;C:\Users\Saurabh Karn\.m2\repository\ch\qos\logback\logback-classic\1.2.12\logback-classic-1.2.12.jar;C:\Users\Saurabh Karn\.m2\repository\ch\qos\logback\logback-core\1.2.12\logback-core-1.2.12.jar;C:\Users\Saurabh Karn\.m2\repository\org\apache\logging\log4j\log4j-to-slf4j\2.17.2\log4j-to-slf4j-2.17.2.jar;C:\Users\Saurabh Karn\.m2\repository\org\apache\logging\log4j\log4j-api\2.17.2\log4j-api-2.17.2.jar;C:\Users\Saurabh Karn\.m2\repository\org\slf4j\jul-to-slf4j\1.7.36\jul-to-slf4j-1.7.36.jar;C:\Users\Saurabh Karn\.m2\repository\jakarta\annotation\jakarta.annotation-api\1.3.5\jakarta.annotation-api-1.3.5.jar;C:\Users\Saurabh Karn\.m2\repository\org\yaml\snakeyaml\1.30\snakeyaml-1.30.jar;C:\Users\Saurabh Karn\.m2\repository\org\springframework\boot\spring-boot-starter-json\2.7.18\spring-boot-starter-json-2.7.18.jar;C:\Users\Saurabh Karn\.m2\repository\com\fasterxml\jackson\core\jackson-databind\2.13.5\jackson-databind-2.13.5.jar;C:\Users\Saurabh Karn\.m2\repository\com\fasterxml\jackson\core\jackson-annotations\2.13.5\jackson-annotations-2.13.5.jar;C:\Users\Saurabh Karn\.m2\repository\com\fasterxml\jackson\core\jackson-core\2.13.5\jackson-core-2.13.5.jar;C:\Users\Saurabh Karn\.m2\repository\com\fasterxml\jackson\datatype\jackson-datatype-jdk8\2.13.5\jackson-datatype-jdk8-2.13.5.jar;C:\Users\Saurabh Karn\.m2\repository\com\fasterxml\jackson\datatype\jackson-datatype-jsr310\2.13.5\jackson-datatype-jsr310-2.13.5.jar;C:\Users\Saurabh Karn\.m2\repository\com\fasterxml\jackson\module\jackson-module-parameter-names\2.13.5\jackson-module-parameter-names-2.13.5.jar;C:\Users\Saurabh Karn\.m2\repository\org\springframework\boot\spring-boot-starter-tomcat\2.7.18\spring-boot-starter-tomcat-2.7.18.jar;C:\Users\Saurabh Karn\.m2\repository\org\apache\tomcat\embed\tomcat-embed-core\9.0.83\tomcat-embed-core-9.0.83.jar;C:\Users\Saurabh Karn\.m2\repository\org\apache\tomcat\embed\tomcat-embed-websocket\9.0.83\tomcat-embed-websocket-9.0.83.jar;C:\Users\Saurabh Karn\.m2\repository\org\springframework\spring-web\5.3.31\spring-web-5.3.31.jar;C:\Users\Saurabh Karn\.m2\repository\org\springframework\spring-webmvc\5.3.31\spring-webmvc-5.3.31.jar;C:\Users\Saurabh Karn\.m2\repository\org\springframework\spring-expression\5.3.31\spring-expression-5.3.31.jar;C:\Users\Saurabh Karn\.m2\repository\org\springframework\boot\spring-boot-devtools\2.7.18\spring-boot-devtools-2.7.18.jar;C:\Users\Saurabh Karn\.m2\repository\org\springframework\boot\spring-boot\2.7.18\spring-boot-2.7.18.jar;C:\Users\Saurabh Karn\.m2\repository\org\springframework\boot\spring-boot-autoconfigure\2.7.18\spring-boot-autoconfigure-2.7.18.jar;C:\Users\Saurabh Karn\.m2\repository\com\mysql\mysql-connector-j\8.0.33\mysql-connector-j-8.0.33.jar;C:\Users\Saurabh Karn\.m2\repository\jakarta\xml\bind\jakarta.xml.bind-api\2.3.3\jakarta.xml.bind-api-2.3.3.jar;C:\Users\Saurabh Karn\.m2\repository\jakarta\activation\jakarta.activation-api\1.2.2\jakarta.activation-api-1.2.2.jar;C:\Users\Saurabh Karn\.m2\repository\org\springframework\spring-core\5.3.31\spring-core-5.3.31.jar;C:\Users\Saurabh Karn\.m2\repository\org\springframework\spring-jcl\5.3.31\spring-jcl-5.3.31.jar;C:\Users\Saurabh Karn\.m2\repository\org\projectlombok\lombok\1.18.30\lombok-1.18.30.jar;C:\Users\Saurabh Karn\.m2\repository\org\modelmapper\modelmapper\3.0.0\modelmapper-3.0.0.jar;C:\Users\Saurabh Karn\.m2\repository\org\springframework\boot\spring-boot-starter-validation\2.7.18\spring-boot-starter-validation-2.7.18.jar;C:\Users\Saurabh Karn\.m2\repository\org\apache\tomcat\embed\tomcat-embed-el\9.0.83\tomcat-embed-el-9.0.83.jar;C:\Users\Saurabh Karn\.m2\repository\org\hibernate\validator\hibernate-validator\6.2.5.Final\hibernate-validator-6.2.5.Final.jar;C:\Users\Saurabh Karn\.m2\repository\jakarta\validation\jakarta.validation-api\2.0.2\jakarta.validation-api-2.0.2.jar
Launcher Type: SUN_STANDARD

[Global flags]
     intx CICompilerCount                          = 3                                         {product} {ergonomic}
     uint ConcGCThreads                            = 1                                         {product} {ergonomic}
     uint G1ConcRefinementThreads                  = 4                                         {product} {ergonomic}
   size_t G1HeapRegionSize                         = 1048576                                   {product} {ergonomic}
   size_t InitialHeapSize                          = 130023424                                 {product} {ergonomic}
     bool ManagementServer                         = true                                      {product} {command line}
   size_t MarkStackSize                            = 4194304                                   {product} {ergonomic}
   size_t MarkStackSizeMax                         = 536870912                                 {product} {ergonomic}
   size_t MaxHeapSize                              = 2069889024                                {product} {ergonomic}
   size_t MaxNewSize                               = 1241513984                                {product} {ergonomic}
   size_t MinHeapDeltaBytes                        = 1048576                                   {product} {ergonomic}
   size_t MinHeapSize                              = 8388608                                   {product} {ergonomic}
    uintx NonNMethodCodeHeapSize                   = 4096                                   {pd product} {ergonomic}
    uintx NonProfiledCodeHeapSize                  = 0                                      {pd product} {ergonomic}
     bool ProfileInterpreter                       = false                                  {pd product} {command line}
    uintx ProfiledCodeHeapSize                     = 0                                      {pd product} {ergonomic}
     bool ShowCodeDetailsInExceptionMessages       = true                                   {manageable} {command line}
   size_t SoftMaxHeapSize                          = 2069889024                             {manageable} {ergonomic}
     intx TieredStopAtLevel                        = 1                                         {product} {command line}
     bool UseCompressedOops                        = true                           {product lp64_product} {ergonomic}
     bool UseG1GC                                  = true                                      {product} {ergonomic}
     bool UseLargePagesIndividualAllocation        = false                                  {pd product} {ergonomic}

Logging:
Log output configuration:
 #0: stdout all=warning uptime,level,tags foldmultilines=false
 #1: stderr all=off uptime,level,tags foldmultilines=false

Environment Variables:
PATH=C:\Users\Saurabh Karn\.p2\pool\plugins\org.eclipse.justj.openjdk.hotspot.jre.full.win32.x86_64_23.0.1.v20241024-1700\jre\bin;C:/Users/Saurabh Karn/.p2/pool/plugins/org.eclipse.justj.openjdk.hotspot.jre.full.win32.x86_64_23.0.1.v20241024-1700/jre/bin/server;C:/Users/Saurabh Karn/.p2/pool/plugins/org.eclipse.justj.openjdk.hotspot.jre.full.win32.x86_64_23.0.1.v20241024-1700/jre/bin;C:\Program Files\Common Files\Oracle\Java\javapath;C:\Program Files (x86)\Common Files\Oracle\Java\java8path;C:\Program Files (x86)\Common Files\Oracle\Java\javapath;C:\Program Files\apache-maven-3.6.3\apache-maven-3.6.3\bin\C:\Program Files\Java\jdk1.8.0_202\bin;C:\Users\Saurabh Karn\AppData\Roaming\Microsoft\Windows\Start Menu\Programs\Python 3.10;;C:\WINDOWS\system32;C:\WINDOWS;C:\WINDOWS\System32\Wbem;C:\WINDOWS\System32\WindowsPowerShell\v1.0\;C:\WINDOWS\System32\OpenSSH\;C:\Users\Saurabh Karn\AppData\Local\Programs\Python\Python310\Scripts\;C:\Users\Saurabh Karn\AppData\Local\Programs\Python\Python310\;C:\Users\Saurabh Karn\AppData\Local\Programs\Python\Python39\Scripts\;C:\Users\Saurabh Karn\AppData\Local\Programs\Python\Python39\;C:\Users\Saurabh Karn\AppData\Local\Microsoft\WindowsApps;C:\Users\Saurabh Karn\AppData\Local\Programs\Microsoft VS Code\bin;C:\Users\Saurabh Karn\AppData\Local\Programs\Git\cmd;C:\Users\Saurabh Karn\AppData\Roaming\npm;;C:\Users\Saurabh Karn\Desktop;
USERNAME=Saurabh Karn
OS=Windows_NT
PROCESSOR_IDENTIFIER=Intel64 Family 6 Model 140 Stepping 1, GenuineIntel
TMP=C:\Users\SAURAB~1\AppData\Local\Temp
TEMP=C:\Users\SAURAB~1\AppData\Local\Temp




Periodic native trim disabled

---------------  S Y S T E M  ---------------

OS:
 Windows 11 , 64 bit Build 26100 (10.0.26100.3037)
OS uptime: 1 days 0:57 hours

CPU: total 4 (initial active 4) (2 cores per cpu, 2 threads per core) family 6 model 140 stepping 1 microcode 0x86, cx8, cmov, fxsr, ht, mmx, 3dnowpref, sse, sse2, sse3, ssse3, sse4.1, sse4.2, popcnt, lzcnt, tsc, tscinvbit, avx, avx2, aes, erms, clmul, bmi1, bmi2, adx, avx512f, avx512dq, avx512cd, avx512bw, avx512vl, sha, fma, vzeroupper, avx512_vpopcntdq, avx512_vpclmulqdq, avx512_vaes, avx512_vnni, clflush, clflushopt, clwb, avx512_vbmi2, avx512_vbmi, rdtscp, rdpid, fsrm, gfni, avx512_bitalg, f16c, pku, cet_ibt, cet_ss, avx512_ifma
Processor Information for processor 0
  Max Mhz: 2995, Current Mhz: 2995, Mhz Limit: 2995
Processor Information for processor 1
  Max Mhz: 2995, Current Mhz: 1198, Mhz Limit: 2995
Processor Information for processor 2
  Max Mhz: 2995, Current Mhz: 2995, Mhz Limit: 2995
Processor Information for processor 3
  Max Mhz: 2995, Current Mhz: 1198, Mhz Limit: 2995

Memory: 4k page, system-wide physical 7894M (1207M free)
TotalPageFile size 17622M (AvailPageFile size 6197M)
current process WorkingSet (physical memory assigned to process): 248M, peak: 257M
current process commit charge ("private bytes"): 279M, peak: 287M

vm_info: OpenJDK 64-Bit Server VM (23.0.1+11) for windows-amd64 JRE (23.0.1+11), built on 2024-10-15T00:00:00Z with MS VC++ 17.7 (VS2022)

END.
